{"total": {"lines":{"total":16983,"covered":8575,"skipped":0,"pct":50.49},"statements":{"total":18725,"covered":9585,"skipped":0,"pct":51.18},"functions":{"total":4979,"covered":1790,"skipped":0,"pct":35.95},"branches":{"total":5127,"covered":2012,"skipped":0,"pct":39.24},"branchesTrue":{"total":0,"covered":0,"skipped":0,"pct":100}}
,"/Users/litefarmresearchassistant/Workspace/LiteFarm/packages/webapp/src/App.jsx": {"lines":{"total":5,"covered":4,"skipped":0,"pct":80},"functions":{"total":4,"covered":3,"skipped":0,"pct":75},"statements":{"total":8,"covered":7,"skipped":0,"pct":87.5},"branches":{"total":0,"covered":0,"skipped":0,"pct":100}}
,"/Users/litefarmresearchassistant/Workspace/LiteFarm/packages/webapp/src/Routes.jsx": {"lines":{"total":213,"covered":149,"skipped":0,"pct":69.95},"functions":{"total":144,"covered":2,"skipped":0,"pct":1.38},"statements":{"total":445,"covered":291,"skipped":0,"pct":65.39},"branches":{"total":32,"covered":3,"skipped":0,"pct":9.37}}
,"/Users/litefarmresearchassistant/Workspace/LiteFarm/packages/webapp/src/apiConfig.js": {"lines":{"total":54,"covered":47,"skipped":0,"pct":87.03},"functions":{"total":0,"covered":0,"skipped":0,"pct":100},"statements":{"total":54,"covered":47,"skipped":0,"pct":87.03},"branches":{"total":15,"covered":4,"skipped":0,"pct":26.66}}
,"/Users/litefarmresearchassistant/Workspace/LiteFarm/packages/webapp/src/history.js": {"lines":{"total":1,"covered":1,"skipped":0,"pct":100},"functions":{"total":0,"covered":0,"skipped":0,"pct":100},"statements":{"total":1,"covered":1,"skipped":0,"pct":100},"branches":{"total":0,"covered":0,"skipped":0,"pct":100}}
,"/Users/litefarmresearchassistant/Workspace/LiteFarm/packages/webapp/src/main.jsx": {"lines":{"total":53,"covered":52,"skipped":0,"pct":98.11},"functions":{"total":0,"covered":0,"skipped":0,"pct":100},"statements":{"total":53,"covered":52,"skipped":0,"pct":98.11},"branches":{"total":2,"covered":1,"skipped":0,"pct":50}}
,"/Users/litefarmresearchassistant/Workspace/LiteFarm/packages/webapp/src/components/Card/index.jsx": {"lines":{"total":3,"covered":3,"skipped":0,"pct":100},"functions":{"total":1,"covered":1,"skipped":0,"pct":100},"statements":{"total":4,"covered":4,"skipped":0,"pct":100},"branches":{"total":2,"covered":0,"skipped":0,"pct":0}}
,"/Users/litefarmresearchassistant/Workspace/LiteFarm/packages/webapp/src/components/Card/NewReleaseCard/NewReleaseCard.jsx": {"lines":{"total":3,"covered":3,"skipped":0,"pct":100},"functions":{"total":2,"covered":2,"skipped":0,"pct":100},"statements":{"total":5,"covered":5,"skipped":0,"pct":100},"branches":{"total":0,"covered":0,"skipped":0,"pct":100}}
,"/Users/litefarmresearchassistant/Workspace/LiteFarm/packages/webapp/src/components/CreateUserAccount/index.jsx": {"lines":{"total":32,"covered":29,"skipped":0,"pct":90.62},"functions":{"total":9,"covered":7,"skipped":0,"pct":77.77},"statements":{"total":36,"covered":33,"skipped":0,"pct":91.66},"branches":{"total":14,"covered":4,"skipped":0,"pct":28.57}}
,"/Users/litefarmresearchassistant/Workspace/LiteFarm/packages/webapp/src/components/CustomSignUp/index.jsx": {"lines":{"total":9,"covered":9,"skipped":0,"pct":100},"functions":{"total":3,"covered":2,"skipped":0,"pct":66.66},"statements":{"total":10,"covered":10,"skipped":0,"pct":100},"branches":{"total":5,"covered":2,"skipped":0,"pct":40}}
,"/Users/litefarmresearchassistant/Workspace/LiteFarm/packages/webapp/src/components/Footer/index.jsx": {"lines":{"total":3,"covered":3,"skipped":0,"pct":100},"functions":{"total":1,"covered":1,"skipped":0,"pct":100},"statements":{"total":4,"covered":4,"skipped":0,"pct":100},"branches":{"total":4,"covered":2,"skipped":0,"pct":50}}
,"/Users/litefarmresearchassistant/Workspace/LiteFarm/packages/webapp/src/components/Form/index.jsx": {"lines":{"total":3,"covered":3,"skipped":0,"pct":100},"functions":{"total":1,"covered":1,"skipped":0,"pct":100},"statements":{"total":4,"covered":4,"skipped":0,"pct":100},"branches":{"total":1,"covered":1,"skipped":0,"pct":100}}
,"/Users/litefarmresearchassistant/Workspace/LiteFarm/packages/webapp/src/components/Form/Errors/PasswordError/index.jsx": {"lines":{"total":8,"covered":8,"skipped":0,"pct":100},"functions":{"total":3,"covered":3,"skipped":0,"pct":100},"statements":{"total":10,"covered":10,"skipped":0,"pct":100},"branches":{"total":10,"covered":3,"skipped":0,"pct":30}}
,"/Users/litefarmresearchassistant/Workspace/LiteFarm/packages/webapp/src/components/Form/Input/index.jsx": {"lines":{"total":50,"covered":28,"skipped":0,"pct":56},"functions":{"total":13,"covered":5,"skipped":0,"pct":38.46},"statements":{"total":58,"covered":31,"skipped":0,"pct":53.44},"branches":{"total":94,"covered":44,"skipped":0,"pct":46.8}}
,"/Users/litefarmresearchassistant/Workspace/LiteFarm/packages/webapp/src/components/Form/ReactSelect/index.jsx": {"lines":{"total":30,"covered":15,"skipped":0,"pct":50},"functions":{"total":25,"covered":9,"skipped":0,"pct":36},"statements":{"total":34,"covered":19,"skipped":0,"pct":55.88},"branches":{"total":34,"covered":18,"skipped":0,"pct":52.94}}
,"/Users/litefarmresearchassistant/Workspace/LiteFarm/packages/webapp/src/components/Form/utils/index.jsx": {"lines":{"total":9,"covered":9,"skipped":0,"pct":100},"functions":{"total":2,"covered":2,"skipped":0,"pct":100},"statements":{"total":12,"covered":10,"skipped":0,"pct":83.33},"branches":{"total":5,"covered":3,"skipped":0,"pct":60}}
,"/Users/litefarmresearchassistant/Workspace/LiteFarm/packages/webapp/src/components/GlobalScss/index.jsx": {"lines":{"total":3,"covered":3,"skipped":0,"pct":100},"functions":{"total":2,"covered":2,"skipped":0,"pct":100},"statements":{"total":3,"covered":3,"skipped":0,"pct":100},"branches":{"total":1,"covered":1,"skipped":0,"pct":100}}
,"/Users/litefarmresearchassistant/Workspace/LiteFarm/packages/webapp/src/components/Icons/cross/index.jsx": {"lines":{"total":3,"covered":2,"skipped":0,"pct":66.66},"functions":{"total":1,"covered":0,"skipped":0,"pct":0},"statements":{"total":4,"covered":3,"skipped":0,"pct":75},"branches":{"total":0,"covered":0,"skipped":0,"pct":100}}
,"/Users/litefarmresearchassistant/Workspace/LiteFarm/packages/webapp/src/components/Layout/index.jsx": {"lines":{"total":3,"covered":3,"skipped":0,"pct":100},"functions":{"total":1,"covered":1,"skipped":0,"pct":100},"statements":{"total":4,"covered":4,"skipped":0,"pct":100},"branches":{"total":7,"covered":3,"skipped":0,"pct":42.85}}
,"/Users/litefarmresearchassistant/Workspace/LiteFarm/packages/webapp/src/components/Loading/Loading.jsx": {"lines":{"total":2,"covered":2,"skipped":0,"pct":100},"functions":{"total":1,"covered":1,"skipped":0,"pct":100},"statements":{"total":2,"covered":2,"skipped":0,"pct":100},"branches":{"total":2,"covered":2,"skipped":0,"pct":100}}
,"/Users/litefarmresearchassistant/Workspace/LiteFarm/packages/webapp/src/components/Map/PreviewPopup/utils.js": {"lines":{"total":13,"covered":6,"skipped":0,"pct":46.15},"functions":{"total":4,"covered":0,"skipped":0,"pct":0},"statements":{"total":15,"covered":6,"skipped":0,"pct":40},"branches":{"total":2,"covered":0,"skipped":0,"pct":0}}
,"/Users/litefarmresearchassistant/Workspace/LiteFarm/packages/webapp/src/components/Map/ProgressBar/index.jsx": {"lines":{"total":18,"covered":2,"skipped":0,"pct":11.11},"functions":{"total":7,"covered":0,"skipped":0,"pct":0},"statements":{"total":20,"covered":3,"skipped":0,"pct":15},"branches":{"total":3,"covered":0,"skipped":0,"pct":0}}
,"/Users/litefarmresearchassistant/Workspace/LiteFarm/packages/webapp/src/components/Navigation/Floater/Floater.jsx": {"lines":{"total":5,"covered":2,"skipped":0,"pct":40},"functions":{"total":3,"covered":0,"skipped":0,"pct":0},"statements":{"total":7,"covered":3,"skipped":0,"pct":42.85},"branches":{"total":1,"covered":0,"skipped":0,"pct":0}}
,"/Users/litefarmresearchassistant/Workspace/LiteFarm/packages/webapp/src/components/Navigation/Floater/MyFarmFloater.jsx": {"lines":{"total":9,"covered":2,"skipped":0,"pct":22.22},"functions":{"total":4,"covered":0,"skipped":0,"pct":0},"statements":{"total":12,"covered":4,"skipped":0,"pct":33.33},"branches":{"total":2,"covered":0,"skipped":0,"pct":0}}
,"/Users/litefarmresearchassistant/Workspace/LiteFarm/packages/webapp/src/components/Navigation/Floater/ProfileFloater.jsx": {"lines":{"total":8,"covered":4,"skipped":0,"pct":50},"functions":{"total":3,"covered":0,"skipped":0,"pct":0},"statements":{"total":9,"covered":5,"skipped":0,"pct":55.55},"branches":{"total":0,"covered":0,"skipped":0,"pct":100}}
,"/Users/litefarmresearchassistant/Workspace/LiteFarm/packages/webapp/src/components/Navigation/NavBar/Alert.jsx": {"lines":{"total":5,"covered":2,"skipped":0,"pct":40},"functions":{"total":1,"covered":0,"skipped":0,"pct":0},"statements":{"total":6,"covered":2,"skipped":0,"pct":33.33},"branches":{"total":4,"covered":0,"skipped":0,"pct":0}}
,"/Users/litefarmresearchassistant/Workspace/LiteFarm/packages/webapp/src/components/Navigation/NavBar/NavbarSpotlightProvider.jsx": {"lines":{"total":6,"covered":2,"skipped":0,"pct":33.33},"functions":{"total":4,"covered":0,"skipped":0,"pct":0},"statements":{"total":10,"covered":4,"skipped":0,"pct":40},"branches":{"total":0,"covered":0,"skipped":0,"pct":100}}
,"/Users/litefarmresearchassistant/Workspace/LiteFarm/packages/webapp/src/components/Navigation/NavBar/index.jsx": {"lines":{"total":81,"covered":4,"skipped":0,"pct":4.93},"functions":{"total":29,"covered":0,"skipped":0,"pct":0},"statements":{"total":93,"covered":7,"skipped":0,"pct":7.52},"branches":{"total":18,"covered":0,"skipped":0,"pct":0}}
,"/Users/litefarmresearchassistant/Workspace/LiteFarm/packages/webapp/src/components/Navigation/NavBar/ListOption/index.jsx": {"lines":{"total":10,"covered":1,"skipped":0,"pct":10},"functions":{"total":1,"covered":0,"skipped":0,"pct":0},"statements":{"total":10,"covered":1,"skipped":0,"pct":10},"branches":{"total":7,"covered":0,"skipped":0,"pct":0}}
,"/Users/litefarmresearchassistant/Workspace/LiteFarm/packages/webapp/src/components/Navigation/NavBar/slideMenu/index.jsx": {"lines":{"total":16,"covered":3,"skipped":0,"pct":18.75},"functions":{"total":10,"covered":0,"skipped":0,"pct":0},"statements":{"total":20,"covered":4,"skipped":0,"pct":20},"branches":{"total":8,"covered":0,"skipped":0,"pct":0}}
,"/Users/litefarmresearchassistant/Workspace/LiteFarm/packages/webapp/src/components/Navigation/NoFarmNavBar/index.jsx": {"lines":{"total":3,"covered":2,"skipped":0,"pct":66.66},"functions":{"total":2,"covered":1,"skipped":0,"pct":50},"statements":{"total":3,"covered":2,"skipped":0,"pct":66.66},"branches":{"total":0,"covered":0,"skipped":0,"pct":100}}
,"/Users/litefarmresearchassistant/Workspace/LiteFarm/packages/webapp/src/components/PureSnackbar/index.jsx": {"lines":{"total":12,"covered":5,"skipped":0,"pct":41.66},"functions":{"total":5,"covered":0,"skipped":0,"pct":0},"statements":{"total":16,"covered":6,"skipped":0,"pct":37.5},"branches":{"total":7,"covered":0,"skipped":0,"pct":0}}
,"/Users/litefarmresearchassistant/Workspace/LiteFarm/packages/webapp/src/components/Signup/utils.js": {"lines":{"total":8,"covered":8,"skipped":0,"pct":100},"functions":{"total":2,"covered":1,"skipped":0,"pct":50},"statements":{"total":9,"covered":8,"skipped":0,"pct":88.88},"branches":{"total":6,"covered":2,"skipped":0,"pct":33.33}}
,"/Users/litefarmresearchassistant/Workspace/LiteFarm/packages/webapp/src/components/Signup/EnterPasswordPage/index.jsx": {"lines":{"total":23,"covered":19,"skipped":0,"pct":82.6},"functions":{"total":6,"covered":3,"skipped":0,"pct":50},"statements":{"total":25,"covered":21,"skipped":0,"pct":84},"branches":{"total":8,"covered":5,"skipped":0,"pct":62.5}}
,"/Users/litefarmresearchassistant/Workspace/LiteFarm/packages/webapp/src/components/Spinner/index.jsx": {"lines":{"total":2,"covered":2,"skipped":0,"pct":100},"functions":{"total":1,"covered":1,"skipped":0,"pct":100},"statements":{"total":2,"covered":2,"skipped":0,"pct":100},"branches":{"total":0,"covered":0,"skipped":0,"pct":100}}
,"/Users/litefarmresearchassistant/Workspace/LiteFarm/packages/webapp/src/containers/appSettingSlice.js": {"lines":{"total":6,"covered":5,"skipped":0,"pct":83.33},"functions":{"total":3,"covered":1,"skipped":0,"pct":33.33},"statements":{"total":8,"covered":6,"skipped":0,"pct":75},"branches":{"total":0,"covered":0,"skipped":0,"pct":100}}
,"/Users/litefarmresearchassistant/Workspace/LiteFarm/packages/webapp/src/containers/barnSlice.js": {"lines":{"total":29,"covered":15,"skipped":0,"pct":51.72},"functions":{"total":14,"covered":0,"skipped":0,"pct":0},"statements":{"total":33,"covered":15,"skipped":0,"pct":45.45},"branches":{"total":2,"covered":0,"skipped":0,"pct":0}}
,"/Users/litefarmresearchassistant/Workspace/LiteFarm/packages/webapp/src/containers/bedMethodSlice.js": {"lines":{"total":25,"covered":10,"skipped":0,"pct":40},"functions":{"total":9,"covered":0,"skipped":0,"pct":0},"statements":{"total":26,"covered":10,"skipped":0,"pct":38.46},"branches":{"total":0,"covered":0,"skipped":0,"pct":100}}
,"/Users/litefarmresearchassistant/Workspace/LiteFarm/packages/webapp/src/containers/broadcastMethodSlice.js": {"lines":{"total":26,"covered":10,"skipped":0,"pct":38.46},"functions":{"total":9,"covered":0,"skipped":0,"pct":0},"statements":{"total":26,"covered":10,"skipped":0,"pct":38.46},"branches":{"total":0,"covered":0,"skipped":0,"pct":100}}
,"/Users/litefarmresearchassistant/Workspace/LiteFarm/packages/webapp/src/containers/bufferZoneSlice.js": {"lines":{"total":31,"covered":15,"skipped":0,"pct":48.38},"functions":{"total":14,"covered":0,"skipped":0,"pct":0},"statements":{"total":33,"covered":15,"skipped":0,"pct":45.45},"branches":{"total":2,"covered":0,"skipped":0,"pct":0}}
,"/Users/litefarmresearchassistant/Workspace/LiteFarm/packages/webapp/src/containers/bulkSensorReadingsSlice.js": {"lines":{"total":18,"covered":4,"skipped":0,"pct":22.22},"functions":{"total":5,"covered":0,"skipped":0,"pct":0},"statements":{"total":18,"covered":4,"skipped":0,"pct":22.22},"branches":{"total":3,"covered":0,"skipped":0,"pct":0}}
,"/Users/litefarmresearchassistant/Workspace/LiteFarm/packages/webapp/src/containers/bulkSensorUploadSlice.js": {"lines":{"total":28,"covered":4,"skipped":0,"pct":14.28},"functions":{"total":8,"covered":0,"skipped":0,"pct":0},"statements":{"total":28,"covered":4,"skipped":0,"pct":14.28},"branches":{"total":7,"covered":0,"skipped":0,"pct":0}}
,"/Users/litefarmresearchassistant/Workspace/LiteFarm/packages/webapp/src/containers/ceremonialSlice.js": {"lines":{"total":31,"covered":15,"skipped":0,"pct":48.38},"functions":{"total":14,"covered":0,"skipped":0,"pct":0},"statements":{"total":33,"covered":15,"skipped":0,"pct":45.45},"branches":{"total":2,"covered":0,"skipped":0,"pct":0}}
,"/Users/litefarmresearchassistant/Workspace/LiteFarm/packages/webapp/src/containers/constants.js": {"lines":{"total":20,"covered":20,"skipped":0,"pct":100},"functions":{"total":0,"covered":0,"skipped":0,"pct":100},"statements":{"total":20,"covered":20,"skipped":0,"pct":100},"branches":{"total":0,"covered":0,"skipped":0,"pct":100}}
,"/Users/litefarmresearchassistant/Workspace/LiteFarm/packages/webapp/src/containers/containerMethodSlice.js": {"lines":{"total":26,"covered":10,"skipped":0,"pct":38.46},"functions":{"total":9,"covered":0,"skipped":0,"pct":0},"statements":{"total":26,"covered":10,"skipped":0,"pct":38.46},"branches":{"total":0,"covered":0,"skipped":0,"pct":100}}
,"/Users/litefarmresearchassistant/Workspace/LiteFarm/packages/webapp/src/containers/cropManagementPlanSlice.js": {"lines":{"total":26,"covered":11,"skipped":0,"pct":42.3},"functions":{"total":8,"covered":0,"skipped":0,"pct":0},"statements":{"total":26,"covered":11,"skipped":0,"pct":42.3},"branches":{"total":0,"covered":0,"skipped":0,"pct":100}}
,"/Users/litefarmresearchassistant/Workspace/LiteFarm/packages/webapp/src/containers/cropSlice.js": {"lines":{"total":44,"covered":15,"skipped":0,"pct":34.09},"functions":{"total":23,"covered":0,"skipped":0,"pct":0},"statements":{"total":50,"covered":15,"skipped":0,"pct":30},"branches":{"total":4,"covered":0,"skipped":0,"pct":0}}
,"/Users/litefarmresearchassistant/Workspace/LiteFarm/packages/webapp/src/containers/cropVarietySlice.js": {"lines":{"total":58,"covered":17,"skipped":0,"pct":29.31},"functions":{"total":28,"covered":0,"skipped":0,"pct":0},"statements":{"total":62,"covered":17,"skipped":0,"pct":27.41},"branches":{"total":1,"covered":0,"skipped":0,"pct":0}}
,"/Users/litefarmresearchassistant/Workspace/LiteFarm/packages/webapp/src/containers/customSignUpSlice.js": {"lines":{"total":6,"covered":6,"skipped":0,"pct":100},"functions":{"total":2,"covered":2,"skipped":0,"pct":100},"statements":{"total":6,"covered":6,"skipped":0,"pct":100},"branches":{"total":0,"covered":0,"skipped":0,"pct":100}}
,"/Users/litefarmresearchassistant/Workspace/LiteFarm/packages/webapp/src/containers/documentSlice.js": {"lines":{"total":40,"covered":16,"skipped":0,"pct":40},"functions":{"total":21,"covered":0,"skipped":0,"pct":0},"statements":{"total":45,"covered":16,"skipped":0,"pct":35.55},"branches":{"total":4,"covered":0,"skipped":0,"pct":0}}
,"/Users/litefarmresearchassistant/Workspace/LiteFarm/packages/webapp/src/containers/farmSiteBoundarySlice.js": {"lines":{"total":32,"covered":15,"skipped":0,"pct":46.87},"functions":{"total":14,"covered":0,"skipped":0,"pct":0},"statements":{"total":33,"covered":15,"skipped":0,"pct":45.45},"branches":{"total":2,"covered":0,"skipped":0,"pct":0}}
,"/Users/litefarmresearchassistant/Workspace/LiteFarm/packages/webapp/src/containers/fenceSlice.js": {"lines":{"total":29,"covered":15,"skipped":0,"pct":51.72},"functions":{"total":14,"covered":0,"skipped":0,"pct":0},"statements":{"total":33,"covered":15,"skipped":0,"pct":45.45},"branches":{"total":2,"covered":0,"skipped":0,"pct":0}}
,"/Users/litefarmresearchassistant/Workspace/LiteFarm/packages/webapp/src/containers/fieldSlice.js": {"lines":{"total":29,"covered":15,"skipped":0,"pct":51.72},"functions":{"total":14,"covered":0,"skipped":0,"pct":0},"statements":{"total":33,"covered":15,"skipped":0,"pct":45.45},"branches":{"total":2,"covered":0,"skipped":0,"pct":0}}
,"/Users/litefarmresearchassistant/Workspace/LiteFarm/packages/webapp/src/containers/filterSlice.js": {"lines":{"total":66,"covered":13,"skipped":0,"pct":19.69},"functions":{"total":32,"covered":0,"skipped":0,"pct":0},"statements":{"total":67,"covered":13,"skipped":0,"pct":19.4},"branches":{"total":10,"covered":0,"skipped":0,"pct":0}}
,"/Users/litefarmresearchassistant/Workspace/LiteFarm/packages/webapp/src/containers/gardenSlice.js": {"lines":{"total":30,"covered":15,"skipped":0,"pct":50},"functions":{"total":14,"covered":0,"skipped":0,"pct":0},"statements":{"total":33,"covered":15,"skipped":0,"pct":45.45},"branches":{"total":2,"covered":0,"skipped":0,"pct":0}}
,"/Users/litefarmresearchassistant/Workspace/LiteFarm/packages/webapp/src/containers/gateSlice.js": {"lines":{"total":29,"covered":15,"skipped":0,"pct":51.72},"functions":{"total":14,"covered":0,"skipped":0,"pct":0},"statements":{"total":33,"covered":15,"skipped":0,"pct":45.45},"branches":{"total":2,"covered":0,"skipped":0,"pct":0}}
,"/Users/litefarmresearchassistant/Workspace/LiteFarm/packages/webapp/src/containers/greenhouseSlice.js": {"lines":{"total":31,"covered":15,"skipped":0,"pct":48.38},"functions":{"total":14,"covered":0,"skipped":0,"pct":0},"statements":{"total":33,"covered":15,"skipped":0,"pct":45.45},"branches":{"total":2,"covered":0,"skipped":0,"pct":0}}
,"/Users/litefarmresearchassistant/Workspace/LiteFarm/packages/webapp/src/containers/harvestUseTypeSlice.js": {"lines":{"total":26,"covered":12,"skipped":0,"pct":46.15},"functions":{"total":14,"covered":0,"skipped":0,"pct":0},"statements":{"total":29,"covered":12,"skipped":0,"pct":41.37},"branches":{"total":2,"covered":0,"skipped":0,"pct":0}}
,"/Users/litefarmresearchassistant/Workspace/LiteFarm/packages/webapp/src/containers/locationSlice.js": {"lines":{"total":51,"covered":14,"skipped":0,"pct":27.45},"functions":{"total":20,"covered":0,"skipped":0,"pct":0},"statements":{"total":54,"covered":14,"skipped":0,"pct":25.92},"branches":{"total":54,"covered":0,"skipped":0,"pct":0}}
,"/Users/litefarmresearchassistant/Workspace/LiteFarm/packages/webapp/src/containers/managementPlanSlice.js": {"lines":{"total":152,"covered":52,"skipped":0,"pct":34.21},"functions":{"total":84,"covered":0,"skipped":0,"pct":0},"statements":{"total":161,"covered":52,"skipped":0,"pct":32.29},"branches":{"total":18,"covered":0,"skipped":0,"pct":0}}
,"/Users/litefarmresearchassistant/Workspace/LiteFarm/packages/webapp/src/containers/mapSlice.js": {"lines":{"total":27,"covered":12,"skipped":0,"pct":44.44},"functions":{"total":16,"covered":0,"skipped":0,"pct":0},"statements":{"total":28,"covered":12,"skipped":0,"pct":42.85},"branches":{"total":0,"covered":0,"skipped":0,"pct":100}}
,"/Users/litefarmresearchassistant/Workspace/LiteFarm/packages/webapp/src/containers/naturalAreaSlice.js": {"lines":{"total":31,"covered":15,"skipped":0,"pct":48.38},"functions":{"total":14,"covered":0,"skipped":0,"pct":0},"statements":{"total":33,"covered":15,"skipped":0,"pct":45.45},"branches":{"total":2,"covered":0,"skipped":0,"pct":0}}
,"/Users/litefarmresearchassistant/Workspace/LiteFarm/packages/webapp/src/containers/notificationSlice.js": {"lines":{"total":31,"covered":10,"skipped":0,"pct":32.25},"functions":{"total":14,"covered":0,"skipped":0,"pct":0},"statements":{"total":34,"covered":10,"skipped":0,"pct":29.41},"branches":{"total":7,"covered":0,"skipped":0,"pct":0}}
,"/Users/litefarmresearchassistant/Workspace/LiteFarm/packages/webapp/src/containers/plantingManagementPlanSlice.js": {"lines":{"total":44,"covered":12,"skipped":0,"pct":27.27},"functions":{"total":10,"covered":0,"skipped":0,"pct":0},"statements":{"total":44,"covered":12,"skipped":0,"pct":27.27},"branches":{"total":6,"covered":0,"skipped":0,"pct":0}}
,"/Users/litefarmresearchassistant/Workspace/LiteFarm/packages/webapp/src/containers/productSlice.js": {"lines":{"total":20,"covered":10,"skipped":0,"pct":50},"functions":{"total":10,"covered":0,"skipped":0,"pct":0},"statements":{"total":23,"covered":10,"skipped":0,"pct":43.47},"branches":{"total":0,"covered":0,"skipped":0,"pct":100}}
,"/Users/litefarmresearchassistant/Workspace/LiteFarm/packages/webapp/src/containers/reducer.js": {"lines":{"total":3,"covered":3,"skipped":0,"pct":100},"functions":{"total":1,"covered":1,"skipped":0,"pct":100},"statements":{"total":3,"covered":3,"skipped":0,"pct":100},"branches":{"total":2,"covered":2,"skipped":0,"pct":100}}
,"/Users/litefarmresearchassistant/Workspace/LiteFarm/packages/webapp/src/containers/residenceSlice.js": {"lines":{"total":30,"covered":15,"skipped":0,"pct":50},"functions":{"total":14,"covered":0,"skipped":0,"pct":0},"statements":{"total":33,"covered":15,"skipped":0,"pct":45.45},"branches":{"total":2,"covered":0,"skipped":0,"pct":0}}
,"/Users/litefarmresearchassistant/Workspace/LiteFarm/packages/webapp/src/containers/rowMethodSlice.js": {"lines":{"total":25,"covered":10,"skipped":0,"pct":40},"functions":{"total":9,"covered":0,"skipped":0,"pct":0},"statements":{"total":26,"covered":10,"skipped":0,"pct":38.46},"branches":{"total":0,"covered":0,"skipped":0,"pct":100}}
,"/Users/litefarmresearchassistant/Workspace/LiteFarm/packages/webapp/src/containers/saga.js": {"lines":{"total":256,"covered":47,"skipped":0,"pct":18.35},"functions":{"total":35,"covered":4,"skipped":0,"pct":11.42},"statements":{"total":265,"covered":48,"skipped":0,"pct":18.11},"branches":{"total":35,"covered":2,"skipped":0,"pct":5.71}}
,"/Users/litefarmresearchassistant/Workspace/LiteFarm/packages/webapp/src/containers/sensorReadingTypesSlice.js": {"lines":{"total":23,"covered":8,"skipped":0,"pct":34.78},"functions":{"total":10,"covered":0,"skipped":0,"pct":0},"statements":{"total":23,"covered":8,"skipped":0,"pct":34.78},"branches":{"total":0,"covered":0,"skipped":0,"pct":100}}
,"/Users/litefarmresearchassistant/Workspace/LiteFarm/packages/webapp/src/containers/sensorSlice.js": {"lines":{"total":33,"covered":16,"skipped":0,"pct":48.48},"functions":{"total":15,"covered":0,"skipped":0,"pct":0},"statements":{"total":36,"covered":16,"skipped":0,"pct":44.44},"branches":{"total":2,"covered":0,"skipped":0,"pct":0}}
,"/Users/litefarmresearchassistant/Workspace/LiteFarm/packages/webapp/src/containers/showedSpotlightSlice.js": {"lines":{"total":14,"covered":4,"skipped":0,"pct":28.57},"functions":{"total":6,"covered":1,"skipped":0,"pct":16.66},"statements":{"total":15,"covered":5,"skipped":0,"pct":33.33},"branches":{"total":1,"covered":0,"skipped":0,"pct":0}}
,"/Users/litefarmresearchassistant/Workspace/LiteFarm/packages/webapp/src/containers/surfaceWaterSlice.js": {"lines":{"total":31,"covered":15,"skipped":0,"pct":48.38},"functions":{"total":14,"covered":0,"skipped":0,"pct":0},"statements":{"total":33,"covered":15,"skipped":0,"pct":45.45},"branches":{"total":2,"covered":0,"skipped":0,"pct":0}}
,"/Users/litefarmresearchassistant/Workspace/LiteFarm/packages/webapp/src/containers/taskSlice.js": {"lines":{"total":98,"covered":24,"skipped":0,"pct":24.48},"functions":{"total":37,"covered":0,"skipped":0,"pct":0},"statements":{"total":106,"covered":24,"skipped":0,"pct":22.64},"branches":{"total":32,"covered":0,"skipped":0,"pct":0}}
,"/Users/litefarmresearchassistant/Workspace/LiteFarm/packages/webapp/src/containers/taskTypeSlice.js": {"lines":{"total":34,"covered":15,"skipped":0,"pct":44.11},"functions":{"total":18,"covered":0,"skipped":0,"pct":0},"statements":{"total":39,"covered":15,"skipped":0,"pct":38.46},"branches":{"total":6,"covered":0,"skipped":0,"pct":0}}
,"/Users/litefarmresearchassistant/Workspace/LiteFarm/packages/webapp/src/containers/userFarmSlice.js": {"lines":{"total":91,"covered":21,"skipped":0,"pct":23.07},"functions":{"total":38,"covered":5,"skipped":0,"pct":13.15},"statements":{"total":94,"covered":23,"skipped":0,"pct":24.46},"branches":{"total":34,"covered":4,"skipped":0,"pct":11.76}}
,"/Users/litefarmresearchassistant/Workspace/LiteFarm/packages/webapp/src/containers/userLogSlice.js": {"lines":{"total":8,"covered":5,"skipped":0,"pct":62.5},"functions":{"total":3,"covered":0,"skipped":0,"pct":0},"statements":{"total":9,"covered":5,"skipped":0,"pct":55.55},"branches":{"total":0,"covered":0,"skipped":0,"pct":100}}
,"/Users/litefarmresearchassistant/Workspace/LiteFarm/packages/webapp/src/containers/waterValveSlice.js": {"lines":{"total":31,"covered":15,"skipped":0,"pct":48.38},"functions":{"total":14,"covered":0,"skipped":0,"pct":0},"statements":{"total":33,"covered":15,"skipped":0,"pct":45.45},"branches":{"total":2,"covered":0,"skipped":0,"pct":0}}
,"/Users/litefarmresearchassistant/Workspace/LiteFarm/packages/webapp/src/containers/watercourseSlice.js": {"lines":{"total":32,"covered":16,"skipped":0,"pct":50},"functions":{"total":14,"covered":0,"skipped":0,"pct":0},"statements":{"total":34,"covered":16,"skipped":0,"pct":47.05},"branches":{"total":2,"covered":0,"skipped":0,"pct":0}}
,"/Users/litefarmresearchassistant/Workspace/LiteFarm/packages/webapp/src/containers/AddCropVariety/saga.js": {"lines":{"total":71,"covered":8,"skipped":0,"pct":11.26},"functions":{"total":8,"covered":1,"skipped":0,"pct":12.5},"statements":{"total":71,"covered":8,"skipped":0,"pct":11.26},"branches":{"total":6,"covered":0,"skipped":0,"pct":0}}
,"/Users/litefarmresearchassistant/Workspace/LiteFarm/packages/webapp/src/containers/AddFarm/saga.js": {"lines":{"total":59,"covered":9,"skipped":0,"pct":15.25},"functions":{"total":7,"covered":1,"skipped":0,"pct":14.28},"statements":{"total":61,"covered":9,"skipped":0,"pct":14.75},"branches":{"total":19,"covered":0,"skipped":0,"pct":0}}
,"/Users/litefarmresearchassistant/Workspace/LiteFarm/packages/webapp/src/containers/Callback/saga.js": {"lines":{"total":34,"covered":6,"skipped":0,"pct":17.64},"functions":{"total":5,"covered":1,"skipped":0,"pct":20},"statements":{"total":36,"covered":6,"skipped":0,"pct":16.66},"branches":{"total":8,"covered":0,"skipped":0,"pct":0}}
,"/Users/litefarmresearchassistant/Workspace/LiteFarm/packages/webapp/src/containers/Certifications/saga.js": {"lines":{"total":11,"covered":3,"skipped":0,"pct":27.27},"functions":{"total":3,"covered":1,"skipped":0,"pct":33.33},"statements":{"total":12,"covered":3,"skipped":0,"pct":25},"branches":{"total":0,"covered":0,"skipped":0,"pct":100}}
,"/Users/litefarmresearchassistant/Workspace/LiteFarm/packages/webapp/src/containers/ChooseFarm/chooseFarmFlowSlice.js": {"lines":{"total":22,"covered":10,"skipped":0,"pct":45.45},"functions":{"total":14,"covered":2,"skipped":0,"pct":14.28},"statements":{"total":22,"covered":10,"skipped":0,"pct":45.45},"branches":{"total":2,"covered":2,"skipped":0,"pct":100}}
,"/Users/litefarmresearchassistant/Workspace/LiteFarm/packages/webapp/src/containers/ChooseFarm/saga.js": {"lines":{"total":35,"covered":7,"skipped":0,"pct":20},"functions":{"total":5,"covered":1,"skipped":0,"pct":20},"statements":{"total":35,"covered":7,"skipped":0,"pct":20},"branches":{"total":0,"covered":0,"skipped":0,"pct":100}}
,"/Users/litefarmresearchassistant/Workspace/LiteFarm/packages/webapp/src/containers/Consent/saga.js": {"lines":{"total":24,"covered":2,"skipped":0,"pct":8.33},"functions":{"total":3,"covered":1,"skipped":0,"pct":33.33},"statements":{"total":25,"covered":2,"skipped":0,"pct":8},"branches":{"total":7,"covered":0,"skipped":0,"pct":0}}
,"/Users/litefarmresearchassistant/Workspace/LiteFarm/packages/webapp/src/containers/Crop/saga.js": {"lines":{"total":65,"covered":12,"skipped":0,"pct":18.46},"functions":{"total":7,"covered":1,"skipped":0,"pct":14.28},"statements":{"total":67,"covered":12,"skipped":0,"pct":17.91},"branches":{"total":2,"covered":0,"skipped":0,"pct":0}}
,"/Users/litefarmresearchassistant/Workspace/LiteFarm/packages/webapp/src/containers/Crop/AddManagementPlan/ManagementPlanName/getManagementPlanReqBody.js": {"lines":{"total":50,"covered":8,"skipped":0,"pct":16},"functions":{"total":9,"covered":0,"skipped":0,"pct":0},"statements":{"total":51,"covered":8,"skipped":0,"pct":15.68},"branches":{"total":73,"covered":0,"skipped":0,"pct":0}}
,"/Users/litefarmresearchassistant/Workspace/LiteFarm/packages/webapp/src/containers/Crop/CompleteManagementPlan/saga.js": {"lines":{"total":21,"covered":4,"skipped":0,"pct":19.04},"functions":{"total":3,"covered":1,"skipped":0,"pct":33.33},"statements":{"total":21,"covered":4,"skipped":0,"pct":19.04},"branches":{"total":0,"covered":0,"skipped":0,"pct":100}}
,"/Users/litefarmresearchassistant/Workspace/LiteFarm/packages/webapp/src/containers/CustomSignUp/constants.js": {"lines":{"total":4,"covered":4,"skipped":0,"pct":100},"functions":{"total":0,"covered":0,"skipped":0,"pct":100},"statements":{"total":4,"covered":4,"skipped":0,"pct":100},"branches":{"total":0,"covered":0,"skipped":0,"pct":100}}
,"/Users/litefarmresearchassistant/Workspace/LiteFarm/packages/webapp/src/containers/CustomSignUp/index.jsx": {"lines":{"total":58,"covered":45,"skipped":0,"pct":77.58},"functions":{"total":18,"covered":11,"skipped":0,"pct":61.11},"statements":{"total":68,"covered":54,"skipped":0,"pct":79.41},"branches":{"total":20,"covered":15,"skipped":0,"pct":75}}
,"/Users/litefarmresearchassistant/Workspace/LiteFarm/packages/webapp/src/containers/CustomSignUp/saga.js": {"lines":{"total":56,"covered":17,"skipped":0,"pct":30.35},"functions":{"total":9,"covered":3,"skipped":0,"pct":33.33},"statements":{"total":60,"covered":18,"skipped":0,"pct":30},"branches":{"total":20,"covered":3,"skipped":0,"pct":15}}
,"/Users/litefarmresearchassistant/Workspace/LiteFarm/packages/webapp/src/containers/Documents/saga.js": {"lines":{"total":40,"covered":6,"skipped":0,"pct":15},"functions":{"total":4,"covered":1,"skipped":0,"pct":25},"statements":{"total":40,"covered":6,"skipped":0,"pct":15},"branches":{"total":4,"covered":0,"skipped":0,"pct":0}}
,"/Users/litefarmresearchassistant/Workspace/LiteFarm/packages/webapp/src/containers/Documents/DocumentUploader/saga.js": {"lines":{"total":15,"covered":2,"skipped":0,"pct":13.33},"functions":{"total":2,"covered":1,"skipped":0,"pct":50},"statements":{"total":15,"covered":2,"skipped":0,"pct":13.33},"branches":{"total":2,"covered":0,"skipped":0,"pct":0}}
,"/Users/litefarmresearchassistant/Workspace/LiteFarm/packages/webapp/src/containers/ErrorHandler/saga.js": {"lines":{"total":6,"covered":2,"skipped":0,"pct":33.33},"functions":{"total":2,"covered":1,"skipped":0,"pct":50},"statements":{"total":6,"covered":2,"skipped":0,"pct":33.33},"branches":{"total":1,"covered":0,"skipped":0,"pct":0}}
,"/Users/litefarmresearchassistant/Workspace/LiteFarm/packages/webapp/src/containers/ExportDownload/saga.js": {"lines":{"total":20,"covered":2,"skipped":0,"pct":10},"functions":{"total":3,"covered":1,"skipped":0,"pct":33.33},"statements":{"total":20,"covered":2,"skipped":0,"pct":10},"branches":{"total":4,"covered":0,"skipped":0,"pct":0}}
,"/Users/litefarmresearchassistant/Workspace/LiteFarm/packages/webapp/src/containers/Finances/actions.js": {"lines":{"total":48,"covered":24,"skipped":0,"pct":50},"functions":{"total":24,"covered":0,"skipped":0,"pct":0},"statements":{"total":48,"covered":24,"skipped":0,"pct":50},"branches":{"total":0,"covered":0,"skipped":0,"pct":100}}
,"/Users/litefarmresearchassistant/Workspace/LiteFarm/packages/webapp/src/containers/Finances/constants.js": {"lines":{"total":25,"covered":25,"skipped":0,"pct":100},"functions":{"total":0,"covered":0,"skipped":0,"pct":100},"statements":{"total":25,"covered":25,"skipped":0,"pct":100},"branches":{"total":0,"covered":0,"skipped":0,"pct":100}}
,"/Users/litefarmresearchassistant/Workspace/LiteFarm/packages/webapp/src/containers/Finances/reducer.js": {"lines":{"total":16,"covered":3,"skipped":0,"pct":18.75},"functions":{"total":1,"covered":1,"skipped":0,"pct":100},"statements":{"total":16,"covered":3,"skipped":0,"pct":18.75},"branches":{"total":15,"covered":2,"skipped":0,"pct":13.33}}
,"/Users/litefarmresearchassistant/Workspace/LiteFarm/packages/webapp/src/containers/Finances/saga.js": {"lines":{"total":151,"covered":14,"skipped":0,"pct":9.27},"functions":{"total":14,"covered":1,"skipped":0,"pct":7.14},"statements":{"total":151,"covered":14,"skipped":0,"pct":9.27},"branches":{"total":19,"covered":0,"skipped":0,"pct":0}}
,"/Users/litefarmresearchassistant/Workspace/LiteFarm/packages/webapp/src/containers/GoogleLoginButton/index.jsx": {"lines":{"total":9,"covered":7,"skipped":0,"pct":77.77},"functions":{"total":4,"covered":2,"skipped":0,"pct":50},"statements":{"total":12,"covered":10,"skipped":0,"pct":83.33},"branches":{"total":0,"covered":0,"skipped":0,"pct":100}}
,"/Users/litefarmresearchassistant/Workspace/LiteFarm/packages/webapp/src/containers/GoogleLoginButton/saga.js": {"lines":{"total":20,"covered":3,"skipped":0,"pct":15},"functions":{"total":3,"covered":1,"skipped":0,"pct":33.33},"statements":{"total":21,"covered":3,"skipped":0,"pct":14.28},"branches":{"total":6,"covered":0,"skipped":0,"pct":0}}
,"/Users/litefarmresearchassistant/Workspace/LiteFarm/packages/webapp/src/containers/Help/saga.js": {"lines":{"total":16,"covered":3,"skipped":0,"pct":18.75},"functions":{"total":3,"covered":1,"skipped":0,"pct":33.33},"statements":{"total":17,"covered":3,"skipped":0,"pct":17.64},"branches":{"total":2,"covered":0,"skipped":0,"pct":0}}
,"/Users/litefarmresearchassistant/Workspace/LiteFarm/packages/webapp/src/containers/Home/homeSlice.js": {"lines":{"total":10,"covered":5,"skipped":0,"pct":50},"functions":{"total":6,"covered":0,"skipped":0,"pct":0},"statements":{"total":11,"covered":5,"skipped":0,"pct":45.45},"branches":{"total":0,"covered":0,"skipped":0,"pct":100}}
,"/Users/litefarmresearchassistant/Workspace/LiteFarm/packages/webapp/src/containers/ImagePickerWrapper/saga.js": {"lines":{"total":14,"covered":2,"skipped":0,"pct":14.28},"functions":{"total":2,"covered":1,"skipped":0,"pct":50},"statements":{"total":14,"covered":2,"skipped":0,"pct":14.28},"branches":{"total":2,"covered":0,"skipped":0,"pct":0}}
,"/Users/litefarmresearchassistant/Workspace/LiteFarm/packages/webapp/src/containers/Insights/actions.js": {"lines":{"total":54,"covered":27,"skipped":0,"pct":50},"functions":{"total":27,"covered":0,"skipped":0,"pct":0},"statements":{"total":54,"covered":27,"skipped":0,"pct":50},"branches":{"total":0,"covered":0,"skipped":0,"pct":100}}
,"/Users/litefarmresearchassistant/Workspace/LiteFarm/packages/webapp/src/containers/Insights/constants.js": {"lines":{"total":27,"covered":27,"skipped":0,"pct":100},"functions":{"total":0,"covered":0,"skipped":0,"pct":100},"statements":{"total":27,"covered":27,"skipped":0,"pct":100},"branches":{"total":0,"covered":0,"skipped":0,"pct":100}}
,"/Users/litefarmresearchassistant/Workspace/LiteFarm/packages/webapp/src/containers/Insights/reducer.js": {"lines":{"total":15,"covered":3,"skipped":0,"pct":20},"functions":{"total":1,"covered":1,"skipped":0,"pct":100},"statements":{"total":15,"covered":3,"skipped":0,"pct":20},"branches":{"total":14,"covered":2,"skipped":0,"pct":14.28}}
,"/Users/litefarmresearchassistant/Workspace/LiteFarm/packages/webapp/src/containers/Insights/saga.js": {"lines":{"total":147,"covered":14,"skipped":0,"pct":9.52},"functions":{"total":15,"covered":1,"skipped":0,"pct":6.66},"statements":{"total":147,"covered":14,"skipped":0,"pct":9.52},"branches":{"total":17,"covered":0,"skipped":0,"pct":0}}
,"/Users/litefarmresearchassistant/Workspace/LiteFarm/packages/webapp/src/containers/Insights/selectors.js": {"lines":{"total":19,"covered":13,"skipped":0,"pct":68.42},"functions":{"total":13,"covered":0,"skipped":0,"pct":0},"statements":{"total":26,"covered":13,"skipped":0,"pct":50},"branches":{"total":2,"covered":0,"skipped":0,"pct":0}}
,"/Users/litefarmresearchassistant/Workspace/LiteFarm/packages/webapp/src/containers/InviteUser/saga.js": {"lines":{"total":36,"covered":6,"skipped":0,"pct":16.66},"functions":{"total":4,"covered":1,"skipped":0,"pct":25},"statements":{"total":36,"covered":6,"skipped":0,"pct":16.66},"branches":{"total":2,"covered":0,"skipped":0,"pct":0}}
,"/Users/litefarmresearchassistant/Workspace/LiteFarm/packages/webapp/src/containers/InvitedUserCreateAccount/saga.js": {"lines":{"total":44,"covered":6,"skipped":0,"pct":13.63},"functions":{"total":5,"covered":1,"skipped":0,"pct":20},"statements":{"total":46,"covered":6,"skipped":0,"pct":13.04},"branches":{"total":12,"covered":0,"skipped":0,"pct":0}}
,"/Users/litefarmresearchassistant/Workspace/LiteFarm/packages/webapp/src/containers/LocationDetails/saga.js": {"lines":{"total":11,"covered":2,"skipped":0,"pct":18.18},"functions":{"total":2,"covered":1,"skipped":0,"pct":50},"statements":{"total":11,"covered":2,"skipped":0,"pct":18.18},"branches":{"total":0,"covered":0,"skipped":0,"pct":100}}
,"/Users/litefarmresearchassistant/Workspace/LiteFarm/packages/webapp/src/containers/LocationDetails/AreaDetails/BarnDetailForm/saga.js": {"lines":{"total":46,"covered":6,"skipped":0,"pct":13.04},"functions":{"total":4,"covered":1,"skipped":0,"pct":25},"statements":{"total":46,"covered":6,"skipped":0,"pct":13.04},"branches":{"total":0,"covered":0,"skipped":0,"pct":100}}
,"/Users/litefarmresearchassistant/Workspace/LiteFarm/packages/webapp/src/containers/LocationDetails/AreaDetails/CeremonialAreaDetailForm/saga.js": {"lines":{"total":46,"covered":6,"skipped":0,"pct":13.04},"functions":{"total":4,"covered":1,"skipped":0,"pct":25},"statements":{"total":46,"covered":6,"skipped":0,"pct":13.04},"branches":{"total":0,"covered":0,"skipped":0,"pct":100}}
,"/Users/litefarmresearchassistant/Workspace/LiteFarm/packages/webapp/src/containers/LocationDetails/AreaDetails/FarmSiteBoundaryDetailForm/saga.js": {"lines":{"total":46,"covered":6,"skipped":0,"pct":13.04},"functions":{"total":4,"covered":1,"skipped":0,"pct":25},"statements":{"total":46,"covered":6,"skipped":0,"pct":13.04},"branches":{"total":0,"covered":0,"skipped":0,"pct":100}}
,"/Users/litefarmresearchassistant/Workspace/LiteFarm/packages/webapp/src/containers/LocationDetails/AreaDetails/FieldDetailForm/saga.js": {"lines":{"total":46,"covered":6,"skipped":0,"pct":13.04},"functions":{"total":4,"covered":1,"skipped":0,"pct":25},"statements":{"total":46,"covered":6,"skipped":0,"pct":13.04},"branches":{"total":0,"covered":0,"skipped":0,"pct":100}}
,"/Users/litefarmresearchassistant/Workspace/LiteFarm/packages/webapp/src/containers/LocationDetails/AreaDetails/GardenDetailForm/saga.js": {"lines":{"total":45,"covered":6,"skipped":0,"pct":13.33},"functions":{"total":4,"covered":1,"skipped":0,"pct":25},"statements":{"total":45,"covered":6,"skipped":0,"pct":13.33},"branches":{"total":0,"covered":0,"skipped":0,"pct":100}}
,"/Users/litefarmresearchassistant/Workspace/LiteFarm/packages/webapp/src/containers/LocationDetails/AreaDetails/GreenhouseDetailForm/saga.js": {"lines":{"total":46,"covered":6,"skipped":0,"pct":13.04},"functions":{"total":4,"covered":1,"skipped":0,"pct":25},"statements":{"total":46,"covered":6,"skipped":0,"pct":13.04},"branches":{"total":0,"covered":0,"skipped":0,"pct":100}}
,"/Users/litefarmresearchassistant/Workspace/LiteFarm/packages/webapp/src/containers/LocationDetails/AreaDetails/NaturalAreaDetailForm/saga.js": {"lines":{"total":46,"covered":6,"skipped":0,"pct":13.04},"functions":{"total":4,"covered":1,"skipped":0,"pct":25},"statements":{"total":46,"covered":6,"skipped":0,"pct":13.04},"branches":{"total":0,"covered":0,"skipped":0,"pct":100}}
,"/Users/litefarmresearchassistant/Workspace/LiteFarm/packages/webapp/src/containers/LocationDetails/AreaDetails/ResidenceDetailForm/saga.js": {"lines":{"total":46,"covered":6,"skipped":0,"pct":13.04},"functions":{"total":4,"covered":1,"skipped":0,"pct":25},"statements":{"total":46,"covered":6,"skipped":0,"pct":13.04},"branches":{"total":0,"covered":0,"skipped":0,"pct":100}}
,"/Users/litefarmresearchassistant/Workspace/LiteFarm/packages/webapp/src/containers/LocationDetails/AreaDetails/SurfaceWaterDetailForm/saga.js": {"lines":{"total":46,"covered":6,"skipped":0,"pct":13.04},"functions":{"total":4,"covered":1,"skipped":0,"pct":25},"statements":{"total":46,"covered":6,"skipped":0,"pct":13.04},"branches":{"total":0,"covered":0,"skipped":0,"pct":100}}
,"/Users/litefarmresearchassistant/Workspace/LiteFarm/packages/webapp/src/containers/LocationDetails/LineDetails/BufferZoneDetailForm/saga.js": {"lines":{"total":46,"covered":6,"skipped":0,"pct":13.04},"functions":{"total":4,"covered":1,"skipped":0,"pct":25},"statements":{"total":46,"covered":6,"skipped":0,"pct":13.04},"branches":{"total":0,"covered":0,"skipped":0,"pct":100}}
,"/Users/litefarmresearchassistant/Workspace/LiteFarm/packages/webapp/src/containers/LocationDetails/LineDetails/FenceDetailForm/saga.js": {"lines":{"total":46,"covered":6,"skipped":0,"pct":13.04},"functions":{"total":4,"covered":1,"skipped":0,"pct":25},"statements":{"total":46,"covered":6,"skipped":0,"pct":13.04},"branches":{"total":0,"covered":0,"skipped":0,"pct":100}}
,"/Users/litefarmresearchassistant/Workspace/LiteFarm/packages/webapp/src/containers/LocationDetails/LineDetails/WatercourseDetailForm/saga.js": {"lines":{"total":46,"covered":6,"skipped":0,"pct":13.04},"functions":{"total":4,"covered":1,"skipped":0,"pct":25},"statements":{"total":46,"covered":6,"skipped":0,"pct":13.04},"branches":{"total":0,"covered":0,"skipped":0,"pct":100}}
,"/Users/litefarmresearchassistant/Workspace/LiteFarm/packages/webapp/src/containers/LocationDetails/PointDetails/GateDetailForm/saga.js": {"lines":{"total":46,"covered":6,"skipped":0,"pct":13.04},"functions":{"total":4,"covered":1,"skipped":0,"pct":25},"statements":{"total":46,"covered":6,"skipped":0,"pct":13.04},"branches":{"total":0,"covered":0,"skipped":0,"pct":100}}
,"/Users/litefarmresearchassistant/Workspace/LiteFarm/packages/webapp/src/containers/LocationDetails/PointDetails/SensorDetail/saga.js": {"lines":{"total":40,"covered":8,"skipped":0,"pct":20},"functions":{"total":5,"covered":1,"skipped":0,"pct":20},"statements":{"total":40,"covered":8,"skipped":0,"pct":20},"branches":{"total":0,"covered":0,"skipped":0,"pct":100}}
,"/Users/litefarmresearchassistant/Workspace/LiteFarm/packages/webapp/src/containers/LocationDetails/PointDetails/WaterValveDetailForm/saga.js": {"lines":{"total":46,"covered":6,"skipped":0,"pct":13.04},"functions":{"total":4,"covered":1,"skipped":0,"pct":25},"statements":{"total":46,"covered":6,"skipped":0,"pct":13.04},"branches":{"total":0,"covered":0,"skipped":0,"pct":100}}
,"/Users/litefarmresearchassistant/Workspace/LiteFarm/packages/webapp/src/containers/Map/constants.js": {"lines":{"total":65,"covered":19,"skipped":0,"pct":29.23},"functions":{"total":13,"covered":0,"skipped":0,"pct":0},"statements":{"total":66,"covered":19,"skipped":0,"pct":28.78},"branches":{"total":18,"covered":0,"skipped":0,"pct":0}}
,"/Users/litefarmresearchassistant/Workspace/LiteFarm/packages/webapp/src/containers/Map/mapAddDrawerSlice.js": {"lines":{"total":12,"covered":7,"skipped":0,"pct":58.33},"functions":{"total":6,"covered":0,"skipped":0,"pct":0},"statements":{"total":13,"covered":7,"skipped":0,"pct":53.84},"branches":{"total":2,"covered":0,"skipped":0,"pct":0}}
,"/Users/litefarmresearchassistant/Workspace/LiteFarm/packages/webapp/src/containers/Map/mapCacheSlice.js": {"lines":{"total":12,"covered":7,"skipped":0,"pct":58.33},"functions":{"total":5,"covered":0,"skipped":0,"pct":0},"statements":{"total":12,"covered":7,"skipped":0,"pct":58.33},"branches":{"total":2,"covered":0,"skipped":0,"pct":0}}
,"/Users/litefarmresearchassistant/Workspace/LiteFarm/packages/webapp/src/containers/Map/mapFilterSettingSlice.js": {"lines":{"total":24,"covered":9,"skipped":0,"pct":37.5},"functions":{"total":13,"covered":0,"skipped":0,"pct":0},"statements":{"total":25,"covered":9,"skipped":0,"pct":36},"branches":{"total":8,"covered":0,"skipped":0,"pct":0}}
,"/Users/litefarmresearchassistant/Workspace/LiteFarm/packages/webapp/src/containers/Map/mapSensorSlice.js": {"lines":{"total":23,"covered":8,"skipped":0,"pct":34.78},"functions":{"total":11,"covered":0,"skipped":0,"pct":0},"statements":{"total":24,"covered":8,"skipped":0,"pct":33.33},"branches":{"total":0,"covered":0,"skipped":0,"pct":100}}
,"/Users/litefarmresearchassistant/Workspace/LiteFarm/packages/webapp/src/containers/Map/saga.js": {"lines":{"total":100,"covered":17,"skipped":0,"pct":17},"functions":{"total":12,"covered":1,"skipped":0,"pct":8.33},"statements":{"total":103,"covered":17,"skipped":0,"pct":16.5},"branches":{"total":22,"covered":0,"skipped":0,"pct":0}}
,"/Users/litefarmresearchassistant/Workspace/LiteFarm/packages/webapp/src/containers/Navigation/index.jsx": {"lines":{"total":12,"covered":11,"skipped":0,"pct":91.66},"functions":{"total":4,"covered":3,"skipped":0,"pct":75},"statements":{"total":13,"covered":12,"skipped":0,"pct":92.3},"branches":{"total":9,"covered":2,"skipped":0,"pct":22.22}}
,"/Users/litefarmresearchassistant/Workspace/LiteFarm/packages/webapp/src/containers/Navigation/Alert/alertSlice.js": {"lines":{"total":11,"covered":6,"skipped":0,"pct":54.54},"functions":{"total":7,"covered":0,"skipped":0,"pct":0},"statements":{"total":13,"covered":6,"skipped":0,"pct":46.15},"branches":{"total":2,"covered":0,"skipped":0,"pct":0}}
,"/Users/litefarmresearchassistant/Workspace/LiteFarm/packages/webapp/src/containers/Navigation/Alert/index.jsx": {"lines":{"total":7,"covered":2,"skipped":0,"pct":28.57},"functions":{"total":3,"covered":0,"skipped":0,"pct":0},"statements":{"total":10,"covered":3,"skipped":0,"pct":30},"branches":{"total":5,"covered":0,"skipped":0,"pct":0}}
,"/Users/litefarmresearchassistant/Workspace/LiteFarm/packages/webapp/src/containers/Navigation/Alert/saga.js": {"lines":{"total":38,"covered":2,"skipped":0,"pct":5.26},"functions":{"total":9,"covered":1,"skipped":0,"pct":11.11},"statements":{"total":40,"covered":2,"skipped":0,"pct":5},"branches":{"total":7,"covered":0,"skipped":0,"pct":0}}
,"/Users/litefarmresearchassistant/Workspace/LiteFarm/packages/webapp/src/containers/Notification/saga.js": {"lines":{"total":24,"covered":6,"skipped":0,"pct":25},"functions":{"total":4,"covered":1,"skipped":0,"pct":25},"statements":{"total":24,"covered":6,"skipped":0,"pct":25},"branches":{"total":0,"covered":0,"skipped":0,"pct":100}}
,"/Users/litefarmresearchassistant/Workspace/LiteFarm/packages/webapp/src/containers/OrganicCertifierSurvey/certificationSlice.js": {"lines":{"total":22,"covered":12,"skipped":0,"pct":54.54},"functions":{"total":10,"covered":0,"skipped":0,"pct":0},"statements":{"total":23,"covered":12,"skipped":0,"pct":52.17},"branches":{"total":0,"covered":0,"skipped":0,"pct":100}}
,"/Users/litefarmresearchassistant/Workspace/LiteFarm/packages/webapp/src/containers/OrganicCertifierSurvey/certifierSlice.js": {"lines":{"total":30,"covered":14,"skipped":0,"pct":46.66},"functions":{"total":18,"covered":0,"skipped":0,"pct":0},"statements":{"total":33,"covered":14,"skipped":0,"pct":42.42},"branches":{"total":2,"covered":0,"skipped":0,"pct":0}}
,"/Users/litefarmresearchassistant/Workspace/LiteFarm/packages/webapp/src/containers/OrganicCertifierSurvey/saga.js": {"lines":{"total":73,"covered":16,"skipped":0,"pct":21.91},"functions":{"total":11,"covered":1,"skipped":0,"pct":9.09},"statements":{"total":76,"covered":16,"skipped":0,"pct":21.05},"branches":{"total":5,"covered":0,"skipped":0,"pct":0}}
,"/Users/litefarmresearchassistant/Workspace/LiteFarm/packages/webapp/src/containers/OrganicCertifierSurvey/slice.js": {"lines":{"total":20,"covered":9,"skipped":0,"pct":45},"functions":{"total":9,"covered":0,"skipped":0,"pct":0},"statements":{"total":21,"covered":9,"skipped":0,"pct":42.85},"branches":{"total":4,"covered":0,"skipped":0,"pct":0}}
,"/Users/litefarmresearchassistant/Workspace/LiteFarm/packages/webapp/src/containers/Outro/saga.js": {"lines":{"total":12,"covered":2,"skipped":0,"pct":16.66},"functions":{"total":2,"covered":1,"skipped":0,"pct":50},"statements":{"total":12,"covered":2,"skipped":0,"pct":16.66},"branches":{"total":0,"covered":0,"skipped":0,"pct":100}}
,"/Users/litefarmresearchassistant/Workspace/LiteFarm/packages/webapp/src/containers/PasswordResetAccount/saga.js": {"lines":{"total":12,"covered":3,"skipped":0,"pct":25},"functions":{"total":3,"covered":1,"skipped":0,"pct":33.33},"statements":{"total":13,"covered":3,"skipped":0,"pct":23.07},"branches":{"total":0,"covered":0,"skipped":0,"pct":100}}
,"/Users/litefarmresearchassistant/Workspace/LiteFarm/packages/webapp/src/containers/Profile/People/saga.js": {"lines":{"total":67,"covered":12,"skipped":0,"pct":17.91},"functions":{"total":8,"covered":1,"skipped":0,"pct":12.5},"statements":{"total":69,"covered":12,"skipped":0,"pct":17.39},"branches":{"total":6,"covered":0,"skipped":0,"pct":0}}
,"/Users/litefarmresearchassistant/Workspace/LiteFarm/packages/webapp/src/containers/Profile/People/slice.js": {"lines":{"total":20,"covered":8,"skipped":0,"pct":40},"functions":{"total":8,"covered":0,"skipped":0,"pct":0},"statements":{"total":21,"covered":8,"skipped":0,"pct":38.09},"branches":{"total":0,"covered":0,"skipped":0,"pct":100}}
,"/Users/litefarmresearchassistant/Workspace/LiteFarm/packages/webapp/src/containers/SSOUserCreateAccountInfo/saga.js": {"lines":{"total":12,"covered":3,"skipped":0,"pct":25},"functions":{"total":3,"covered":1,"skipped":0,"pct":33.33},"statements":{"total":13,"covered":3,"skipped":0,"pct":23.07},"branches":{"total":0,"covered":0,"skipped":0,"pct":100}}
,"/Users/litefarmresearchassistant/Workspace/LiteFarm/packages/webapp/src/containers/SensorReadings/constants.js": {"lines":{"total":12,"covered":12,"skipped":0,"pct":100},"functions":{"total":0,"covered":0,"skipped":0,"pct":100},"statements":{"total":12,"covered":12,"skipped":0,"pct":100},"branches":{"total":0,"covered":0,"skipped":0,"pct":100}}
,"/Users/litefarmresearchassistant/Workspace/LiteFarm/packages/webapp/src/containers/SensorReadings/saga.js": {"lines":{"total":87,"covered":3,"skipped":0,"pct":3.44},"functions":{"total":13,"covered":1,"skipped":0,"pct":7.69},"statements":{"total":93,"covered":3,"skipped":0,"pct":3.22},"branches":{"total":23,"covered":0,"skipped":0,"pct":0}}
,"/Users/litefarmresearchassistant/Workspace/LiteFarm/packages/webapp/src/containers/SensorReadings/utils.js": {"lines":{"total":14,"covered":2,"skipped":0,"pct":14.28},"functions":{"total":4,"covered":0,"skipped":0,"pct":0},"statements":{"total":16,"covered":2,"skipped":0,"pct":12.5},"branches":{"total":8,"covered":0,"skipped":0,"pct":0}}
,"/Users/litefarmresearchassistant/Workspace/LiteFarm/packages/webapp/src/containers/Snackbar/NotistackSnackbar.jsx": {"lines":{"total":5,"covered":1,"skipped":0,"pct":20},"functions":{"total":4,"covered":0,"skipped":0,"pct":0},"statements":{"total":8,"covered":2,"skipped":0,"pct":25},"branches":{"total":0,"covered":0,"skipped":0,"pct":100}}
,"/Users/litefarmresearchassistant/Workspace/LiteFarm/packages/webapp/src/containers/Snackbar/snackbarSlice.js": {"lines":{"total":10,"covered":4,"skipped":0,"pct":40},"functions":{"total":7,"covered":1,"skipped":0,"pct":14.28},"statements":{"total":13,"covered":5,"skipped":0,"pct":38.46},"branches":{"total":4,"covered":0,"skipped":0,"pct":0}}
,"/Users/litefarmresearchassistant/Workspace/LiteFarm/packages/webapp/src/containers/Snackbar/useReduxSnackbar.js": {"lines":{"total":20,"covered":8,"skipped":0,"pct":40},"functions":{"total":7,"covered":2,"skipped":0,"pct":28.57},"statements":{"total":21,"covered":8,"skipped":0,"pct":38.09},"branches":{"total":5,"covered":0,"skipped":0,"pct":0}}
,"/Users/litefarmresearchassistant/Workspace/LiteFarm/packages/webapp/src/containers/Task/saga.js": {"lines":{"total":257,"covered":42,"skipped":0,"pct":16.34},"functions":{"total":48,"covered":2,"skipped":0,"pct":4.16},"statements":{"total":261,"covered":43,"skipped":0,"pct":16.47},"branches":{"total":37,"covered":0,"skipped":0,"pct":0}}
,"/Users/litefarmresearchassistant/Workspace/LiteFarm/packages/webapp/src/containers/Task/TaskCrops/managementPlansWithLocationSelector.js": {"lines":{"total":67,"covered":12,"skipped":0,"pct":17.91},"functions":{"total":27,"covered":0,"skipped":0,"pct":0},"statements":{"total":70,"covered":12,"skipped":0,"pct":17.14},"branches":{"total":18,"covered":0,"skipped":0,"pct":0}}
,"/Users/litefarmresearchassistant/Workspace/LiteFarm/packages/webapp/src/containers/WeatherBoard/saga.js": {"lines":{"total":21,"covered":2,"skipped":0,"pct":9.52},"functions":{"total":2,"covered":1,"skipped":0,"pct":50},"statements":{"total":21,"covered":2,"skipped":0,"pct":9.52},"branches":{"total":6,"covered":0,"skipped":0,"pct":0}}
,"/Users/litefarmresearchassistant/Workspace/LiteFarm/packages/webapp/src/containers/WeatherBoard/weatherSlice.js": {"lines":{"total":15,"covered":8,"skipped":0,"pct":53.33},"functions":{"total":8,"covered":0,"skipped":0,"pct":0},"statements":{"total":16,"covered":8,"skipped":0,"pct":50},"branches":{"total":2,"covered":0,"skipped":0,"pct":0}}
,"/Users/litefarmresearchassistant/Workspace/LiteFarm/packages/webapp/src/containers/WeatherBoard/utils/icons.js": {"lines":{"total":1,"covered":1,"skipped":0,"pct":100},"functions":{"total":0,"covered":0,"skipped":0,"pct":100},"statements":{"total":1,"covered":1,"skipped":0,"pct":100},"branches":{"total":0,"covered":0,"skipped":0,"pct":100}}
,"/Users/litefarmresearchassistant/Workspace/LiteFarm/packages/webapp/src/containers/WeatherBoard/utils/index.jsx": {"lines":{"total":13,"covered":1,"skipped":0,"pct":7.69},"functions":{"total":3,"covered":0,"skipped":0,"pct":0},"statements":{"total":13,"covered":1,"skipped":0,"pct":7.69},"branches":{"total":5,"covered":0,"skipped":0,"pct":0}}
,"/Users/litefarmresearchassistant/Workspace/LiteFarm/packages/webapp/src/containers/hooks/useScrollToTop.js": {"lines":{"total":2,"covered":2,"skipped":0,"pct":100},"functions":{"total":2,"covered":2,"skipped":0,"pct":100},"statements":{"total":2,"covered":2,"skipped":0,"pct":100},"branches":{"total":2,"covered":1,"skipped":0,"pct":50}}
,"/Users/litefarmresearchassistant/Workspace/LiteFarm/packages/webapp/src/containers/hooks/useHookFormPersist/hookFormPersistSlice.js": {"lines":{"total":40,"covered":10,"skipped":0,"pct":25},"functions":{"total":22,"covered":0,"skipped":0,"pct":0},"statements":{"total":40,"covered":10,"skipped":0,"pct":25},"branches":{"total":10,"covered":0,"skipped":0,"pct":0}}
,"/Users/litefarmresearchassistant/Workspace/LiteFarm/packages/webapp/src/containers/slice/taskSlice/cleaningTaskSlice.js": {"lines":{"total":19,"covered":11,"skipped":0,"pct":57.89},"functions":{"total":8,"covered":0,"skipped":0,"pct":0},"statements":{"total":20,"covered":11,"skipped":0,"pct":55},"branches":{"total":0,"covered":0,"skipped":0,"pct":100}}
,"/Users/litefarmresearchassistant/Workspace/LiteFarm/packages/webapp/src/containers/slice/taskSlice/fieldWorkTaskSlice.js": {"lines":{"total":20,"covered":11,"skipped":0,"pct":55},"functions":{"total":8,"covered":0,"skipped":0,"pct":0},"statements":{"total":20,"covered":11,"skipped":0,"pct":55},"branches":{"total":0,"covered":0,"skipped":0,"pct":100}}
,"/Users/litefarmresearchassistant/Workspace/LiteFarm/packages/webapp/src/containers/slice/taskSlice/harvestTaskSlice.js": {"lines":{"total":19,"covered":11,"skipped":0,"pct":57.89},"functions":{"total":8,"covered":0,"skipped":0,"pct":0},"statements":{"total":20,"covered":11,"skipped":0,"pct":55},"branches":{"total":0,"covered":0,"skipped":0,"pct":100}}
,"/Users/litefarmresearchassistant/Workspace/LiteFarm/packages/webapp/src/containers/slice/taskSlice/pestControlTaskSlice.js": {"lines":{"total":20,"covered":11,"skipped":0,"pct":55},"functions":{"total":8,"covered":0,"skipped":0,"pct":0},"statements":{"total":20,"covered":11,"skipped":0,"pct":55},"branches":{"total":0,"covered":0,"skipped":0,"pct":100}}
,"/Users/litefarmresearchassistant/Workspace/LiteFarm/packages/webapp/src/containers/slice/taskSlice/plantTaskSlice.js": {"lines":{"total":28,"covered":12,"skipped":0,"pct":42.85},"functions":{"total":12,"covered":0,"skipped":0,"pct":0},"statements":{"total":29,"covered":12,"skipped":0,"pct":41.37},"branches":{"total":0,"covered":0,"skipped":0,"pct":100}}
,"/Users/litefarmresearchassistant/Workspace/LiteFarm/packages/webapp/src/containers/slice/taskSlice/soilAmendmentTaskSlice.js": {"lines":{"total":20,"covered":11,"skipped":0,"pct":55},"functions":{"total":8,"covered":0,"skipped":0,"pct":0},"statements":{"total":20,"covered":11,"skipped":0,"pct":55},"branches":{"total":0,"covered":0,"skipped":0,"pct":100}}
,"/Users/litefarmresearchassistant/Workspace/LiteFarm/packages/webapp/src/containers/slice/taskSlice/transplantTaskSlice.js": {"lines":{"total":32,"covered":12,"skipped":0,"pct":37.5},"functions":{"total":12,"covered":0,"skipped":0,"pct":0},"statements":{"total":32,"covered":12,"skipped":0,"pct":37.5},"branches":{"total":3,"covered":0,"skipped":0,"pct":0}}
,"/Users/litefarmresearchassistant/Workspace/LiteFarm/packages/webapp/src/locales/i18n.js": {"lines":{"total":1,"covered":1,"skipped":0,"pct":100},"functions":{"total":0,"covered":0,"skipped":0,"pct":100},"statements":{"total":1,"covered":1,"skipped":0,"pct":100},"branches":{"total":0,"covered":0,"skipped":0,"pct":100}}
,"/Users/litefarmresearchassistant/Workspace/LiteFarm/packages/webapp/src/routes/Onboarding.jsx": {"lines":{"total":25,"covered":13,"skipped":0,"pct":52},"functions":{"total":17,"covered":0,"skipped":0,"pct":0},"statements":{"total":46,"covered":26,"skipped":0,"pct":56.52},"branches":{"total":50,"covered":0,"skipped":0,"pct":0}}
,"/Users/litefarmresearchassistant/Workspace/LiteFarm/packages/webapp/src/store/actionTypes.js": {"lines":{"total":1,"covered":1,"skipped":0,"pct":100},"functions":{"total":0,"covered":0,"skipped":0,"pct":100},"statements":{"total":1,"covered":1,"skipped":0,"pct":100},"branches":{"total":0,"covered":0,"skipped":0,"pct":100}}
,"/Users/litefarmresearchassistant/Workspace/LiteFarm/packages/webapp/src/store/getFromReduxStore.js": {"lines":{"total":12,"covered":3,"skipped":0,"pct":25},"functions":{"total":3,"covered":0,"skipped":0,"pct":0},"statements":{"total":12,"covered":3,"skipped":0,"pct":25},"branches":{"total":6,"covered":0,"skipped":0,"pct":0}}
,"/Users/litefarmresearchassistant/Workspace/LiteFarm/packages/webapp/src/store/reducer.js": {"lines":{"total":19,"covered":16,"skipped":0,"pct":84.21},"functions":{"total":1,"covered":1,"skipped":0,"pct":100},"statements":{"total":19,"covered":16,"skipped":0,"pct":84.21},"branches":{"total":4,"covered":2,"skipped":0,"pct":50}}
,"/Users/litefarmresearchassistant/Workspace/LiteFarm/packages/webapp/src/store/sagaMiddleware.js": {"lines":{"total":1,"covered":1,"skipped":0,"pct":100},"functions":{"total":0,"covered":0,"skipped":0,"pct":100},"statements":{"total":1,"covered":1,"skipped":0,"pct":100},"branches":{"total":0,"covered":0,"skipped":0,"pct":100}}
,"/Users/litefarmresearchassistant/Workspace/LiteFarm/packages/webapp/src/store/store.js": {"lines":{"total":8,"covered":7,"skipped":0,"pct":87.5},"functions":{"total":2,"covered":1,"skipped":0,"pct":50},"statements":{"total":8,"covered":7,"skipped":0,"pct":87.5},"branches":{"total":0,"covered":0,"skipped":0,"pct":100}}
,"/Users/litefarmresearchassistant/Workspace/LiteFarm/packages/webapp/src/util/constants.js": {"lines":{"total":4,"covered":4,"skipped":0,"pct":100},"functions":{"total":0,"covered":0,"skipped":0,"pct":100},"statements":{"total":4,"covered":4,"skipped":0,"pct":100},"branches":{"total":0,"covered":0,"skipped":0,"pct":100}}
,"/Users/litefarmresearchassistant/Workspace/LiteFarm/packages/webapp/src/util/getLanguageFromLocalStorage.js": {"lines":{"total":3,"covered":3,"skipped":0,"pct":100},"functions":{"total":1,"covered":1,"skipped":0,"pct":100},"statements":{"total":3,"covered":3,"skipped":0,"pct":100},"branches":{"total":2,"covered":1,"skipped":0,"pct":50}}
,"/Users/litefarmresearchassistant/Workspace/LiteFarm/packages/webapp/src/util/index.js": {"lines":{"total":59,"covered":25,"skipped":0,"pct":42.37},"functions":{"total":17,"covered":1,"skipped":0,"pct":5.88},"statements":{"total":60,"covered":25,"skipped":0,"pct":41.66},"branches":{"total":44,"covered":5,"skipped":0,"pct":11.36}}
,"/Users/litefarmresearchassistant/Workspace/LiteFarm/packages/webapp/src/util/jwt.js": {"lines":{"total":9,"covered":5,"skipped":0,"pct":55.55},"functions":{"total":4,"covered":2,"skipped":0,"pct":50},"statements":{"total":10,"covered":6,"skipped":0,"pct":60},"branches":{"total":0,"covered":0,"skipped":0,"pct":100}}
,"/Users/litefarmresearchassistant/Workspace/LiteFarm/packages/webapp/src/util/moment.js": {"lines":{"total":18,"covered":11,"skipped":0,"pct":61.11},"functions":{"total":11,"covered":0,"skipped":0,"pct":0},"statements":{"total":22,"covered":11,"skipped":0,"pct":50},"branches":{"total":5,"covered":0,"skipped":0,"pct":0}}
,"/Users/litefarmresearchassistant/Workspace/LiteFarm/packages/webapp/src/util/pick.ts": {"lines":{"total":6,"covered":1,"skipped":0,"pct":16.66},"functions":{"total":1,"covered":0,"skipped":0,"pct":0},"statements":{"total":6,"covered":1,"skipped":0,"pct":16.66},"branches":{"total":3,"covered":0,"skipped":0,"pct":0}}
,"/Users/litefarmresearchassistant/Workspace/LiteFarm/packages/webapp/src/util/convert-units/convert.ts": {"lines":{"total":1,"covered":1,"skipped":0,"pct":100},"functions":{"total":1,"covered":0,"skipped":0,"pct":0},"statements":{"total":2,"covered":1,"skipped":0,"pct":50},"branches":{"total":2,"covered":0,"skipped":0,"pct":0}}
,"/home/runner/work/LiteFarm/LiteFarm/packages/webapp/src/App.jsx": {"lines":{"total":5,"covered":5,"skipped":0,"pct":100},"functions":{"total":4,"covered":4,"skipped":0,"pct":100},"statements":{"total":8,"covered":8,"skipped":0,"pct":100},"branches":{"total":0,"covered":0,"skipped":0,"pct":100}}
,"/home/runner/work/LiteFarm/LiteFarm/packages/webapp/src/Routes.jsx": {"lines":{"total":213,"covered":165,"skipped":0,"pct":77.46},"functions":{"total":144,"covered":35,"skipped":0,"pct":24.3},"statements":{"total":445,"covered":332,"skipped":0,"pct":74.6},"branches":{"total":32,"covered":23,"skipped":0,"pct":71.87}}
,"/home/runner/work/LiteFarm/LiteFarm/packages/webapp/src/apiConfig.js": {"lines":{"total":54,"covered":47,"skipped":0,"pct":87.03},"functions":{"total":0,"covered":0,"skipped":0,"pct":100},"statements":{"total":54,"covered":47,"skipped":0,"pct":87.03},"branches":{"total":15,"covered":4,"skipped":0,"pct":26.66}}
,"/home/runner/work/LiteFarm/LiteFarm/packages/webapp/src/history.js": {"lines":{"total":1,"covered":1,"skipped":0,"pct":100},"functions":{"total":0,"covered":0,"skipped":0,"pct":100},"statements":{"total":1,"covered":1,"skipped":0,"pct":100},"branches":{"total":0,"covered":0,"skipped":0,"pct":100}}
,"/home/runner/work/LiteFarm/LiteFarm/packages/webapp/src/main.jsx": {"lines":{"total":53,"covered":52,"skipped":0,"pct":98.11},"functions":{"total":0,"covered":0,"skipped":0,"pct":100},"statements":{"total":53,"covered":52,"skipped":0,"pct":98.11},"branches":{"total":2,"covered":1,"skipped":0,"pct":50}}
,"/home/runner/work/LiteFarm/LiteFarm/packages/webapp/src/components/ActiveFilterBox/index.jsx": {"lines":{"total":48,"covered":2,"skipped":0,"pct":4.16},"functions":{"total":15,"covered":0,"skipped":0,"pct":0},"statements":{"total":55,"covered":4,"skipped":0,"pct":7.27},"branches":{"total":13,"covered":0,"skipped":0,"pct":0}}
,"/home/runner/work/LiteFarm/LiteFarm/packages/webapp/src/components/AddCropVariety/index.jsx": {"lines":{"total":23,"covered":21,"skipped":0,"pct":91.3},"functions":{"total":3,"covered":2,"skipped":0,"pct":66.66},"statements":{"total":25,"covered":23,"skipped":0,"pct":92},"branches":{"total":10,"covered":6,"skipped":0,"pct":60}}
,"/home/runner/work/LiteFarm/LiteFarm/packages/webapp/src/components/AddCropVariety/ComplianceInfo/index.jsx": {"lines":{"total":16,"covered":16,"skipped":0,"pct":100},"functions":{"total":2,"covered":2,"skipped":0,"pct":100},"statements":{"total":18,"covered":18,"skipped":0,"pct":100},"branches":{"total":7,"covered":6,"skipped":0,"pct":85.71}}
,"/home/runner/work/LiteFarm/LiteFarm/packages/webapp/src/components/AddNewCrop/constants.js": {"lines":{"total":20,"covered":20,"skipped":0,"pct":100},"functions":{"total":0,"covered":0,"skipped":0,"pct":100},"statements":{"total":20,"covered":20,"skipped":0,"pct":100},"branches":{"total":0,"covered":0,"skipped":0,"pct":100}}
,"/home/runner/work/LiteFarm/LiteFarm/packages/webapp/src/components/AddNewCrop/index.jsx": {"lines":{"total":24,"covered":20,"skipped":0,"pct":83.33},"functions":{"total":10,"covered":8,"skipped":0,"pct":80},"statements":{"total":28,"covered":24,"skipped":0,"pct":85.71},"branches":{"total":4,"covered":2,"skipped":0,"pct":50}}
,"/home/runner/work/LiteFarm/LiteFarm/packages/webapp/src/components/Card/index.jsx": {"lines":{"total":3,"covered":3,"skipped":0,"pct":100},"functions":{"total":1,"covered":1,"skipped":0,"pct":100},"statements":{"total":4,"covered":4,"skipped":0,"pct":100},"branches":{"total":2,"covered":0,"skipped":0,"pct":0}}
,"/home/runner/work/LiteFarm/LiteFarm/packages/webapp/src/components/Card/NewReleaseCard/NewReleaseCard.jsx": {"lines":{"total":3,"covered":3,"skipped":0,"pct":100},"functions":{"total":2,"covered":2,"skipped":0,"pct":100},"statements":{"total":5,"covered":5,"skipped":0,"pct":100},"branches":{"total":0,"covered":0,"skipped":0,"pct":100}}
,"/home/runner/work/LiteFarm/LiteFarm/packages/webapp/src/components/CardWithStatus/index.jsx": {"lines":{"total":3,"covered":3,"skipped":0,"pct":100},"functions":{"total":1,"covered":1,"skipped":0,"pct":100},"statements":{"total":3,"covered":3,"skipped":0,"pct":100},"branches":{"total":7,"covered":4,"skipped":0,"pct":57.14}}
,"/home/runner/work/LiteFarm/LiteFarm/packages/webapp/src/components/CardWithStatus/CardWithStatusContainer/CardWithStatusContainer.jsx": {"lines":{"total":2,"covered":2,"skipped":0,"pct":100},"functions":{"total":1,"covered":1,"skipped":0,"pct":100},"statements":{"total":2,"covered":2,"skipped":0,"pct":100},"branches":{"total":0,"covered":0,"skipped":0,"pct":100}}
,"/home/runner/work/LiteFarm/LiteFarm/packages/webapp/src/components/CardWithStatus/ManagementPlanCard/ManagementPlanCard.jsx": {"lines":{"total":7,"covered":7,"skipped":0,"pct":100},"functions":{"total":2,"covered":2,"skipped":0,"pct":100},"statements":{"total":8,"covered":8,"skipped":0,"pct":100},"branches":{"total":9,"covered":7,"skipped":0,"pct":77.77}}
,"/home/runner/work/LiteFarm/LiteFarm/packages/webapp/src/components/CardWithStatus/StatusLabel/index.jsx": {"lines":{"total":5,"covered":5,"skipped":0,"pct":100},"functions":{"total":2,"covered":2,"skipped":0,"pct":100},"statements":{"total":8,"covered":8,"skipped":0,"pct":100},"branches":{"total":3,"covered":2,"skipped":0,"pct":66.66}}
,"/home/runner/work/LiteFarm/LiteFarm/packages/webapp/src/components/CardWithStatus/TaskCard/TaskCard.jsx": {"lines":{"total":20,"covered":18,"skipped":0,"pct":90},"functions":{"total":4,"covered":3,"skipped":0,"pct":75},"statements":{"total":22,"covered":20,"skipped":0,"pct":90.9},"branches":{"total":29,"covered":19,"skipped":0,"pct":65.51}}
,"/home/runner/work/LiteFarm/LiteFarm/packages/webapp/src/components/ChooseFarm/index.jsx": {"lines":{"total":7,"covered":6,"skipped":0,"pct":85.71},"functions":{"total":4,"covered":3,"skipped":0,"pct":75},"statements":{"total":9,"covered":8,"skipped":0,"pct":88.88},"branches":{"total":8,"covered":3,"skipped":0,"pct":37.5}}
,"/home/runner/work/LiteFarm/LiteFarm/packages/webapp/src/components/ChooseFarm/ChooseFarmMenu/ChooseFarmMenuItem/index.jsx": {"lines":{"total":5,"covered":5,"skipped":0,"pct":100},"functions":{"total":2,"covered":2,"skipped":0,"pct":100},"statements":{"total":6,"covered":6,"skipped":0,"pct":100},"branches":{"total":12,"covered":8,"skipped":0,"pct":66.66}}
,"/home/runner/work/LiteFarm/LiteFarm/packages/webapp/src/components/Consent/index.jsx": {"lines":{"total":3,"covered":3,"skipped":0,"pct":100},"functions":{"total":2,"covered":2,"skipped":0,"pct":100},"statements":{"total":6,"covered":6,"skipped":0,"pct":100},"branches":{"total":2,"covered":2,"skipped":0,"pct":100}}
,"/home/runner/work/LiteFarm/LiteFarm/packages/webapp/src/components/CreateUserAccount/index.jsx": {"lines":{"total":32,"covered":32,"skipped":0,"pct":100},"functions":{"total":9,"covered":8,"skipped":0,"pct":88.88},"statements":{"total":36,"covered":36,"skipped":0,"pct":100},"branches":{"total":14,"covered":10,"skipped":0,"pct":71.42}}
,"/home/runner/work/LiteFarm/LiteFarm/packages/webapp/src/components/Crop/CropHeader.jsx": {"lines":{"total":4,"covered":4,"skipped":0,"pct":100},"functions":{"total":2,"covered":2,"skipped":0,"pct":100},"statements":{"total":6,"covered":6,"skipped":0,"pct":100},"branches":{"total":2,"covered":1,"skipped":0,"pct":50}}
,"/home/runner/work/LiteFarm/LiteFarm/packages/webapp/src/components/Crop/Management.jsx": {"lines":{"total":20,"covered":16,"skipped":0,"pct":80},"functions":{"total":9,"covered":5,"skipped":0,"pct":55.55},"statements":{"total":23,"covered":18,"skipped":0,"pct":78.26},"branches":{"total":15,"covered":8,"skipped":0,"pct":53.33}}
,"/home/runner/work/LiteFarm/LiteFarm/packages/webapp/src/components/Crop/addManagementPlanPaths.js": {"lines":{"total":38,"covered":38,"skipped":0,"pct":100},"functions":{"total":20,"covered":20,"skipped":0,"pct":100},"statements":{"total":40,"covered":40,"skipped":0,"pct":100},"branches":{"total":0,"covered":0,"skipped":0,"pct":100}}
,"/home/runner/work/LiteFarm/LiteFarm/packages/webapp/src/components/Crop/getAddManagementPlanPath.js": {"lines":{"total":47,"covered":35,"skipped":0,"pct":74.46},"functions":{"total":14,"covered":10,"skipped":0,"pct":71.42},"statements":{"total":49,"covered":37,"skipped":0,"pct":75.51},"branches":{"total":57,"covered":24,"skipped":0,"pct":42.1}}
,"/home/runner/work/LiteFarm/LiteFarm/packages/webapp/src/components/Crop/BedPlan/PureBedForm.jsx": {"lines":{"total":38,"covered":2,"skipped":0,"pct":5.26},"functions":{"total":3,"covered":0,"skipped":0,"pct":0},"statements":{"total":40,"covered":3,"skipped":0,"pct":7.5},"branches":{"total":27,"covered":0,"skipped":0,"pct":0}}
,"/home/runner/work/LiteFarm/LiteFarm/packages/webapp/src/components/Crop/BedPlan/PurePlanGuidance.jsx": {"lines":{"total":9,"covered":8,"skipped":0,"pct":88.88},"functions":{"total":4,"covered":3,"skipped":0,"pct":75},"statements":{"total":11,"covered":10,"skipped":0,"pct":90.9},"branches":{"total":7,"covered":5,"skipped":0,"pct":71.42}}
,"/home/runner/work/LiteFarm/LiteFarm/packages/webapp/src/components/Crop/BedPlan/PurePlanGuidanceForm.jsx": {"lines":{"total":16,"covered":16,"skipped":0,"pct":100},"functions":{"total":2,"covered":2,"skipped":0,"pct":100},"statements":{"total":18,"covered":18,"skipped":0,"pct":100},"branches":{"total":21,"covered":9,"skipped":0,"pct":42.85}}
,"/home/runner/work/LiteFarm/LiteFarm/packages/webapp/src/components/Crop/BroadcastPlan/PureBroadcastForm.jsx": {"lines":{"total":53,"covered":2,"skipped":0,"pct":3.77},"functions":{"total":9,"covered":0,"skipped":0,"pct":0},"statements":{"total":59,"covered":3,"skipped":0,"pct":5.08},"branches":{"total":25,"covered":0,"skipped":0,"pct":0}}
,"/home/runner/work/LiteFarm/LiteFarm/packages/webapp/src/components/Crop/ManagementDetail/ManagementPlanTasks.jsx": {"lines":{"total":14,"covered":9,"skipped":0,"pct":64.28},"functions":{"total":5,"covered":2,"skipped":0,"pct":40},"statements":{"total":15,"covered":10,"skipped":0,"pct":66.66},"branches":{"total":15,"covered":12,"skipped":0,"pct":80}}
,"/home/runner/work/LiteFarm/LiteFarm/packages/webapp/src/components/Crop/ManagementPlanName/index.jsx": {"lines":{"total":12,"covered":12,"skipped":0,"pct":100},"functions":{"total":3,"covered":2,"skipped":0,"pct":66.66},"statements":{"total":15,"covered":14,"skipped":0,"pct":93.33},"branches":{"total":0,"covered":0,"skipped":0,"pct":100}}
,"/home/runner/work/LiteFarm/LiteFarm/packages/webapp/src/components/Crop/PlantInContainer/PureContainerForm.jsx": {"lines":{"total":52,"covered":47,"skipped":0,"pct":90.38},"functions":{"total":3,"covered":3,"skipped":0,"pct":100},"statements":{"total":54,"covered":48,"skipped":0,"pct":88.88},"branches":{"total":58,"covered":36,"skipped":0,"pct":62.06}}
,"/home/runner/work/LiteFarm/LiteFarm/packages/webapp/src/components/Crop/PlantInContainer/index.jsx": {"lines":{"total":15,"covered":14,"skipped":0,"pct":93.33},"functions":{"total":6,"covered":4,"skipped":0,"pct":66.66},"statements":{"total":19,"covered":16,"skipped":0,"pct":84.21},"branches":{"total":11,"covered":6,"skipped":0,"pct":54.54}}
,"/home/runner/work/LiteFarm/LiteFarm/packages/webapp/src/components/Crop/PlantedAlready/index.jsx": {"lines":{"total":48,"covered":33,"skipped":0,"pct":68.75},"functions":{"total":6,"covered":5,"skipped":0,"pct":83.33},"statements":{"total":54,"covered":36,"skipped":0,"pct":66.66},"branches":{"total":25,"covered":9,"skipped":0,"pct":36}}
,"/home/runner/work/LiteFarm/LiteFarm/packages/webapp/src/components/Crop/PlantingDate/NextHarvest.jsx": {"lines":{"total":22,"covered":2,"skipped":0,"pct":9.09},"functions":{"total":6,"covered":0,"skipped":0,"pct":0},"statements":{"total":26,"covered":3,"skipped":0,"pct":11.53},"branches":{"total":6,"covered":0,"skipped":0,"pct":0}}
,"/home/runner/work/LiteFarm/LiteFarm/packages/webapp/src/components/Crop/PlantingDate/PurePlantingDate.jsx": {"lines":{"total":89,"covered":84,"skipped":0,"pct":94.38},"functions":{"total":19,"covered":17,"skipped":0,"pct":89.47},"statements":{"total":107,"covered":88,"skipped":0,"pct":82.24},"branches":{"total":180,"covered":88,"skipped":0,"pct":48.88}}
,"/home/runner/work/LiteFarm/LiteFarm/packages/webapp/src/components/Crop/PlantingDate/PurePlantingOrHarvestDate.jsx": {"lines":{"total":6,"covered":6,"skipped":0,"pct":100},"functions":{"total":1,"covered":1,"skipped":0,"pct":100},"statements":{"total":6,"covered":6,"skipped":0,"pct":100},"branches":{"total":5,"covered":2,"skipped":0,"pct":40}}
,"/home/runner/work/LiteFarm/LiteFarm/packages/webapp/src/components/Crop/PlantingLocation/index.jsx": {"lines":{"total":79,"covered":54,"skipped":0,"pct":68.35},"functions":{"total":18,"covered":11,"skipped":0,"pct":61.11},"statements":{"total":87,"covered":59,"skipped":0,"pct":67.81},"branches":{"total":63,"covered":36,"skipped":0,"pct":57.14}}
,"/home/runner/work/LiteFarm/LiteFarm/packages/webapp/src/components/Crop/PlantingMethod/PureManagementPlanPlantingMethod.jsx": {"lines":{"total":25,"covered":25,"skipped":0,"pct":100},"functions":{"total":6,"covered":4,"skipped":0,"pct":66.66},"statements":{"total":28,"covered":27,"skipped":0,"pct":96.42},"branches":{"total":63,"covered":22,"skipped":0,"pct":34.92}}
,"/home/runner/work/LiteFarm/LiteFarm/packages/webapp/src/components/Crop/PlantingMethod/PurePlantingMethod.jsx": {"lines":{"total":15,"covered":14,"skipped":0,"pct":93.33},"functions":{"total":6,"covered":3,"skipped":0,"pct":50},"statements":{"total":18,"covered":15,"skipped":0,"pct":83.33},"branches":{"total":8,"covered":5,"skipped":0,"pct":62.5}}
,"/home/runner/work/LiteFarm/LiteFarm/packages/webapp/src/components/Crop/RowMethod/PureRowForm.jsx": {"lines":{"total":54,"covered":47,"skipped":0,"pct":87.03},"functions":{"total":5,"covered":5,"skipped":0,"pct":100},"statements":{"total":58,"covered":51,"skipped":0,"pct":87.93},"branches":{"total":53,"covered":35,"skipped":0,"pct":66.03}}
,"/home/runner/work/LiteFarm/LiteFarm/packages/webapp/src/components/Crop/RowMethod/index.jsx": {"lines":{"total":9,"covered":8,"skipped":0,"pct":88.88},"functions":{"total":4,"covered":3,"skipped":0,"pct":75},"statements":{"total":12,"covered":11,"skipped":0,"pct":91.66},"branches":{"total":6,"covered":4,"skipped":0,"pct":66.66}}
,"/home/runner/work/LiteFarm/LiteFarm/packages/webapp/src/components/Crop/Transplant/index.jsx": {"lines":{"total":16,"covered":16,"skipped":0,"pct":100},"functions":{"total":4,"covered":3,"skipped":0,"pct":75},"statements":{"total":19,"covered":18,"skipped":0,"pct":94.73},"branches":{"total":2,"covered":2,"skipped":0,"pct":100}}
,"/home/runner/work/LiteFarm/LiteFarm/packages/webapp/src/components/CropCatalogue/CropStatusInfoBox/index.jsx": {"lines":{"total":8,"covered":8,"skipped":0,"pct":100},"functions":{"total":3,"covered":2,"skipped":0,"pct":66.66},"statements":{"total":11,"covered":10,"skipped":0,"pct":90.9},"branches":{"total":3,"covered":2,"skipped":0,"pct":66.66}}
,"/home/runner/work/LiteFarm/LiteFarm/packages/webapp/src/components/CropTile/index.jsx": {"lines":{"total":8,"covered":6,"skipped":0,"pct":75},"functions":{"total":3,"covered":2,"skipped":0,"pct":66.66},"statements":{"total":9,"covered":7,"skipped":0,"pct":77.77},"branches":{"total":18,"covered":16,"skipped":0,"pct":88.88}}
,"/home/runner/work/LiteFarm/LiteFarm/packages/webapp/src/components/CropTile/useCropTileListGap.js": {"lines":{"total":20,"covered":16,"skipped":0,"pct":80},"functions":{"total":4,"covered":4,"skipped":0,"pct":100},"statements":{"total":20,"covered":16,"skipped":0,"pct":80},"branches":{"total":13,"covered":9,"skipped":0,"pct":69.23}}
,"/home/runner/work/LiteFarm/LiteFarm/packages/webapp/src/components/CropTile/CropTileContainer/index.jsx": {"lines":{"total":4,"covered":4,"skipped":0,"pct":100},"functions":{"total":2,"covered":2,"skipped":0,"pct":100},"statements":{"total":6,"covered":6,"skipped":0,"pct":100},"branches":{"total":0,"covered":0,"skipped":0,"pct":100}}
,"/home/runner/work/LiteFarm/LiteFarm/packages/webapp/src/components/CropTile/ManagementPlanTile/index.jsx": {"lines":{"total":13,"covered":13,"skipped":0,"pct":100},"functions":{"total":5,"covered":3,"skipped":0,"pct":60},"statements":{"total":17,"covered":15,"skipped":0,"pct":88.23},"branches":{"total":12,"covered":9,"skipped":0,"pct":75}}
,"/home/runner/work/LiteFarm/LiteFarm/packages/webapp/src/components/CustomSignUp/index.jsx": {"lines":{"total":9,"covered":9,"skipped":0,"pct":100},"functions":{"total":3,"covered":2,"skipped":0,"pct":66.66},"statements":{"total":10,"covered":10,"skipped":0,"pct":100},"branches":{"total":5,"covered":2,"skipped":0,"pct":40}}
[...]
,"/home/runner/work/LiteFarm/LiteFarm/packages/webapp/src/containers/Task/index.jsx": {"lines":{"total":71,"covered":51,"skipped":0,"pct":71.83},"functions":{"total":16,"covered":10,"skipped":0,"pct":62.5},"statements":{"total":80,"covered":54,"skipped":0,"pct":67.5},"branches":{"total":29,"covered":15,"skipped":0,"pct":51.72}}
,"/home/runner/work/LiteFarm/LiteFarm/packages/webapp/src/containers/Task/onAddTask.js": {"lines":{"total":3,"covered":3,"skipped":0,"pct":100},"functions":{"total":2,"covered":2,"skipped":0,"pct":100},"statements":{"total":4,"covered":4,"skipped":0,"pct":100},"branches":{"total":0,"covered":0,"skipped":0,"pct":100}}
,"/home/runner/work/LiteFarm/LiteFarm/packages/webapp/src/containers/Task/saga.js": {"lines":{"total":257,"covered":171,"skipped":0,"pct":66.53},"functions":{"total":48,"covered":36,"skipped":0,"pct":75},"statements":{"total":261,"covered":173,"skipped":0,"pct":66.28},"branches":{"total":37,"covered":20,"skipped":0,"pct":54.05}}
,"/home/runner/work/LiteFarm/LiteFarm/packages/webapp/src/containers/Task/taskCardContentSelector.js": {"lines":{"total":58,"covered":53,"skipped":0,"pct":91.37},"functions":{"total":14,"covered":12,"skipped":0,"pct":85.71},"statements":{"total":65,"covered":57,"skipped":0,"pct":87.69},"branches":{"total":33,"covered":28,"skipped":0,"pct":84.84}}
,"/home/runner/work/LiteFarm/LiteFarm/packages/webapp/src/containers/Task/tasksFilter.js": {"lines":{"total":35,"covered":32,"skipped":0,"pct":91.42},"functions":{"total":17,"covered":14,"skipped":0,"pct":82.35},"statements":{"total":39,"covered":33,"skipped":0,"pct":84.61},"branches":{"total":20,"covered":12,"skipped":0,"pct":60}}
,"/home/runner/work/LiteFarm/LiteFarm/packages/webapp/src/containers/Task/useIsTaskType.js": {"lines":{"total":6,"covered":6,"skipped":0,"pct":100},"functions":{"total":2,"covered":2,"skipped":0,"pct":100},"statements":{"total":6,"covered":6,"skipped":0,"pct":100},"branches":{"total":2,"covered":2,"skipped":0,"pct":100}}
,"/home/runner/work/LiteFarm/LiteFarm/packages/webapp/src/containers/Task/useReadOnlyPinCoordinates.js": {"lines":{"total":7,"covered":7,"skipped":0,"pct":100},"functions":{"total":4,"covered":4,"skipped":0,"pct":100},"statements":{"total":7,"covered":7,"skipped":0,"pct":100},"branches":{"total":0,"covered":0,"skipped":0,"pct":100}}
,"/home/runner/work/LiteFarm/LiteFarm/packages/webapp/src/containers/Task/TaskAbandon/index.jsx": {"lines":{"total":21,"covered":18,"skipped":0,"pct":85.71},"functions":{"total":6,"covered":5,"skipped":0,"pct":83.33},"statements":{"total":24,"covered":21,"skipped":0,"pct":87.5},"branches":{"total":16,"covered":6,"skipped":0,"pct":37.5}}
,"/home/runner/work/LiteFarm/LiteFarm/packages/webapp/src/containers/Task/TaskAssignment/index.jsx": {"lines":{"total":39,"covered":33,"skipped":0,"pct":84.61},"functions":{"total":7,"covered":5,"skipped":0,"pct":71.42},"statements":{"total":44,"covered":38,"skipped":0,"pct":86.36},"branches":{"total":4,"covered":2,"skipped":0,"pct":50}}
,"/home/runner/work/LiteFarm/LiteFarm/packages/webapp/src/containers/Task/TaskCard/index.jsx": {"lines":{"total":28,"covered":25,"skipped":0,"pct":89.28},"functions":{"total":10,"covered":6,"skipped":0,"pct":60},"statements":{"total":34,"covered":29,"skipped":0,"pct":85.29},"branches":{"total":18,"covered":11,"skipped":0,"pct":61.11}}
,"/home/runner/work/LiteFarm/LiteFarm/packages/webapp/src/containers/Task/TaskComplete/StepOne.jsx": {"lines":{"total":13,"covered":12,"skipped":0,"pct":92.3},"functions":{"total":4,"covered":3,"skipped":0,"pct":75},"statements":{"total":16,"covered":15,"skipped":0,"pct":93.75},"branches":{"total":0,"covered":0,"skipped":0,"pct":100}}
,"/home/runner/work/LiteFarm/LiteFarm/packages/webapp/src/containers/Task/TaskComplete/index.jsx": {"lines":{"total":10,"covered":9,"skipped":0,"pct":90},"functions":{"total":4,"covered":3,"skipped":0,"pct":75},"statements":{"total":12,"covered":11,"skipped":0,"pct":91.66},"branches":{"total":2,"covered":2,"skipped":0,"pct":100}}
,"/home/runner/work/LiteFarm/LiteFarm/packages/webapp/src/containers/Task/TaskCrops/index.jsx": {"lines":{"total":30,"covered":23,"skipped":0,"pct":76.66},"functions":{"total":9,"covered":5,"skipped":0,"pct":55.55},"statements":{"total":38,"covered":29,"skipped":0,"pct":76.31},"branches":{"total":18,"covered":14,"skipped":0,"pct":77.77}}
,"/home/runner/work/LiteFarm/LiteFarm/packages/webapp/src/containers/Task/TaskCrops/managementPlansWithLocationSelector.js": {"lines":{"total":67,"covered":31,"skipped":0,"pct":46.26},"functions":{"total":27,"covered":6,"skipped":0,"pct":22.22},"statements":{"total":70,"covered":31,"skipped":0,"pct":44.28},"branches":{"total":18,"covered":5,"skipped":0,"pct":27.77}}
,"/home/runner/work/LiteFarm/LiteFarm/packages/webapp/src/containers/Task/TaskCrops/useManagementPlanTilesByLocationIds.js": {"lines":{"total":37,"covered":35,"skipped":0,"pct":94.59},"functions":{"total":12,"covered":12,"skipped":0,"pct":100},"statements":{"total":37,"covered":35,"skipped":0,"pct":94.59},"branches":{"total":13,"covered":10,"skipped":0,"pct":76.92}}
,"/home/runner/work/LiteFarm/LiteFarm/packages/webapp/src/containers/Task/TaskDate/index.jsx": {"lines":{"total":29,"covered":8,"skipped":0,"pct":27.58},"functions":{"total":6,"covered":4,"skipped":0,"pct":66.66},"statements":{"total":39,"covered":12,"skipped":0,"pct":30.76},"branches":{"total":26,"covered":2,"skipped":0,"pct":7.69}}
,"/home/runner/work/LiteFarm/LiteFarm/packages/webapp/src/containers/Task/TaskDetails/index.jsx": {"lines":{"total":25,"covered":23,"skipped":0,"pct":92},"functions":{"total":7,"covered":4,"skipped":0,"pct":57.14},"statements":{"total":28,"covered":26,"skipped":0,"pct":92.85},"branches":{"total":2,"covered":1,"skipped":0,"pct":50}}
,"/home/runner/work/LiteFarm/LiteFarm/packages/webapp/src/containers/Task/TaskLocations/index.jsx": {"lines":{"total":50,"covered":26,"skipped":0,"pct":52},"functions":{"total":18,"covered":7,"skipped":0,"pct":38.88},"statements":{"total":65,"covered":36,"skipped":0,"pct":55.38},"branches":{"total":13,"covered":8,"skipped":0,"pct":61.53}}
,"/home/runner/work/LiteFarm/LiteFarm/packages/webapp/src/containers/Task/TaskReadOnly/index.jsx": {"lines":{"total":31,"covered":28,"skipped":0,"pct":90.32},"functions":{"total":10,"covered":7,"skipped":0,"pct":70},"statements":{"total":38,"covered":33,"skipped":0,"pct":86.84},"branches":{"total":4,"covered":2,"skipped":0,"pct":50}}
,"/home/runner/work/LiteFarm/LiteFarm/packages/webapp/src/containers/Task/TaskReadOnly/useReadonlyTask.js": {"lines":{"total":49,"covered":45,"skipped":0,"pct":91.83},"functions":{"total":9,"covered":9,"skipped":0,"pct":100},"statements":{"total":50,"covered":46,"skipped":0,"pct":92},"branches":{"total":14,"covered":11,"skipped":0,"pct":78.57}}
,"/home/runner/work/LiteFarm/LiteFarm/packages/webapp/src/containers/Task/TaskTypeSelection/index.jsx": {"lines":{"total":21,"covered":19,"skipped":0,"pct":90.47},"functions":{"total":8,"covered":5,"skipped":0,"pct":62.5},"statements":{"total":26,"covered":24,"skipped":0,"pct":92.3},"branches":{"total":0,"covered":0,"skipped":0,"pct":100}}
,"/home/runner/work/LiteFarm/LiteFarm/packages/webapp/src/containers/WeatherBoard/index.jsx": {"lines":{"total":11,"covered":11,"skipped":0,"pct":100},"functions":{"total":3,"covered":3,"skipped":0,"pct":100},"statements":{"total":14,"covered":14,"skipped":0,"pct":100},"branches":{"total":4,"covered":2,"skipped":0,"pct":50}}
,"/home/runner/work/LiteFarm/LiteFarm/packages/webapp/src/containers/WeatherBoard/saga.js": {"lines":{"total":21,"covered":19,"skipped":0,"pct":90.47},"functions":{"total":2,"covered":2,"skipped":0,"pct":100},"statements":{"total":21,"covered":19,"skipped":0,"pct":90.47},"branches":{"total":6,"covered":4,"skipped":0,"pct":66.66}}
,"/home/runner/work/LiteFarm/LiteFarm/packages/webapp/src/containers/WeatherBoard/weatherSlice.js": {"lines":{"total":15,"covered":14,"skipped":0,"pct":93.33},"functions":{"total":8,"covered":6,"skipped":0,"pct":75},"statements":{"total":16,"covered":14,"skipped":0,"pct":87.5},"branches":{"total":2,"covered":2,"skipped":0,"pct":100}}
,"/home/runner/work/LiteFarm/LiteFarm/packages/webapp/src/containers/WeatherBoard/utils/icons.js": {"lines":{"total":1,"covered":1,"skipped":0,"pct":100},"functions":{"total":0,"covered":0,"skipped":0,"pct":100},"statements":{"total":1,"covered":1,"skipped":0,"pct":100},"branches":{"total":0,"covered":0,"skipped":0,"pct":100}}
,"/home/runner/work/LiteFarm/LiteFarm/packages/webapp/src/containers/WeatherBoard/utils/index.jsx": {"lines":{"total":13,"covered":9,"skipped":0,"pct":69.23},"functions":{"total":3,"covered":3,"skipped":0,"pct":100},"statements":{"total":13,"covered":9,"skipped":0,"pct":69.23},"branches":{"total":5,"covered":2,"skipped":0,"pct":40}}
,"/home/runner/work/LiteFarm/LiteFarm/packages/webapp/src/containers/WelcomeScreen/index.jsx": {"lines":{"total":14,"covered":14,"skipped":0,"pct":100},"functions":{"total":5,"covered":5,"skipped":0,"pct":100},"statements":{"total":17,"covered":17,"skipped":0,"pct":100},"branches":{"total":7,"covered":5,"skipped":0,"pct":71.42}}
,"/home/runner/work/LiteFarm/LiteFarm/packages/webapp/src/containers/hooks/useComponentWidthHeight.js": {"lines":{"total":12,"covered":12,"skipped":0,"pct":100},"functions":{"total":5,"covered":5,"skipped":0,"pct":100},"statements":{"total":13,"covered":13,"skipped":0,"pct":100},"branches":{"total":4,"covered":4,"skipped":0,"pct":100}}
,"/home/runner/work/LiteFarm/LiteFarm/packages/webapp/src/containers/hooks/useScrollToTop.js": {"lines":{"total":2,"covered":2,"skipped":0,"pct":100},"functions":{"total":2,"covered":2,"skipped":0,"pct":100},"statements":{"total":2,"covered":2,"skipped":0,"pct":100},"branches":{"total":2,"covered":2,"skipped":0,"pct":100}}
,"/home/runner/work/LiteFarm/LiteFarm/packages/webapp/src/containers/hooks/useWindowInnerHeight.js": {"lines":{"total":8,"covered":6,"skipped":0,"pct":75},"functions":{"total":4,"covered":3,"skipped":0,"pct":75},"statements":{"total":9,"covered":7,"skipped":0,"pct":77.77},"branches":{"total":1,"covered":0,"skipped":0,"pct":0}}
,"/home/runner/work/LiteFarm/LiteFarm/packages/webapp/src/containers/hooks/useHookFormPersist/HookFormPersistProvider.jsx": {"lines":{"total":6,"covered":6,"skipped":0,"pct":100},"functions":{"total":3,"covered":3,"skipped":0,"pct":100},"statements":{"total":9,"covered":9,"skipped":0,"pct":100},"branches":{"total":2,"covered":2,"skipped":0,"pct":100}}
,"/home/runner/work/LiteFarm/LiteFarm/packages/webapp/src/containers/hooks/useHookFormPersist/hookFormPersistSlice.js": {"lines":{"total":40,"covered":31,"skipped":0,"pct":77.5},"functions":{"total":22,"covered":13,"skipped":0,"pct":59.09},"statements":{"total":40,"covered":31,"skipped":0,"pct":77.5},"branches":{"total":10,"covered":8,"skipped":0,"pct":80}}
,"/home/runner/work/LiteFarm/LiteFarm/packages/webapp/src/containers/hooks/useHookFormPersist/index.jsx": {"lines":{"total":34,"covered":28,"skipped":0,"pct":82.35},"functions":{"total":9,"covered":5,"skipped":0,"pct":55.55},"statements":{"total":39,"covered":29,"skipped":0,"pct":74.35},"branches":{"total":21,"covered":13,"skipped":0,"pct":61.9}}
,"/home/runner/work/LiteFarm/LiteFarm/packages/webapp/src/containers/hooks/useHookFormPersist/utils.js": {"lines":{"total":18,"covered":12,"skipped":0,"pct":66.66},"functions":{"total":4,"covered":3,"skipped":0,"pct":75},"statements":{"total":18,"covered":12,"skipped":0,"pct":66.66},"branches":{"total":8,"covered":5,"skipped":0,"pct":62.5}}
,"/home/runner/work/LiteFarm/LiteFarm/packages/webapp/src/containers/slice/taskSlice/cleaningTaskSlice.js": {"lines":{"total":19,"covered":17,"skipped":0,"pct":89.47},"functions":{"total":8,"covered":5,"skipped":0,"pct":62.5},"statements":{"total":20,"covered":17,"skipped":0,"pct":85},"branches":{"total":0,"covered":0,"skipped":0,"pct":100}}
,"/home/runner/work/LiteFarm/LiteFarm/packages/webapp/src/containers/slice/taskSlice/fieldWorkTaskSlice.js": {"lines":{"total":20,"covered":17,"skipped":0,"pct":85},"functions":{"total":8,"covered":5,"skipped":0,"pct":62.5},"statements":{"total":20,"covered":17,"skipped":0,"pct":85},"branches":{"total":0,"covered":0,"skipped":0,"pct":100}}
,"/home/runner/work/LiteFarm/LiteFarm/packages/webapp/src/containers/slice/taskSlice/harvestTaskSlice.js": {"lines":{"total":19,"covered":17,"skipped":0,"pct":89.47},"functions":{"total":8,"covered":5,"skipped":0,"pct":62.5},"statements":{"total":20,"covered":17,"skipped":0,"pct":85},"branches":{"total":0,"covered":0,"skipped":0,"pct":100}}
,"/home/runner/work/LiteFarm/LiteFarm/packages/webapp/src/containers/slice/taskSlice/pestControlTaskSlice.js": {"lines":{"total":20,"covered":17,"skipped":0,"pct":85},"functions":{"total":8,"covered":5,"skipped":0,"pct":62.5},"statements":{"total":20,"covered":17,"skipped":0,"pct":85},"branches":{"total":0,"covered":0,"skipped":0,"pct":100}}
,"/home/runner/work/LiteFarm/LiteFarm/packages/webapp/src/containers/slice/taskSlice/plantTaskSlice.js": {"lines":{"total":28,"covered":26,"skipped":0,"pct":92.85},"functions":{"total":12,"covered":9,"skipped":0,"pct":75},"statements":{"total":29,"covered":26,"skipped":0,"pct":89.65},"branches":{"total":0,"covered":0,"skipped":0,"pct":100}}
,"/home/runner/work/LiteFarm/LiteFarm/packages/webapp/src/containers/slice/taskSlice/soilAmendmentTaskSlice.js": {"lines":{"total":20,"covered":17,"skipped":0,"pct":85},"functions":{"total":8,"covered":5,"skipped":0,"pct":62.5},"statements":{"total":20,"covered":17,"skipped":0,"pct":85},"branches":{"total":0,"covered":0,"skipped":0,"pct":100}}
,"/home/runner/work/LiteFarm/LiteFarm/packages/webapp/src/containers/slice/taskSlice/transplantTaskSlice.js": {"lines":{"total":32,"covered":29,"skipped":0,"pct":90.62},"functions":{"total":12,"covered":9,"skipped":0,"pct":75},"statements":{"total":32,"covered":29,"skipped":0,"pct":90.62},"branches":{"total":3,"covered":3,"skipped":0,"pct":100}}
,"/home/runner/work/LiteFarm/LiteFarm/packages/webapp/src/locales/i18n.js": {"lines":{"total":1,"covered":1,"skipped":0,"pct":100},"functions":{"total":0,"covered":0,"skipped":0,"pct":100},"statements":{"total":1,"covered":1,"skipped":0,"pct":100},"branches":{"total":0,"covered":0,"skipped":0,"pct":100}}
,"/home/runner/work/LiteFarm/LiteFarm/packages/webapp/src/routes/Onboarding.jsx": {"lines":{"total":25,"covered":23,"skipped":0,"pct":92},"functions":{"total":17,"covered":14,"skipped":0,"pct":82.35},"statements":{"total":46,"covered":43,"skipped":0,"pct":93.47},"branches":{"total":50,"covered":47,"skipped":0,"pct":94}}
,"/home/runner/work/LiteFarm/LiteFarm/packages/webapp/src/store/actionTypes.js": {"lines":{"total":1,"covered":1,"skipped":0,"pct":100},"functions":{"total":0,"covered":0,"skipped":0,"pct":100},"statements":{"total":1,"covered":1,"skipped":0,"pct":100},"branches":{"total":0,"covered":0,"skipped":0,"pct":100}}
,"/home/runner/work/LiteFarm/LiteFarm/packages/webapp/src/store/getFromReduxStore.js": {"lines":{"total":12,"covered":8,"skipped":0,"pct":66.66},"functions":{"total":3,"covered":2,"skipped":0,"pct":66.66},"statements":{"total":12,"covered":8,"skipped":0,"pct":66.66},"branches":{"total":6,"covered":2,"skipped":0,"pct":33.33}}
,"/home/runner/work/LiteFarm/LiteFarm/packages/webapp/src/store/reducer.js": {"lines":{"total":19,"covered":16,"skipped":0,"pct":84.21},"functions":{"total":1,"covered":1,"skipped":0,"pct":100},"statements":{"total":19,"covered":16,"skipped":0,"pct":84.21},"branches":{"total":4,"covered":2,"skipped":0,"pct":50}}
,"/home/runner/work/LiteFarm/LiteFarm/packages/webapp/src/store/sagaMiddleware.js": {"lines":{"total":1,"covered":1,"skipped":0,"pct":100},"functions":{"total":0,"covered":0,"skipped":0,"pct":100},"statements":{"total":1,"covered":1,"skipped":0,"pct":100},"branches":{"total":0,"covered":0,"skipped":0,"pct":100}}
,"/home/runner/work/LiteFarm/LiteFarm/packages/webapp/src/store/store.js": {"lines":{"total":8,"covered":7,"skipped":0,"pct":87.5},"functions":{"total":2,"covered":1,"skipped":0,"pct":50},"statements":{"total":8,"covered":7,"skipped":0,"pct":87.5},"branches":{"total":0,"covered":0,"skipped":0,"pct":100}}
,"/home/runner/work/LiteFarm/LiteFarm/packages/webapp/src/util/constants.js": {"lines":{"total":4,"covered":4,"skipped":0,"pct":100},"functions":{"total":0,"covered":0,"skipped":0,"pct":100},"statements":{"total":4,"covered":4,"skipped":0,"pct":100},"branches":{"total":0,"covered":0,"skipped":0,"pct":100}}
,"/home/runner/work/LiteFarm/LiteFarm/packages/webapp/src/util/device.js": {"lines":{"total":3,"covered":2,"skipped":0,"pct":66.66},"functions":{"total":1,"covered":0,"skipped":0,"pct":0},"statements":{"total":3,"covered":2,"skipped":0,"pct":66.66},"branches":{"total":0,"covered":0,"skipped":0,"pct":100}}
,"/home/runner/work/LiteFarm/LiteFarm/packages/webapp/src/util/getArrayWithUniqueValues.js": {"lines":{"total":1,"covered":0,"skipped":0,"pct":0},"functions":{"total":2,"covered":0,"skipped":0,"pct":0},"statements":{"total":2,"covered":0,"skipped":0,"pct":0},"branches":{"total":0,"covered":0,"skipped":0,"pct":100}}
,"/home/runner/work/LiteFarm/LiteFarm/packages/webapp/src/util/getLanguageFromLocalStorage.js": {"lines":{"total":3,"covered":3,"skipped":0,"pct":100},"functions":{"total":1,"covered":1,"skipped":0,"pct":100},"statements":{"total":3,"covered":3,"skipped":0,"pct":100},"branches":{"total":2,"covered":1,"skipped":0,"pct":50}}
,"/home/runner/work/LiteFarm/LiteFarm/packages/webapp/src/util/grabCurrencySymbol.js": {"lines":{"total":3,"covered":2,"skipped":0,"pct":66.66},"functions":{"total":1,"covered":1,"skipped":0,"pct":100},"statements":{"total":3,"covered":2,"skipped":0,"pct":66.66},"branches":{"total":5,"covered":3,"skipped":0,"pct":60}}
,"/home/runner/work/LiteFarm/LiteFarm/packages/webapp/src/util/index.js": {"lines":{"total":59,"covered":39,"skipped":0,"pct":66.1},"functions":{"total":17,"covered":6,"skipped":0,"pct":35.29},"statements":{"total":60,"covered":40,"skipped":0,"pct":66.66},"branches":{"total":44,"covered":16,"skipped":0,"pct":36.36}}
,"/home/runner/work/LiteFarm/LiteFarm/packages/webapp/src/util/jwt.js": {"lines":{"total":9,"covered":5,"skipped":0,"pct":55.55},"functions":{"total":4,"covered":2,"skipped":0,"pct":50},"statements":{"total":10,"covered":6,"skipped":0,"pct":60},"branches":{"total":0,"covered":0,"skipped":0,"pct":100}}
,"/home/runner/work/LiteFarm/LiteFarm/packages/webapp/src/util/moment.js": {"lines":{"total":18,"covered":16,"skipped":0,"pct":88.88},"functions":{"total":11,"covered":6,"skipped":0,"pct":54.54},"statements":{"total":22,"covered":17,"skipped":0,"pct":77.27},"branches":{"total":5,"covered":4,"skipped":0,"pct":80}}
,"/home/runner/work/LiteFarm/LiteFarm/packages/webapp/src/util/pick.ts": {"lines":{"total":6,"covered":6,"skipped":0,"pct":100},"functions":{"total":1,"covered":1,"skipped":0,"pct":100},"statements":{"total":6,"covered":6,"skipped":0,"pct":100},"branches":{"total":3,"covered":1,"skipped":0,"pct":33.33}}
,"/home/runner/work/LiteFarm/LiteFarm/packages/webapp/src/util/sensor.js": {"lines":{"total":32,"covered":4,"skipped":0,"pct":12.5},"functions":{"total":5,"covered":0,"skipped":0,"pct":0},"statements":{"total":32,"covered":4,"skipped":0,"pct":12.5},"branches":{"total":16,"covered":0,"skipped":0,"pct":0}}
,"/home/runner/work/LiteFarm/LiteFarm/packages/webapp/src/util/convert-units/convert.ts": {"lines":{"total":1,"covered":1,"skipped":0,"pct":100},"functions":{"total":1,"covered":1,"skipped":0,"pct":100},"statements":{"total":2,"covered":2,"skipped":0,"pct":100},"branches":{"total":2,"covered":2,"skipped":0,"pct":100}}
,"/home/runner/work/LiteFarm/LiteFarm/packages/webapp/src/util/convert-units/unit.js": {"lines":{"total":44,"covered":40,"skipped":0,"pct":90.9},"functions":{"total":3,"covered":2,"skipped":0,"pct":66.66},"statements":{"total":48,"covered":41,"skipped":0,"pct":85.41},"branches":{"total":21,"covered":8,"skipped":0,"pct":38.09}}
}
