TN:
SF:../../../../../../../Users/litefarmresearchassistant/Workspace/LiteFarm/packages/webapp/src/App.jsx
FN:25,(anonymous_1)
FN:45,App
FN:67,(anonymous_3)
FN:45,(anonymous_4)
FNF:4
FNH:3
FNDA:1,(anonymous_1)
FNDA:3,App
FNDA:0,(anonymous_3)
FNDA:1,(anonymous_4)
DA:25,1
DA:45,3
DA:46,4
DA:47,2
DA:67,0
LF:5
LH:4
BRF:0
BRH:0
end_of_record
TN:
SF:../../../../../../../Users/litefarmresearchassistant/Workspace/LiteFarm/packages/webapp/src/Routes.jsx
FN:33,(anonymous_1)
FN:34,(anonymous_2)
FN:35,(anonymous_3)
FN:36,(anonymous_4)
FN:37,(anonymous_5)
FN:38,(anonymous_6)
FN:39,(anonymous_7)
FN:40,(anonymous_8)
FN:41,(anonymous_9)
FN:42,(anonymous_10)
FN:43,(anonymous_11)
FN:44,(anonymous_12)
FN:45,(anonymous_13)
FN:46,(anonymous_14)
FN:47,(anonymous_15)
FN:49,(anonymous_16)
FN:50,(anonymous_17)
FN:51,(anonymous_18)
FN:52,(anonymous_19)
FN:53,(anonymous_20)
FN:54,(anonymous_21)
FN:55,(anonymous_22)
FN:56,(anonymous_23)
FN:57,(anonymous_24)
FN:58,(anonymous_25)
FN:59,(anonymous_26)
FN:60,(anonymous_27)
FN:61,(anonymous_28)
FN:64,(anonymous_29)
FN:65,(anonymous_30)
FN:66,(anonymous_31)
FN:67,(anonymous_32)
FN:68,(anonymous_33)
FN:71,(anonymous_34)
FN:72,(anonymous_35)
FN:75,(anonymous_36)
FN:76,(anonymous_37)
FN:77,(anonymous_38)
FN:78,(anonymous_39)
FN:79,(anonymous_40)
FN:84,(anonymous_41)
FN:86,(anonymous_42)
FN:89,(anonymous_43)
FN:91,(anonymous_44)
FN:94,(anonymous_45)
FN:96,(anonymous_46)
FN:99,(anonymous_47)
FN:101,(anonymous_48)
FN:104,(anonymous_49)
FN:105,(anonymous_50)
FN:108,(anonymous_51)
FN:112,(anonymous_52)
FN:115,(anonymous_53)
FN:117,(anonymous_54)
FN:120,(anonymous_55)
FN:122,(anonymous_56)
FN:125,(anonymous_57)
FN:127,(anonymous_58)
FN:130,(anonymous_59)
FN:132,(anonymous_60)
FN:135,(anonymous_61)
FN:137,(anonymous_62)
FN:140,(anonymous_63)
FN:142,(anonymous_64)
FN:143,(anonymous_65)
FN:145,(anonymous_66)
FN:148,(anonymous_67)
FN:150,(anonymous_68)
FN:153,(anonymous_69)
FN:155,(anonymous_70)
FN:158,(anonymous_71)
FN:159,(anonymous_72)
FN:161,(anonymous_73)
FN:162,(anonymous_74)
FN:163,(anonymous_75)
FN:164,(anonymous_76)
FN:165,(anonymous_77)
FN:166,(anonymous_78)
FN:167,(anonymous_79)
FN:170,(anonymous_80)
FN:171,(anonymous_81)
FN:172,(anonymous_82)
FN:175,(anonymous_83)
FN:178,(anonymous_84)
FN:181,(anonymous_85)
FN:182,(anonymous_86)
FN:185,(anonymous_87)
FN:188,(anonymous_88)
FN:189,(anonymous_89)
FN:193,(anonymous_90)
FN:197,(anonymous_91)
FN:199,(anonymous_92)
FN:201,(anonymous_93)
FN:202,(anonymous_94)
FN:203,(anonymous_95)
FN:206,(anonymous_96)
FN:208,(anonymous_97)
FN:211,(anonymous_98)
FN:215,(anonymous_99)
FN:219,(anonymous_100)
FN:225,(anonymous_101)
FN:228,(anonymous_102)
FN:232,(anonymous_103)
FN:233,(anonymous_104)
FN:235,(anonymous_105)
FN:238,(anonymous_106)
FN:241,(anonymous_107)
FN:244,(anonymous_108)
FN:247,(anonymous_109)
FN:251,(anonymous_110)
FN:252,(anonymous_111)
FN:253,(anonymous_112)
FN:254,(anonymous_113)
FN:255,(anonymous_114)
FN:256,(anonymous_115)
FN:257,(anonymous_116)
FN:258,(anonymous_117)
FN:259,(anonymous_118)
FN:260,(anonymous_119)
FN:261,(anonymous_120)
FN:264,(anonymous_121)
FN:267,(anonymous_122)
FN:268,(anonymous_123)
FN:269,(anonymous_124)
FN:270,(anonymous_125)
FN:271,(anonymous_126)
FN:272,(anonymous_127)
FN:275,(anonymous_128)
FN:276,(anonymous_129)
FN:279,(anonymous_130)
FN:282,(anonymous_131)
FN:285,(anonymous_132)
FN:288,(anonymous_133)
FN:291,(anonymous_134)
FN:292,(anonymous_135)
FN:295,(anonymous_136)
FN:296,(anonymous_137)
FN:299,(anonymous_138)
FN:301,(anonymous_139)
FN:306,(anonymous_140)
FN:318,(anonymous_141)
FN:335,(anonymous_142)
FN:352,(anonymous_143)
FN:301,(anonymous_144)
FNF:144
FNH:2
FNDA:0,(anonymous_1)
FNDA:0,(anonymous_2)
FNDA:0,(anonymous_3)
FNDA:0,(anonymous_4)
FNDA:0,(anonymous_5)
FNDA:0,(anonymous_6)
FNDA:0,(anonymous_7)
FNDA:0,(anonymous_8)
FNDA:0,(anonymous_9)
FNDA:0,(anonymous_10)
FNDA:0,(anonymous_11)
FNDA:0,(anonymous_12)
FNDA:0,(anonymous_13)
FNDA:0,(anonymous_14)
FNDA:0,(anonymous_15)
FNDA:0,(anonymous_16)
FNDA:0,(anonymous_17)
FNDA:0,(anonymous_18)
FNDA:0,(anonymous_19)
FNDA:0,(anonymous_20)
FNDA:0,(anonymous_21)
FNDA:0,(anonymous_22)
FNDA:0,(anonymous_23)
FNDA:0,(anonymous_24)
FNDA:0,(anonymous_25)
FNDA:0,(anonymous_26)
FNDA:0,(anonymous_27)
FNDA:0,(anonymous_28)
FNDA:0,(anonymous_29)
FNDA:0,(anonymous_30)
FNDA:0,(anonymous_31)
FNDA:0,(anonymous_32)
FNDA:0,(anonymous_33)
FNDA:0,(anonymous_34)
FNDA:0,(anonymous_35)
FNDA:0,(anonymous_36)
FNDA:0,(anonymous_37)
FNDA:0,(anonymous_38)
FNDA:0,(anonymous_39)
FNDA:0,(anonymous_40)
FNDA:0,(anonymous_41)
FNDA:0,(anonymous_42)
FNDA:0,(anonymous_43)
FNDA:0,(anonymous_44)
FNDA:0,(anonymous_45)
FNDA:0,(anonymous_46)
FNDA:0,(anonymous_47)
FNDA:0,(anonymous_48)
FNDA:0,(anonymous_49)
FNDA:0,(anonymous_50)
FNDA:0,(anonymous_51)
FNDA:0,(anonymous_52)
FNDA:0,(anonymous_53)
FNDA:0,(anonymous_54)
FNDA:0,(anonymous_55)
FNDA:0,(anonymous_56)
FNDA:0,(anonymous_57)
FNDA:0,(anonymous_58)
FNDA:0,(anonymous_59)
FNDA:0,(anonymous_60)
FNDA:0,(anonymous_61)
FNDA:0,(anonymous_62)
FNDA:0,(anonymous_63)
FNDA:0,(anonymous_64)
FNDA:0,(anonymous_65)
FNDA:0,(anonymous_66)
FNDA:0,(anonymous_67)
FNDA:0,(anonymous_68)
FNDA:0,(anonymous_69)
FNDA:0,(anonymous_70)
FNDA:0,(anonymous_71)
FNDA:0,(anonymous_72)
FNDA:0,(anonymous_73)
FNDA:0,(anonymous_74)
FNDA:0,(anonymous_75)
FNDA:0,(anonymous_76)
FNDA:0,(anonymous_77)
FNDA:0,(anonymous_78)
FNDA:0,(anonymous_79)
FNDA:0,(anonymous_80)
FNDA:0,(anonymous_81)
FNDA:0,(anonymous_82)
FNDA:0,(anonymous_83)
FNDA:0,(anonymous_84)
FNDA:0,(anonymous_85)
FNDA:0,(anonymous_86)
FNDA:0,(anonymous_87)
FNDA:0,(anonymous_88)
FNDA:0,(anonymous_89)
FNDA:0,(anonymous_90)
FNDA:0,(anonymous_91)
FNDA:0,(anonymous_92)
FNDA:0,(anonymous_93)
FNDA:0,(anonymous_94)
FNDA:0,(anonymous_95)
FNDA:0,(anonymous_96)
FNDA:0,(anonymous_97)
FNDA:0,(anonymous_98)
FNDA:0,(anonymous_99)
FNDA:0,(anonymous_100)
FNDA:0,(anonymous_101)
FNDA:0,(anonymous_102)
FNDA:0,(anonymous_103)
FNDA:0,(anonymous_104)
FNDA:0,(anonymous_105)
FNDA:0,(anonymous_106)
FNDA:0,(anonymous_107)
FNDA:0,(anonymous_108)
FNDA:0,(anonymous_109)
FNDA:0,(anonymous_110)
FNDA:0,(anonymous_111)
FNDA:0,(anonymous_112)
FNDA:0,(anonymous_113)
FNDA:0,(anonymous_114)
FNDA:0,(anonymous_115)
FNDA:0,(anonymous_116)
FNDA:0,(anonymous_117)
FNDA:0,(anonymous_118)
FNDA:0,(anonymous_119)
FNDA:0,(anonymous_120)
FNDA:0,(anonymous_121)
FNDA:0,(anonymous_122)
FNDA:0,(anonymous_123)
FNDA:0,(anonymous_124)
FNDA:0,(anonymous_125)
FNDA:0,(anonymous_126)
FNDA:0,(anonymous_127)
FNDA:0,(anonymous_128)
FNDA:0,(anonymous_129)
FNDA:0,(anonymous_130)
FNDA:0,(anonymous_131)
FNDA:0,(anonymous_132)
FNDA:0,(anonymous_133)
FNDA:0,(anonymous_134)
FNDA:0,(anonymous_135)
FNDA:0,(anonymous_136)
FNDA:0,(anonymous_137)
FNDA:0,(anonymous_138)
FNDA:3,(anonymous_139)
FNDA:0,(anonymous_140)
FNDA:0,(anonymous_141)
FNDA:0,(anonymous_142)
FNDA:0,(anonymous_143)
FNDA:1,(anonymous_144)
DA:33,1
DA:34,1
DA:35,1
DA:36,1
DA:37,1
DA:38,1
DA:39,1
DA:40,1
DA:41,1
DA:42,1
DA:43,1
DA:44,1
DA:45,1
DA:46,1
DA:47,1
DA:49,1
DA:50,1
DA:51,1
DA:52,1
DA:53,1
DA:54,1
DA:55,1
DA:56,1
DA:57,1
DA:58,1
DA:59,1
DA:60,1
DA:61,1
DA:62,0
DA:64,1
DA:65,1
DA:66,1
DA:67,1
DA:68,1
DA:69,0
DA:71,1
DA:72,1
DA:73,0
DA:75,1
DA:76,1
DA:77,1
DA:78,1
DA:79,1
DA:80,0
DA:84,1
DA:86,1
DA:87,0
DA:89,1
DA:91,1
DA:92,0
DA:94,1
DA:96,1
DA:97,0
DA:99,1
DA:101,1
DA:102,0
DA:104,1
DA:105,1
DA:106,0
DA:108,1
DA:109,0
DA:112,1
DA:113,0
DA:115,1
DA:117,1
DA:118,0
DA:120,1
DA:122,1
DA:123,0
DA:125,1
DA:127,1
DA:128,0
DA:130,1
DA:132,1
DA:133,0
DA:135,1
DA:137,1
DA:138,0
DA:140,1
DA:142,1
DA:143,1
DA:145,1
DA:146,0
DA:148,1
DA:150,1
DA:151,0
DA:153,1
DA:155,1
DA:156,0
DA:158,1
DA:159,1
DA:161,1
DA:162,1
DA:163,1
DA:164,1
DA:165,1
DA:166,1
DA:167,1
DA:168,0
DA:170,1
DA:171,1
DA:172,1
DA:173,0
DA:175,1
DA:176,0
DA:178,1
DA:179,0
DA:181,1
DA:182,1
DA:183,0
DA:185,1
DA:186,0
DA:188,1
DA:189,1
DA:190,0
DA:193,1
DA:194,0
DA:197,1
DA:199,1
DA:201,1
DA:202,1
DA:203,1
DA:204,0
DA:206,1
DA:208,1
DA:209,0
DA:211,1
DA:212,0
DA:215,1
DA:216,0
DA:219,1
DA:220,0
DA:225,1
DA:226,0
DA:228,1
DA:229,0
DA:232,1
DA:233,1
DA:235,1
DA:236,0
DA:238,1
DA:239,0
DA:241,1
DA:242,0
DA:244,1
DA:245,0
DA:247,1
DA:248,0
DA:251,1
DA:252,1
DA:253,1
DA:254,1
DA:255,1
DA:256,1
DA:257,1
DA:258,1
DA:259,1
DA:260,1
DA:261,1
DA:262,0
DA:264,1
DA:265,0
DA:267,1
DA:268,1
DA:269,1
DA:270,1
DA:271,1
DA:272,1
DA:273,0
DA:275,1
DA:276,1
DA:277,0
DA:279,1
DA:280,0
DA:282,1
DA:283,0
DA:285,1
DA:286,0
DA:288,1
DA:289,0
DA:291,1
DA:292,1
DA:293,0
DA:295,1
DA:296,1
DA:297,0
DA:299,1
DA:301,3
DA:302,3
DA:303,2
DA:304,2
DA:307,0
DA:316,2
DA:318,0
DA:321,2
DA:322,2
DA:323,2
DA:324,2
DA:325,0
DA:327,0
DA:328,0
DA:329,0
DA:335,0
DA:343,0
DA:345,0
DA:346,0
DA:352,0
DA:359,0
DA:360,0
DA:650,0
DA:947,0
DA:948,2
DA:1048,2
LF:213
LH:149
BRDA:307,0,0,0
BRDA:307,0,1,0
BRDA:307,0,2,0
BRDA:307,0,3,0
BRDA:307,0,4,0
BRDA:307,0,5,0
BRDA:307,0,6,0
BRDA:307,0,7,0
BRDA:323,1,0,2
BRDA:323,1,1,0
BRDA:323,1,2,0
BRDA:324,2,0,0
BRDA:324,2,1,2
BRDA:327,3,0,0
BRDA:327,3,1,0
BRDA:338,4,0,0
BRDA:338,4,1,0
BRDA:329,5,0,0
BRDA:329,5,1,0
BRDA:342,6,0,0
BRDA:342,6,1,0
BRDA:343,7,0,0
BRDA:343,7,1,0
BRDA:354,8,0,0
BRDA:354,8,1,0
BRDA:346,9,0,0
BRDA:346,9,1,0
BRDA:360,10,0,0
BRDA:360,10,1,0
BRDA:649,11,0,0
BRDA:649,11,1,0
BRDA:948,12,0,2
BRF:32
BRH:3
end_of_record
TN:
SF:../../../../../../../Users/litefarmresearchassistant/Workspace/LiteFarm/packages/webapp/src/apiConfig.js
FNF:0
FNH:0
DA:17,1
DA:18,1
DA:19,1
DA:21,1
DA:22,1
DA:23,0
DA:24,1
DA:25,1
DA:27,0
DA:28,0
DA:29,0
DA:30,0
DA:31,0
DA:32,0
DA:36,1
DA:37,1
DA:38,1
DA:39,1
DA:40,1
DA:41,1
DA:42,1
DA:43,1
DA:44,1
DA:45,1
DA:46,1
DA:47,1
DA:48,1
DA:49,1
DA:50,1
DA:51,1
DA:52,1
DA:53,1
DA:54,1
DA:55,1
DA:56,1
DA:57,1
DA:58,1
DA:59,1
DA:60,1
DA:61,1
DA:62,1
DA:63,1
DA:65,1
DA:66,1
DA:67,1
DA:68,1
DA:69,1
DA:70,1
DA:71,1
DA:72,1
DA:73,1
DA:74,1
DA:75,1
DA:76,1
LF:54
LH:47
BRDA:17,0,0,1
BRDA:17,0,1,0
BRDA:22,1,0,0
BRDA:22,1,1,1
BRDA:22,2,0,1
BRDA:22,2,1,0
BRDA:22,2,2,0
BRDA:22,2,3,0
BRDA:24,3,0,1
BRDA:24,3,1,0
BRDA:27,4,0,0
BRDA:27,4,1,0
BRDA:29,5,0,0
BRDA:29,5,1,0
BRDA:31,6,0,0
BRF:15
BRH:4
end_of_record
TN:
SF:../../../../../../../Users/litefarmresearchassistant/Workspace/LiteFarm/packages/webapp/src/history.js
FNF:0
FNH:0
DA:18,1
LF:1
LH:1
BRF:0
BRH:0
end_of_record
TN:
SF:../../../../../../../Users/litefarmresearchassistant/Workspace/LiteFarm/packages/webapp/src/main.jsx
FNF:0
FNH:0
DA:79,1
DA:80,0
DA:91,1
DA:92,1
DA:93,1
DA:94,1
DA:95,1
DA:96,1
DA:97,1
DA:98,1
DA:99,1
DA:100,1
DA:101,1
DA:102,1
DA:103,1
DA:104,1
DA:105,1
DA:106,1
DA:107,1
DA:108,1
DA:109,1
DA:110,1
DA:111,1
DA:112,1
DA:113,1
DA:114,1
DA:115,1
DA:116,1
DA:117,1
DA:118,1
DA:119,1
DA:120,1
DA:121,1
DA:122,1
DA:123,1
DA:124,1
DA:125,1
DA:126,1
DA:127,1
DA:128,1
DA:129,1
DA:130,1
DA:131,1
DA:132,1
DA:133,1
DA:134,1
DA:135,1
DA:136,1
DA:137,1
DA:138,1
DA:140,1
DA:159,1
DA:160,1
LF:53
LH:52
BRDA:79,0,0,0
BRDA:159,1,0,1
BRF:2
BRH:1
end_of_record
TN:
SF:../../../../../../../Users/litefarmresearchassistant/Workspace/LiteFarm/packages/webapp/src/components/Card/index.jsx
FN:6,(anonymous_1)
FNF:1
FNH:1
FNDA:70,(anonymous_1)
DA:6,1
DA:7,70
DA:14,1
LF:3
LH:3
BRDA:6,0,0,0
BRDA:6,1,0,0
BRF:2
BRH:0
end_of_record
TN:
SF:../../../../../../../Users/litefarmresearchassistant/Workspace/LiteFarm/packages/webapp/src/components/Card/NewReleaseCard/NewReleaseCard.jsx
FN:8,NewReleaseCard
FN:8,(anonymous_2)
FNF:2
FNH:2
FNDA:70,NewReleaseCard
FNDA:1,(anonymous_2)
DA:8,70
DA:9,71
DA:10,70
LF:3
LH:3
BRF:0
BRH:0
end_of_record
TN:
SF:../../../../../../../Users/litefarmresearchassistant/Workspace/LiteFarm/packages/webapp/src/components/CreateUserAccount/index.jsx
FN:14,PureCreateUserAccount
FN:58,(anonymous_2)
FN:59,(anonymous_3)
FN:69,(anonymous_4)
FN:77,(anonymous_5)
FN:82,(anonymous_6)
FN:116,(anonymous_7)
FN:133,(anonymous_8)
FN:14,(anonymous_9)
FNF:9
FNH:7
FNDA:31,PureCreateUserAccount
FNDA:30,(anonymous_2)
FNDA:30,(anonymous_3)
FNDA:1,(anonymous_4)
FNDA:0,(anonymous_5)
FNDA:0,(anonymous_6)
FNDA:29,(anonymous_7)
FNDA:29,(anonymous_8)
FNDA:1,(anonymous_9)
DA:14,31
DA:23,31
DA:27,31
DA:28,31
DA:29,31
DA:30,31
DA:31,31
DA:32,31
DA:33,31
DA:34,29
DA:42,29
DA:44,29
DA:51,29
DA:58,29
DA:59,30
DA:62,29
DA:66,29
DA:67,29
DA:69,29
DA:70,1
DA:71,1
DA:72,1
DA:75,29
DA:77,29
DA:78,0
DA:79,0
DA:80,0
DA:82,29
DA:84,29
DA:117,29
DA:134,29
DA:185,1
LF:32
LH:29
BRDA:62,0,0,29
BRDA:62,0,1,0
BRDA:75,1,0,29
BRDA:75,1,1,0
BRDA:75,1,2,0
BRDA:78,2,0,0
BRDA:78,2,1,0
BRDA:79,3,0,0
BRDA:79,3,1,0
BRDA:134,4,0,29
BRDA:134,4,1,0
BRDA:162,5,0,29
BRDA:162,5,1,0
BRDA:162,5,2,0
BRF:14
BRH:4
end_of_record
TN:
SF:../../../../../../../Users/litefarmresearchassistant/Workspace/LiteFarm/packages/webapp/src/components/CustomSignUp/index.jsx
FN:19,PureCustomSignUp
FN:19,(anonymous_2)
FN:95,(anonymous_3)
FNF:3
FNH:2
FNDA:44,PureCustomSignUp
FNDA:1,(anonymous_2)
FNDA:0,(anonymous_3)
DA:13,1
DA:19,1
DA:27,44
DA:28,45
DA:29,41
DA:30,41
DA:31,41
DA:84,1
DA:93,1
LF:9
LH:9
BRDA:37,0,0,41
BRDA:37,0,1,41
BRDA:37,0,2,0
BRDA:39,1,0,0
BRDA:39,1,1,0
BRF:5
BRH:2
end_of_record
TN:
SF:../../../../../../../Users/litefarmresearchassistant/Workspace/LiteFarm/packages/webapp/src/components/Footer/index.jsx
FN:6,(anonymous_1)
FNF:1
FNH:1
FNDA:99,(anonymous_1)
DA:6,1
DA:7,99
DA:29,1
LF:3
LH:3
BRDA:9,0,0,99
BRDA:9,0,1,0
BRDA:12,1,0,99
BRDA:12,1,1,0
BRF:4
BRH:2
end_of_record
TN:
SF:../../../../../../../Users/litefarmresearchassistant/Workspace/LiteFarm/packages/webapp/src/components/Form/index.jsx
FN:6,(anonymous_1)
FNF:1
FNH:1
FNDA:58,(anonymous_1)
DA:6,1
DA:12,58
DA:19,1
LF:3
LH:3
BRDA:7,0,0,58
BRF:1
BRH:1
end_of_record
TN:
SF:../../../../../../../Users/litefarmresearchassistant/Workspace/LiteFarm/packages/webapp/src/components/Form/Errors/PasswordError/index.jsx
FN:9,(anonymous_1)
FN:31,(anonymous_2)
FN:9,(anonymous_3)
FNF:3
FNH:3
FNDA:29,(anonymous_1)
FNDA:116,(anonymous_2)
FNDA:1,(anonymous_3)
DA:9,1
DA:15,29
DA:16,30
DA:17,29
DA:23,29
DA:29,29
DA:32,116
DA:50,1
LF:8
LH:8
BRDA:10,0,0,0
BRDA:11,1,0,0
BRDA:12,2,0,0
BRDA:13,3,0,0
BRDA:33,4,0,116
BRDA:33,4,1,0
BRDA:34,5,0,116
BRDA:34,5,1,0
BRDA:39,6,0,116
BRDA:39,6,1,0
BRF:10
BRH:3
end_of_record
TN:
SF:../../../../../../../Users/litefarmresearchassistant/Workspace/LiteFarm/packages/webapp/src/components/Form/Input/index.jsx
FN:16,(anonymous_1)
FN:46,(anonymous_2)
FN:47,(anonymous_3)
FN:50,(anonymous_4)
FN:54,(anonymous_5)
FN:129,(anonymous_6)
FN:133,(anonymous_7)
FN:16,(anonymous_8)
FN:203,(anonymous_9)
FN:212,(anonymous_10)
FN:222,(anonymous_11)
FN:226,(anonymous_12)
FN:228,(anonymous_13)
FNF:13
FNH:5
FNDA:186,(anonymous_1)
FNDA:0,(anonymous_2)
FNDA:0,(anonymous_3)
FNDA:6,(anonymous_4)
FNDA:0,(anonymous_5)
FNDA:31,(anonymous_6)
FNDA:1,(anonymous_7)
FNDA:1,(anonymous_8)
FNDA:0,(anonymous_9)
FNDA:0,(anonymous_10)
FNDA:0,(anonymous_11)
FNDA:0,(anonymous_12)
FNDA:0,(anonymous_13)
DA:16,1
DA:39,186
DA:40,186
DA:41,185
DA:43,185
DA:44,185
DA:45,185
DA:46,185
DA:47,0
DA:49,185
DA:50,185
DA:51,6
DA:53,185
DA:54,185
DA:55,0
DA:56,0
DA:57,0
DA:58,0
DA:61,185
DA:63,185
DA:130,31
DA:131,31
DA:134,1
DA:135,0
DA:136,0
DA:137,0
DA:139,0
DA:140,0
DA:143,1
DA:144,1
DA:145,1
DA:146,1
DA:161,1
DA:203,1
DA:204,0
DA:205,0
DA:212,1
DA:213,0
DA:214,0
DA:215,0
DA:217,0
DA:222,1
DA:223,0
DA:224,0
DA:226,1
DA:228,1
DA:229,0
DA:230,0
DA:231,0
DA:233,0
LF:50
LH:28
BRDA:17,0,0,157
BRDA:18,1,0,145
BRDA:27,2,0,99
BRDA:32,3,0,186
BRDA:41,4,0,185
BRDA:41,4,1,29
BRDA:47,5,0,0
BRDA:47,5,1,0
BRDA:51,6,0,6
BRDA:51,6,1,0
BRDA:61,7,0,29
BRDA:61,7,1,156
BRDA:66,8,0,185
BRDA:66,8,1,40
BRDA:66,8,2,185
BRDA:68,9,0,185
BRDA:68,9,1,0
BRDA:68,9,2,0
BRDA:68,9,3,185
BRDA:72,10,0,185
BRDA:72,10,1,29
BRDA:77,11,0,185
BRDA:77,11,1,0
BRDA:79,12,0,185
BRDA:79,12,1,29
BRDA:84,13,0,185
BRDA:84,13,1,29
BRDA:87,14,0,185
BRDA:87,14,1,0
BRDA:87,14,2,0
BRDA:87,14,3,0
BRDA:93,15,0,0
BRDA:93,15,1,0
BRDA:98,16,0,185
BRDA:98,16,1,0
BRDA:99,17,0,185
BRDA:99,17,1,58
BRDA:99,17,2,58
BRDA:101,18,0,0
BRDA:101,18,1,58
BRDA:106,19,0,185
BRDA:106,19,1,0
BRDA:107,20,0,185
BRDA:107,20,1,0
BRDA:112,21,0,185
BRDA:112,21,1,0
BRDA:113,22,0,185
BRDA:113,22,1,0
BRDA:116,23,0,0
BRDA:116,23,1,185
BRDA:117,24,0,0
BRDA:117,24,1,185
BRDA:120,25,0,0
BRDA:120,25,1,185
BRDA:123,26,0,0
BRDA:123,26,1,185
BRDA:124,27,0,0
BRDA:124,27,1,185
BRDA:124,28,0,0
BRDA:124,28,1,0
BRDA:127,29,0,185
BRDA:127,29,1,156
BRDA:127,29,2,156
BRDA:127,29,3,0
BRDA:134,30,0,0
BRDA:135,31,0,0
BRDA:135,31,1,0
BRDA:135,32,0,0
BRDA:135,32,1,0
BRDA:137,33,0,0
BRDA:138,34,0,0
BRDA:138,34,1,0
BRDA:146,35,0,1
BRDA:146,35,1,0
BRDA:148,36,0,29
BRDA:148,36,1,156
BRDA:151,37,0,185
BRDA:151,37,1,0
BRDA:151,37,2,0
BRDA:152,38,0,0
BRDA:152,38,1,185
BRDA:204,39,0,0
BRDA:213,40,0,0
BRDA:214,41,0,0
BRDA:214,41,1,0
BRDA:214,42,0,0
BRDA:214,42,1,0
BRDA:215,43,0,0
BRDA:215,43,1,0
BRDA:217,44,0,0
BRDA:217,44,1,0
BRDA:223,45,0,0
BRDA:230,46,0,0
BRDA:230,46,1,0
BRF:94
BRH:44
end_of_record
TN:
SF:../../../../../../../Users/litefarmresearchassistant/Workspace/LiteFarm/packages/webapp/src/components/Form/ReactSelect/index.jsx
FN:12,(anonymous_1)
FN:27,(anonymous_2)
FN:46,(anonymous_3)
FN:48,(anonymous_4)
FN:65,(anonymous_5)
FN:73,(anonymous_6)
FN:83,(anonymous_7)
FN:91,(anonymous_8)
FN:102,(anonymous_9)
FN:109,(anonymous_10)
FN:119,(anonymous_11)
FN:128,(anonymous_12)
FN:132,(anonymous_13)
FN:136,(anonymous_14)
FN:139,ReactSelect2
FN:196,(anonymous_16)
FN:199,(anonymous_17)
FN:203,(anonymous_18)
FN:211,(anonymous_19)
FN:239,(anonymous_20)
FN:243,(anonymous_21)
FN:251,(anonymous_22)
FN:264,(anonymous_23)
FN:139,(anonymous_24)
FN:139,(anonymous_25)
FNF:25
FNH:9
FNDA:0,(anonymous_1)
FNDA:0,(anonymous_2)
FNDA:58,(anonymous_3)
FNDA:58,(anonymous_4)
FNDA:0,(anonymous_5)
FNDA:0,(anonymous_6)
FNDA:0,(anonymous_7)
FNDA:0,(anonymous_8)
FNDA:0,(anonymous_9)
FNDA:0,(anonymous_10)
FNDA:58,(anonymous_11)
FNDA:58,(anonymous_12)
FNDA:58,(anonymous_13)
FNDA:0,(anonymous_14)
FNDA:58,ReactSelect2
FNDA:0,(anonymous_16)
FNDA:0,(anonymous_17)
FNDA:0,(anonymous_18)
FNDA:0,(anonymous_19)
FNDA:58,(anonymous_20)
FNDA:58,(anonymous_21)
FNDA:0,(anonymous_22)
FNDA:0,(anonymous_23)
FNDA:1,(anonymous_24)
FNDA:0,(anonymous_25)
DA:11,1
DA:12,0
DA:27,0
DA:46,58
DA:48,58
DA:65,0
DA:73,0
DA:83,0
DA:91,0
DA:102,0
DA:109,0
DA:119,58
DA:128,58
DA:132,58
DA:136,0
DA:139,1
DA:158,58
DA:159,58
DA:160,58
DA:161,58
DA:163,58
DA:196,0
DA:199,0
DA:203,0
DA:212,0
DA:239,58
DA:243,58
DA:252,0
DA:265,0
DA:282,1
LF:30
LH:15
BRDA:20,0,0,0
BRDA:20,0,1,0
BRDA:59,1,0,0
BRDA:59,1,1,58
BRDA:153,2,0,58
BRDA:154,3,0,58
BRDA:160,4,0,58
BRDA:161,5,0,58
BRDA:165,6,0,58
BRDA:165,6,1,0
BRDA:165,6,2,0
BRDA:165,6,3,58
BRDA:175,7,0,58
BRDA:175,7,1,0
BRDA:181,8,0,58
BRDA:181,8,1,29
BRDA:186,9,0,58
BRDA:186,9,1,0
BRDA:193,10,0,58
BRDA:193,10,1,0
BRDA:201,11,0,0
BRDA:201,11,1,0
BRDA:205,12,0,0
BRDA:205,12,1,0
BRDA:226,13,0,0
BRDA:226,13,1,0
BRDA:234,14,0,58
BRDA:234,14,1,58
BRDA:241,15,0,0
BRDA:241,15,1,58
BRDA:245,16,0,0
BRDA:245,16,1,58
BRDA:271,17,0,58
BRDA:271,17,1,58
BRF:34
BRH:18
end_of_record
TN:
SF:../../../../../../../Users/litefarmresearchassistant/Workspace/LiteFarm/packages/webapp/src/components/Form/utils/index.jsx
FN:2,(anonymous_0)
FN:6,(anonymous_1)
FNF:2
FNH:2
FNDA:185,(anonymous_0)
FNDA:364,(anonymous_1)
DA:2,1
DA:3,185
DA:4,185
DA:5,185
DA:6,185
DA:7,364
DA:8,671
DA:9,364
DA:11,364
LF:9
LH:9
BRDA:4,0,0,0
BRDA:5,1,0,0
BRDA:8,2,0,307
BRDA:8,2,1,364
BRDA:9,3,0,364
BRF:5
BRH:3
end_of_record
TN:
SF:../../../../../../../Users/litefarmresearchassistant/Workspace/LiteFarm/packages/webapp/src/components/GlobalScss/index.jsx
FN:1,(anonymous_0)
FN:4,GlobalScss
FNF:2
FNH:2
FNDA:1,(anonymous_0)
FNDA:1,GlobalScss
DA:1,7
DA:4,1
DA:5,1
LF:3
LH:3
BRDA:1,0,0,1
BRF:1
BRH:1
end_of_record
TN:
SF:../../../../../../../Users/litefarmresearchassistant/Workspace/LiteFarm/packages/webapp/src/components/Icons/cross/index.jsx
FN:6,(anonymous_1)
FNF:1
FNH:0
FNDA:0,(anonymous_1)
DA:6,1
DA:7,0
DA:14,1
LF:3
LH:2
BRF:0
BRH:0
end_of_record
TN:
SF:../../../../../../../Users/litefarmresearchassistant/Workspace/LiteFarm/packages/webapp/src/components/Layout/index.jsx
FN:7,(anonymous_1)
FNF:1
FNH:1
FNDA:58,(anonymous_1)
DA:7,1
DA:8,58
DA:30,1
LF:3
LH:3
BRDA:7,0,0,0
BRDA:11,1,0,58
BRDA:11,1,1,0
BRDA:12,2,0,0
BRDA:12,2,1,58
BRDA:19,3,0,0
BRDA:19,3,1,58
BRF:7
BRH:3
end_of_record
TN:
SF:../../../../../../../Users/litefarmresearchassistant/Workspace/LiteFarm/packages/webapp/src/components/Loading/Loading.jsx
FN:5,Loading
FNF:1
FNH:1
FNDA:16,Loading
DA:5,1
DA:6,16
LF:2
LH:2
BRDA:18,0,0,16
BRDA:18,0,1,16
BRF:2
BRH:2
end_of_record
TN:
SF:../../../../../../../Users/litefarmresearchassistant/Workspace/LiteFarm/packages/webapp/src/components/Map/PreviewPopup/utils.js
FN:4,(anonymous_0)
FN:9,(anonymous_1)
FN:14,(anonymous_2)
FN:19,(anonymous_3)
FNF:4
FNH:0
FNDA:0,(anonymous_0)
FNDA:0,(anonymous_1)
FNDA:0,(anonymous_2)
FNDA:0,(anonymous_3)
DA:1,1
DA:2,1
DA:4,1
DA:5,0
DA:6,0
DA:9,1
DA:10,0
DA:11,0
DA:14,1
DA:15,0
DA:16,0
DA:19,1
DA:20,0
LF:13
LH:6
BRDA:5,0,0,0
BRDA:10,1,0,0
BRF:2
BRH:0
end_of_record
TN:
SF:../../../../../../../Users/litefarmresearchassistant/Workspace/LiteFarm/packages/webapp/src/components/Map/ProgressBar/index.jsx
FN:21,ProgressBar
FN:28,(anonymous_2)
FN:29,(anonymous_3)
FN:30,(anonymous_4)
FN:37,(anonymous_5)
FN:42,(anonymous_6)
FN:21,(anonymous_7)
FNF:7
FNH:0
FNDA:0,ProgressBar
FNDA:0,(anonymous_2)
FNDA:0,(anonymous_3)
FNDA:0,(anonymous_4)
FNDA:0,(anonymous_5)
FNDA:0,(anonymous_6)
FNDA:0,(anonymous_7)
DA:6,1
DA:21,1
DA:22,0
DA:23,0
DA:25,0
DA:26,0
DA:28,0
DA:29,0
DA:30,0
DA:31,0
DA:32,0
DA:34,0
DA:37,0
DA:38,0
DA:42,0
DA:43,0
DA:44,0
DA:48,0
LF:18
LH:2
BRDA:21,0,0,0
BRDA:31,1,0,0
BRDA:43,2,0,0
BRF:3
BRH:0
end_of_record
TN:
SF:../../../../../../../Users/litefarmresearchassistant/Workspace/LiteFarm/packages/webapp/src/components/Navigation/Floater/Floater.jsx
FN:5,(anonymous_1)
FN:38,Floater
FN:38,(anonymous_3)
FNF:3
FNH:0
FNDA:0,(anonymous_1)
FNDA:0,Floater
FNDA:0,(anonymous_3)
DA:5,1
DA:38,1
DA:41,0
DA:42,0
DA:43,0
LF:5
LH:2
BRDA:39,0,0,0
BRF:1
BRH:0
end_of_record
TN:
SF:../../../../../../../Users/litefarmresearchassistant/Workspace/LiteFarm/packages/webapp/src/components/Navigation/Floater/MyFarmFloater.jsx
FN:12,PureMyFarmFloaterComponent
FN:12,(anonymous_2)
FN:56,PureMyFarmFloater
FN:56,(anonymous_4)
FNF:4
FNH:0
FNDA:0,PureMyFarmFloaterComponent
FNDA:0,(anonymous_2)
FNDA:0,PureMyFarmFloater
FNDA:0,(anonymous_4)
DA:12,1
DA:18,0
DA:19,0
DA:20,0
DA:56,1
DA:63,0
DA:64,0
DA:66,0
DA:74,0
LF:9
LH:2
BRDA:45,0,0,0
BRDA:45,0,1,0
BRF:2
BRH:0
end_of_record
TN:
SF:../../../../../../../Users/litefarmresearchassistant/Workspace/LiteFarm/packages/webapp/src/components/Navigation/Floater/ProfileFloater.jsx
FN:12,PureProfileFloaterComponent
FN:12,(anonymous_2)
FN:60,PureProfileFloater
FNF:3
FNH:0
FNDA:0,PureProfileFloaterComponent
FNDA:0,(anonymous_2)
FNDA:0,PureProfileFloater
DA:12,1
DA:15,0
DA:16,0
DA:17,0
DA:60,1
DA:69,0
DA:88,1
DA:95,1
LF:8
LH:4
BRF:0
BRH:0
end_of_record
TN:
SF:../../../../../../../Users/litefarmresearchassistant/Workspace/LiteFarm/packages/webapp/src/components/Navigation/NavBar/Alert.jsx
FN:6,PureAlert
FNF:1
FNH:0
FNDA:0,PureAlert
DA:6,2
DA:7,0
DA:23,0
DA:25,0
DA:37,1
LF:5
LH:2
BRDA:26,0,0,0
BRDA:26,0,1,0
BRDA:30,1,0,0
BRDA:30,1,1,0
BRF:4
BRH:0
end_of_record
TN:
SF:../../../../../../../Users/litefarmresearchassistant/Workspace/LiteFarm/packages/webapp/src/components/Navigation/NavBar/NavbarSpotlightProvider.jsx
FN:4,NavbarSpotlightProvider
FN:4,(anonymous_2)
FN:66,NavBarNotificationSpotlightProvider
FN:66,(anonymous_4)
FNF:4
FNH:0
FNDA:0,NavbarSpotlightProvider
FNDA:0,(anonymous_2)
FNDA:0,NavBarNotificationSpotlightProvider
FNDA:0,(anonymous_4)
DA:4,1
DA:5,0
DA:6,0
DA:66,1
DA:67,0
DA:68,0
LF:6
LH:2
BRF:0
BRH:0
end_of_record
TN:
SF:../../../../../../../Users/litefarmresearchassistant/Workspace/LiteFarm/packages/webapp/src/components/Navigation/NavBar/index.jsx
FN:34,(anonymous_1)
FN:95,PureNavBar
FN:124,(anonymous_3)
FN:125,(anonymous_4)
FN:125,(anonymous_5)
FN:127,(anonymous_6)
FN:138,(anonymous_7)
FN:141,(anonymous_8)
FN:142,(anonymous_9)
FN:152,(anonymous_10)
FN:156,(anonymous_11)
FN:157,(anonymous_12)
FN:161,(anonymous_13)
FN:167,(anonymous_14)
FN:171,(anonymous_15)
FN:177,(anonymous_16)
FN:183,(anonymous_17)
FN:187,(anonymous_18)
FN:191,(anonymous_19)
FN:195,(anonymous_20)
FN:199,(anonymous_21)
FN:215,(anonymous_22)
FN:219,(anonymous_23)
FN:249,(anonymous_24)
FN:250,(anonymous_25)
FN:95,(anonymous_26)
FN:341,(anonymous_27)
FN:349,(anonymous_28)
FN:341,(anonymous_29)
FNF:29
FNH:0
FNDA:0,(anonymous_1)
FNDA:0,PureNavBar
FNDA:0,(anonymous_3)
FNDA:0,(anonymous_4)
FNDA:0,(anonymous_5)
FNDA:0,(anonymous_6)
FNDA:0,(anonymous_7)
FNDA:0,(anonymous_8)
FNDA:0,(anonymous_9)
FNDA:0,(anonymous_10)
FNDA:0,(anonymous_11)
FNDA:0,(anonymous_12)
FNDA:0,(anonymous_13)
FNDA:0,(anonymous_14)
FNDA:0,(anonymous_15)
FNDA:0,(anonymous_16)
FNDA:0,(anonymous_17)
FNDA:0,(anonymous_18)
FNDA:0,(anonymous_19)
FNDA:0,(anonymous_20)
FNDA:0,(anonymous_21)
FNDA:0,(anonymous_22)
FNDA:0,(anonymous_23)
FNDA:0,(anonymous_24)
FNDA:0,(anonymous_25)
FNDA:0,(anonymous_26)
FNDA:0,(anonymous_27)
FNDA:0,(anonymous_28)
FNDA:0,(anonymous_29)
DA:34,1
DA:95,1
DA:102,0
DA:103,0
DA:104,0
DA:121,0
DA:123,0
DA:124,0
DA:125,0
DA:126,0
DA:127,0
DA:128,0
DA:130,0
DA:133,0
DA:134,0
DA:135,0
DA:136,0
DA:137,0
DA:138,0
DA:139,0
DA:141,0
DA:142,0
DA:143,0
DA:144,0
DA:145,0
DA:147,0
DA:149,0
DA:152,0
DA:153,0
DA:154,0
DA:156,0
DA:157,0
DA:158,0
DA:161,0
DA:162,0
DA:165,0
DA:167,0
DA:168,0
DA:169,0
DA:171,0
DA:172,0
DA:175,0
DA:177,0
DA:178,0
DA:179,0
DA:183,0
DA:184,0
DA:185,0
DA:187,0
DA:188,0
DA:189,0
DA:191,0
DA:192,0
DA:193,0
DA:195,0
DA:196,0
DA:197,0
DA:199,0
DA:200,0
DA:206,0
DA:207,0
DA:209,0
DA:210,0
DA:211,0
DA:215,0
DA:216,0
DA:219,0
DA:220,0
DA:222,0
DA:224,0
DA:226,0
DA:228,0
DA:232,0
DA:249,0
DA:250,0
DA:341,1
DA:342,0
DA:343,0
DA:344,0
DA:349,0
DA:354,1
LF:81
LH:4
BRDA:141,0,0,0
BRDA:141,0,1,0
BRDA:145,1,0,0
BRDA:145,1,1,0
BRDA:156,2,0,0
BRDA:156,2,1,0
BRDA:206,3,0,0
BRDA:206,3,1,0
BRDA:220,4,0,0
BRDA:220,4,1,0
BRDA:220,4,2,0
BRDA:220,4,3,0
BRDA:262,5,0,0
BRDA:262,5,1,0
BRDA:346,6,0,0
BRDA:346,6,1,0
BRDA:347,7,0,0
BRDA:347,7,1,0
BRF:18
BRH:0
end_of_record
TN:
SF:../../../../../../../Users/litefarmresearchassistant/Workspace/LiteFarm/packages/webapp/src/components/Navigation/NavBar/ListOption/index.jsx
FN:4,ListOption
FNF:1
FNH:0
FNDA:0,ListOption
DA:4,1
DA:13,0
DA:15,0
DA:16,0
DA:20,0
DA:24,0
DA:28,0
DA:34,0
DA:47,0
DA:56,0
LF:10
LH:1
BRDA:8,0,0,0
BRDA:9,1,0,0
BRDA:10,2,0,0
BRDA:11,3,0,0
BRDA:13,4,0,0
BRDA:15,5,0,0
BRDA:15,5,1,0
BRF:7
BRH:0
end_of_record
TN:
SF:../../../../../../../Users/litefarmresearchassistant/Workspace/LiteFarm/packages/webapp/src/components/Navigation/NavBar/slideMenu/index.jsx
FN:12,(anonymous_1)
FN:34,SlideMenu
FN:37,(anonymous_3)
FN:45,(anonymous_4)
FN:58,(anonymous_5)
FN:67,(anonymous_6)
FN:77,(anonymous_7)
FN:88,(anonymous_8)
FN:96,(anonymous_9)
FN:34,(anonymous_10)
FNF:10
FNH:0
FNDA:0,(anonymous_1)
FNDA:0,SlideMenu
FNDA:0,(anonymous_3)
FNDA:0,(anonymous_4)
FNDA:0,(anonymous_5)
FNDA:0,(anonymous_6)
FNDA:0,(anonymous_7)
FNDA:0,(anonymous_8)
FNDA:0,(anonymous_9)
FNDA:0,(anonymous_10)
DA:12,1
DA:34,1
DA:35,0
DA:36,0
DA:37,0
DA:38,0
DA:39,0
DA:41,0
DA:42,0
DA:45,0
DA:59,0
DA:67,0
DA:77,0
DA:88,0
DA:96,0
DA:109,1
LF:16
LH:3
BRDA:51,0,0,0
BRDA:51,0,1,0
BRDA:53,1,0,0
BRDA:53,1,1,0
BRDA:73,2,0,0
BRDA:73,2,1,0
BRDA:87,3,0,0
BRDA:87,3,1,0
BRF:8
BRH:0
end_of_record
TN:
SF:../../../../../../../Users/litefarmresearchassistant/Workspace/LiteFarm/packages/webapp/src/components/Navigation/NoFarmNavBar/index.jsx
FN:20,NoFarmNavBar
FN:28,(anonymous_2)
FNF:2
FNH:1
FNDA:1,NoFarmNavBar
FNDA:0,(anonymous_2)
DA:20,1
DA:21,1
DA:28,0
LF:3
LH:2
BRF:0
BRH:0
end_of_record
TN:
SF:../../../../../../../Users/litefarmresearchassistant/Workspace/LiteFarm/packages/webapp/src/components/PureSnackbar/index.jsx
FN:10,Icon
FN:15,PureSnackbarWithoutBorder
FN:22,(anonymous_3)
FN:23,(anonymous_4)
FN:41,(anonymous_5)
FNF:5
FNH:0
FNDA:0,Icon
FNDA:0,PureSnackbarWithoutBorder
FNDA:0,(anonymous_3)
FNDA:0,(anonymous_4)
FNDA:0,(anonymous_5)
DA:10,1
DA:11,0
DA:12,0
DA:15,2
DA:16,0
DA:18,0
DA:22,0
DA:23,0
DA:41,1
DA:42,0
DA:47,1
DA:55,1
LF:12
LH:5
BRDA:10,0,0,0
BRDA:11,1,0,0
BRDA:12,2,0,0
BRDA:23,3,0,0
BRDA:23,3,1,0
BRDA:35,4,0,0
BRDA:35,4,1,0
BRF:7
BRH:0
end_of_record
TN:
SF:../../../../../../../Users/litefarmresearchassistant/Workspace/LiteFarm/packages/webapp/src/components/Signup/utils.js
FN:1,(anonymous_0)
FN:9,(anonymous_1)
FNF:2
FNH:1
FNDA:60,(anonymous_0)
FNDA:0,(anonymous_1)
DA:1,1
DA:2,60
DA:3,60
DA:4,60
DA:5,60
DA:6,60
DA:7,60
DA:9,1
LF:8
LH:8
BRDA:2,0,0,60
BRDA:2,0,1,0
BRDA:6,1,0,60
BRDA:6,1,1,0
BRDA:6,1,2,0
BRDA:6,1,3,0
BRF:6
BRH:2
end_of_record
TN:
SF:../../../../../../../Users/litefarmresearchassistant/Workspace/LiteFarm/packages/webapp/src/components/Signup/EnterPasswordPage/index.jsx
FN:14,PureEnterPasswordPage
FN:37,(anonymous_2)
FN:44,(anonymous_3)
FN:47,(anonymous_4)
FN:53,(anonymous_5)
FN:14,(anonymous_6)
FNF:6
FNH:3
FNDA:31,PureEnterPasswordPage
FNDA:0,(anonymous_2)
FNDA:0,(anonymous_3)
FNDA:0,(anonymous_4)
FNDA:2,(anonymous_5)
FNDA:1,(anonymous_6)
DA:14,1
DA:21,31
DA:29,31
DA:30,31
DA:31,31
DA:33,31
DA:34,31
DA:35,31
DA:36,31
DA:37,29
DA:38,0
DA:42,0
DA:44,29
DA:45,0
DA:47,29
DA:48,0
DA:50,29
DA:51,29
DA:53,29
DA:54,2
DA:55,1
DA:59,29
DA:111,1
LF:23
LH:19
BRDA:20,0,0,0
BRDA:54,1,0,1
BRDA:71,2,0,29
BRDA:71,2,1,29
BRDA:80,3,0,29
BRDA:80,3,1,0
BRDA:96,4,0,29
BRDA:96,4,1,0
BRF:8
BRH:5
end_of_record
TN:
SF:../../../../../../../Users/litefarmresearchassistant/Workspace/LiteFarm/packages/webapp/src/components/Spinner/index.jsx
FN:4,Spinner
FNF:1
FNH:1
FNDA:16,Spinner
DA:4,1
DA:5,16
LF:2
LH:2
BRF:0
BRH:0
end_of_record
TN:
SF:../../../../../../../Users/litefarmresearchassistant/Workspace/LiteFarm/packages/webapp/src/containers/appSettingSlice.js
FN:13,(anonymous_0)
FN:24,(anonymous_1)
FN:26,(anonymous_2)
FNF:3
FNH:1
FNDA:0,(anonymous_0)
FNDA:0,(anonymous_1)
FNDA:34,(anonymous_2)
DA:4,1
DA:8,1
DA:14,0
DA:21,1
DA:24,1
DA:26,34
LF:6
LH:5
BRF:0
BRH:0
end_of_record
TN:
SF:../../../../../../../Users/litefarmresearchassistant/Workspace/LiteFarm/packages/webapp/src/containers/barnSlice.js
FN:8,(anonymous_0)
FN:18,(anonymous_1)
FN:27,(anonymous_2)
FN:30,(anonymous_3)
FN:33,(anonymous_4)
FN:37,(anonymous_5)
FN:45,(anonymous_6)
FN:75,(anonymous_7)
FN:77,(anonymous_8)
FN:82,(anonymous_9)
FN:83,(anonymous_10)
FN:87,(anonymous_11)
FN:88,(anonymous_12)
FN:92,(anonymous_13)
FNF:14
FNH:0
FNDA:0,(anonymous_0)
FNDA:0,(anonymous_1)
FNDA:0,(anonymous_2)
FNDA:0,(anonymous_3)
FNDA:0,(anonymous_4)
FNDA:0,(anonymous_5)
FNDA:0,(anonymous_6)
FNDA:0,(anonymous_7)
FNDA:0,(anonymous_8)
FNDA:0,(anonymous_9)
FNDA:0,(anonymous_10)
FNDA:0,(anonymous_11)
FNDA:0,(anonymous_12)
FNDA:0,(anonymous_13)
DA:7,1
DA:8,1
DA:9,0
DA:18,1
DA:19,0
DA:27,1
DA:28,0
DA:30,1
DA:31,0
DA:33,0
DA:35,0
DA:37,1
DA:38,0
DA:39,0
DA:40,0
DA:41,0
DA:44,1
DA:45,0
DA:48,1
DA:72,1
DA:75,1
DA:77,1
DA:79,1
DA:80,1
DA:83,0
DA:87,1
DA:88,0
DA:90,1
DA:93,0
LF:29
LH:15
BRDA:83,0,0,0
BRDA:83,0,1,0
BRF:2
BRH:0
end_of_record
TN:
SF:../../../../../../../Users/litefarmresearchassistant/Workspace/LiteFarm/packages/webapp/src/containers/bedMethodSlice.js
FN:22,(anonymous_0)
FN:26,(anonymous_1)
FN:32,(anonymous_2)
FN:38,(anonymous_3)
FN:44,(anonymous_4)
FN:49,(anonymous_5)
FN:64,(anonymous_6)
FN:83,(anonymous_7)
FN:86,(anonymous_8)
FNF:9
FNH:0
FNDA:0,(anonymous_0)
FNDA:0,(anonymous_1)
FNDA:0,(anonymous_2)
FNDA:0,(anonymous_3)
FNDA:0,(anonymous_4)
FNDA:0,(anonymous_5)
FNDA:0,(anonymous_6)
FNDA:0,(anonymous_7)
FNDA:0,(anonymous_8)
DA:5,1
DA:22,1
DA:23,0
DA:26,1
DA:27,0
DA:28,0
DA:29,0
DA:32,1
DA:33,0
DA:34,0
DA:35,0
DA:38,1
DA:39,0
DA:40,0
DA:41,0
DA:42,0
DA:44,0
DA:48,1
DA:49,0
DA:52,1
DA:65,0
DA:80,1
DA:83,1
DA:85,1
DA:86,0
LF:25
LH:10
BRF:0
BRH:0
end_of_record
TN:
SF:../../../../../../../Users/litefarmresearchassistant/Workspace/LiteFarm/packages/webapp/src/containers/broadcastMethodSlice.js
FN:13,(anonymous_0)
FN:17,(anonymous_1)
FN:23,(anonymous_2)
FN:29,(anonymous_3)
FN:35,(anonymous_4)
FN:40,(anonymous_5)
FN:55,(anonymous_6)
FN:74,(anonymous_7)
FN:78,(anonymous_8)
FNF:9
FNH:0
FNDA:0,(anonymous_0)
FNDA:0,(anonymous_1)
FNDA:0,(anonymous_2)
FNDA:0,(anonymous_3)
FNDA:0,(anonymous_4)
FNDA:0,(anonymous_5)
FNDA:0,(anonymous_6)
FNDA:0,(anonymous_7)
FNDA:0,(anonymous_8)
DA:5,1
DA:13,1
DA:14,0
DA:17,1
DA:18,0
DA:19,0
DA:20,0
DA:23,1
DA:24,0
DA:25,0
DA:26,0
DA:29,1
DA:30,0
DA:31,0
DA:32,0
DA:33,0
DA:35,0
DA:39,1
DA:40,0
DA:43,1
DA:56,0
DA:71,1
DA:74,1
DA:75,0
DA:77,1
DA:78,0
LF:26
LH:10
BRF:0
BRH:0
end_of_record
TN:
SF:../../../../../../../Users/litefarmresearchassistant/Workspace/LiteFarm/packages/webapp/src/containers/bufferZoneSlice.js
FN:8,(anonymous_0)
FN:18,(anonymous_1)
FN:28,(anonymous_2)
FN:31,(anonymous_3)
FN:34,(anonymous_4)
FN:38,(anonymous_5)
FN:46,(anonymous_6)
FN:76,(anonymous_7)
FN:79,(anonymous_8)
FN:85,(anonymous_9)
FN:87,(anonymous_10)
FN:92,(anonymous_11)
FN:93,(anonymous_12)
FN:97,(anonymous_13)
FNF:14
FNH:0
FNDA:0,(anonymous_0)
FNDA:0,(anonymous_1)
FNDA:0,(anonymous_2)
FNDA:0,(anonymous_3)
FNDA:0,(anonymous_4)
FNDA:0,(anonymous_5)
FNDA:0,(anonymous_6)
FNDA:0,(anonymous_7)
FNDA:0,(anonymous_8)
FNDA:0,(anonymous_9)
FNDA:0,(anonymous_10)
FNDA:0,(anonymous_11)
FNDA:0,(anonymous_12)
FNDA:0,(anonymous_13)
DA:7,1
DA:8,1
DA:9,0
DA:18,1
DA:19,0
DA:28,1
DA:29,0
DA:31,1
DA:32,0
DA:34,0
DA:36,0
DA:38,1
DA:39,0
DA:40,0
DA:41,0
DA:42,0
DA:45,1
DA:46,0
DA:49,1
DA:73,1
DA:76,1
DA:78,1
DA:79,0
DA:82,1
DA:83,1
DA:86,0
DA:87,0
DA:92,1
DA:93,0
DA:95,1
DA:98,0
LF:31
LH:15
BRDA:87,0,0,0
BRDA:87,0,1,0
BRF:2
BRH:0
end_of_record
TN:
SF:../../../../../../../Users/litefarmresearchassistant/Workspace/LiteFarm/packages/webapp/src/containers/bulkSensorReadingsSlice.js
FN:20,(anonymous_0)
FN:34,(anonymous_1)
FN:48,(anonymous_2)
FN:64,(anonymous_3)
FN:84,(anonymous_4)
FNF:5
FNH:0
FNDA:0,(anonymous_0)
FNDA:0,(anonymous_1)
FNDA:0,(anonymous_2)
FNDA:0,(anonymous_3)
FNDA:0,(anonymous_4)
DA:3,1
DA:16,1
DA:21,0
DA:35,0
DA:49,0
DA:50,0
DA:65,0
DA:66,0
DA:67,0
DA:68,0
DA:69,0
DA:70,0
DA:71,0
DA:72,0
DA:73,0
DA:82,1
DA:84,1
DA:85,0
LF:18
LH:4
BRDA:49,0,0,0
BRDA:49,1,0,0
BRDA:49,1,1,0
BRF:3
BRH:0
end_of_record
TN:
SF:../../../../../../../Users/litefarmresearchassistant/Workspace/LiteFarm/packages/webapp/src/containers/bulkSensorUploadSlice.js
FN:17,(anonymous_0)
FN:28,(anonymous_1)
FN:33,(anonymous_2)
FN:43,(anonymous_3)
FN:51,(anonymous_4)
FN:56,(anonymous_5)
FN:64,(anonymous_6)
FN:80,(anonymous_7)
FNF:8
FNH:0
FNDA:0,(anonymous_0)
FNDA:0,(anonymous_1)
FNDA:0,(anonymous_2)
FNDA:0,(anonymous_3)
FNDA:0,(anonymous_4)
FNDA:0,(anonymous_5)
FNDA:0,(anonymous_6)
FNDA:0,(anonymous_7)
DA:3,1
DA:13,1
DA:18,0
DA:29,0
DA:30,0
DA:31,0
DA:34,0
DA:35,0
DA:36,0
DA:37,0
DA:38,0
DA:39,0
DA:40,0
DA:44,0
DA:45,0
DA:46,0
DA:47,0
DA:48,0
DA:49,0
DA:52,0
DA:53,0
DA:54,0
DA:57,0
DA:65,0
DA:66,0
DA:78,1
DA:80,1
DA:81,0
LF:28
LH:4
BRDA:34,0,0,0
BRDA:46,1,0,0
BRDA:46,1,1,0
BRDA:47,2,0,0
BRDA:47,2,1,0
BRDA:49,3,0,0
BRDA:49,3,1,0
BRF:7
BRH:0
end_of_record
TN:
SF:../../../../../../../Users/litefarmresearchassistant/Workspace/LiteFarm/packages/webapp/src/containers/ceremonialSlice.js
FN:8,(anonymous_0)
FN:18,(anonymous_1)
FN:28,(anonymous_2)
FN:31,(anonymous_3)
FN:34,(anonymous_4)
FN:38,(anonymous_5)
FN:46,(anonymous_6)
FN:76,(anonymous_7)
FN:79,(anonymous_8)
FN:85,(anonymous_9)
FN:87,(anonymous_10)
FN:92,(anonymous_11)
FN:93,(anonymous_12)
FN:97,(anonymous_13)
FNF:14
FNH:0
FNDA:0,(anonymous_0)
FNDA:0,(anonymous_1)
FNDA:0,(anonymous_2)
FNDA:0,(anonymous_3)
FNDA:0,(anonymous_4)
FNDA:0,(anonymous_5)
FNDA:0,(anonymous_6)
FNDA:0,(anonymous_7)
FNDA:0,(anonymous_8)
FNDA:0,(anonymous_9)
FNDA:0,(anonymous_10)
FNDA:0,(anonymous_11)
FNDA:0,(anonymous_12)
FNDA:0,(anonymous_13)
DA:7,1
DA:8,1
DA:9,0
DA:18,1
DA:19,0
DA:28,1
DA:29,0
DA:31,1
DA:32,0
DA:34,0
DA:36,0
DA:38,1
DA:39,0
DA:40,0
DA:41,0
DA:42,0
DA:45,1
DA:46,0
DA:49,1
DA:73,1
DA:76,1
DA:78,1
DA:79,0
DA:82,1
DA:83,1
DA:86,0
DA:87,0
DA:92,1
DA:93,0
DA:95,1
DA:98,0
LF:31
LH:15
BRDA:87,0,0,0
BRDA:87,0,1,0
BRF:2
BRH:0
end_of_record
TN:
SF:../../../../../../../Users/litefarmresearchassistant/Workspace/LiteFarm/packages/webapp/src/containers/constants.js
FNF:0
FNH:0
DA:1,1
DA:9,1
DA:10,1
DA:20,1
DA:21,1
DA:23,1
DA:39,1
DA:57,1
DA:72,1
DA:85,1
DA:98,1
DA:112,1
DA:129,1
DA:145,1
DA:154,1
DA:172,1
DA:186,1
DA:199,1
DA:213,1
DA:226,1
LF:20
LH:20
BRF:0
BRH:0
end_of_record
TN:
SF:../../../../../../../Users/litefarmresearchassistant/Workspace/LiteFarm/packages/webapp/src/containers/containerMethodSlice.js
FN:18,(anonymous_0)
FN:22,(anonymous_1)
FN:28,(anonymous_2)
FN:34,(anonymous_3)
FN:40,(anonymous_4)
FN:45,(anonymous_5)
FN:60,(anonymous_6)
FN:79,(anonymous_7)
FN:83,(anonymous_8)
FNF:9
FNH:0
FNDA:0,(anonymous_0)
FNDA:0,(anonymous_1)
FNDA:0,(anonymous_2)
FNDA:0,(anonymous_3)
FNDA:0,(anonymous_4)
FNDA:0,(anonymous_5)
FNDA:0,(anonymous_6)
FNDA:0,(anonymous_7)
FNDA:0,(anonymous_8)
DA:5,1
DA:18,1
DA:19,0
DA:22,1
DA:23,0
DA:24,0
DA:25,0
DA:28,1
DA:29,0
DA:30,0
DA:31,0
DA:34,1
DA:35,0
DA:36,0
DA:37,0
DA:38,0
DA:40,0
DA:44,1
DA:45,0
DA:48,1
DA:61,0
DA:76,1
DA:79,1
DA:80,0
DA:82,1
DA:83,0
LF:26
LH:10
BRF:0
BRH:0
end_of_record
TN:
SF:../../../../../../../Users/litefarmresearchassistant/Workspace/LiteFarm/packages/webapp/src/containers/cropManagementPlanSlice.js
FN:28,(anonymous_0)
FN:32,(anonymous_1)
FN:38,(anonymous_2)
FN:44,(anonymous_3)
FN:50,(anonymous_4)
FN:55,(anonymous_5)
FN:80,(anonymous_6)
FN:84,(anonymous_7)
FNF:8
FNH:0
FNDA:0,(anonymous_0)
FNDA:0,(anonymous_1)
FNDA:0,(anonymous_2)
FNDA:0,(anonymous_3)
FNDA:0,(anonymous_4)
FNDA:0,(anonymous_5)
FNDA:0,(anonymous_6)
FNDA:0,(anonymous_7)
DA:6,1
DA:28,1
DA:29,0
DA:32,1
DA:33,0
DA:34,0
DA:35,0
DA:38,1
DA:39,0
DA:40,0
DA:41,0
DA:44,1
DA:45,0
DA:46,0
DA:47,0
DA:48,0
DA:50,0
DA:54,1
DA:55,0
DA:58,1
DA:77,1
DA:80,1
DA:81,0
DA:83,1
DA:84,0
DA:87,1
LF:26
LH:11
BRF:0
BRH:0
end_of_record
TN:
SF:../../../../../../../Users/litefarmresearchassistant/Workspace/LiteFarm/packages/webapp/src/containers/cropSlice.js
FN:45,(anonymous_0)
FN:113,(anonymous_1)
FN:119,(anonymous_2)
FN:125,(anonymous_3)
FN:130,(anonymous_4)
FN:135,(anonymous_5)
FN:149,(anonymous_6)
FN:154,(anonymous_7)
FN:168,(anonymous_8)
FN:170,(anonymous_9)
FN:174,(anonymous_10)
FN:175,(anonymous_11)
FN:179,(anonymous_12)
FN:179,(anonymous_13)
FN:181,(anonymous_14)
FN:187,(anonymous_15)
FN:189,(anonymous_16)
FN:190,(anonymous_17)
FN:203,cropsAverage
FN:205,(anonymous_19)
FN:211,calculateRunningAverage
FN:215,getAverageProperties
FN:216,(anonymous_22)
FNF:23
FNH:0
FNDA:0,(anonymous_0)
FNDA:0,(anonymous_1)
FNDA:0,(anonymous_2)
FNDA:0,(anonymous_3)
FNDA:0,(anonymous_4)
FNDA:0,(anonymous_5)
FNDA:0,(anonymous_6)
FNDA:0,(anonymous_7)
FNDA:0,(anonymous_8)
FNDA:0,(anonymous_9)
FNDA:0,(anonymous_10)
FNDA:0,(anonymous_11)
FNDA:0,(anonymous_12)
FNDA:0,(anonymous_13)
FNDA:0,(anonymous_14)
FNDA:0,(anonymous_15)
FNDA:0,(anonymous_16)
FNDA:0,(anonymous_17)
FNDA:0,cropsAverage
FNDA:0,(anonymous_19)
FNDA:0,calculateRunningAverage
FNDA:0,getAverageProperties
FNDA:0,(anonymous_22)
DA:6,1
DA:45,1
DA:46,0
DA:113,1
DA:114,0
DA:115,0
DA:116,0
DA:119,1
DA:120,0
DA:121,0
DA:122,0
DA:125,1
DA:126,0
DA:127,0
DA:128,0
DA:130,0
DA:134,1
DA:135,0
DA:138,1
DA:150,0
DA:151,0
DA:155,0
DA:165,1
DA:168,1
DA:170,1
DA:172,1
DA:175,0
DA:179,1
DA:181,1
DA:182,0
DA:185,1
DA:187,1
DA:188,0
DA:189,0
DA:191,0
DA:192,0
DA:193,0
DA:195,0
DA:204,0
DA:205,0
DA:206,0
DA:208,0
DA:212,0
DA:216,0
LF:44
LH:15
BRDA:175,0,0,0
BRDA:175,0,1,0
BRDA:192,1,0,0
BRDA:192,1,1,0
BRF:4
BRH:0
end_of_record
TN:
SF:../../../../../../../Users/litefarmresearchassistant/Workspace/LiteFarm/packages/webapp/src/containers/cropVarietySlice.js
FN:8,(anonymous_0)
FN:60,(anonymous_1)
FN:66,(anonymous_2)
FN:72,(anonymous_3)
FN:77,(anonymous_4)
FN:82,(anonymous_5)
FN:96,(anonymous_6)
FN:101,(anonymous_7)
FN:108,(anonymous_8)
FN:124,(anonymous_9)
FN:127,(anonymous_10)
FN:132,(anonymous_11)
FN:133,(anonymous_12)
FN:145,(anonymous_13)
FN:147,(anonymous_14)
FN:152,(anonymous_15)
FN:152,(anonymous_16)
FN:155,(anonymous_17)
FN:158,(anonymous_18)
FN:166,(anonymous_19)
FN:171,(anonymous_20)
FN:172,(anonymous_21)
FN:177,(anonymous_22)
FN:178,(anonymous_23)
FN:180,(anonymous_24)
FN:192,(anonymous_25)
FN:193,(anonymous_26)
FN:194,(anonymous_27)
FNF:28
FNH:0
FNDA:0,(anonymous_0)
FNDA:0,(anonymous_1)
FNDA:0,(anonymous_2)
FNDA:0,(anonymous_3)
FNDA:0,(anonymous_4)
FNDA:0,(anonymous_5)
FNDA:0,(anonymous_6)
FNDA:0,(anonymous_7)
FNDA:0,(anonymous_8)
FNDA:0,(anonymous_9)
FNDA:0,(anonymous_10)
FNDA:0,(anonymous_11)
FNDA:0,(anonymous_12)
FNDA:0,(anonymous_13)
FNDA:0,(anonymous_14)
FNDA:0,(anonymous_15)
FNDA:0,(anonymous_16)
FNDA:0,(anonymous_17)
FNDA:0,(anonymous_18)
FNDA:0,(anonymous_19)
FNDA:0,(anonymous_20)
FNDA:0,(anonymous_21)
FNDA:0,(anonymous_22)
FNDA:0,(anonymous_23)
FNDA:0,(anonymous_24)
FNDA:0,(anonymous_25)
FNDA:0,(anonymous_26)
FNDA:0,(anonymous_27)
DA:8,1
DA:9,0
DA:60,1
DA:61,0
DA:62,0
DA:63,0
DA:66,1
DA:67,0
DA:68,0
DA:69,0
DA:72,1
DA:73,0
DA:74,0
DA:75,0
DA:77,0
DA:81,1
DA:82,0
DA:85,1
DA:97,0
DA:98,0
DA:102,0
DA:109,0
DA:121,1
DA:124,1
DA:126,1
DA:127,0
DA:130,1
DA:133,0
DA:134,0
DA:135,0
DA:136,0
DA:137,0
DA:143,1
DA:146,0
DA:147,0
DA:152,1
DA:153,0
DA:155,1
DA:156,0
DA:159,0
DA:160,0
DA:164,1
DA:167,0
DA:171,1
DA:172,0
DA:173,0
DA:174,0
DA:177,1
DA:178,0
DA:179,0
DA:181,0
DA:182,0
DA:184,0
DA:187,0
DA:188,0
DA:192,1
DA:193,0
DA:194,0
LF:58
LH:17
BRDA:181,0,0,0
BRF:1
BRH:0
end_of_record
TN:
SF:../../../../../../../Users/litefarmresearchassistant/Workspace/LiteFarm/packages/webapp/src/containers/customSignUpSlice.js
FN:11,(anonymous_0)
FN:19,(anonymous_1)
FNF:2
FNH:2
FNDA:32,(anonymous_0)
FNDA:1,(anonymous_1)
DA:3,1
DA:7,1
DA:12,32
DA:17,1
DA:19,1
DA:20,1
LF:6
LH:6
BRF:0
BRH:0
end_of_record
TN:
SF:../../../../../../../Users/litefarmresearchassistant/Workspace/LiteFarm/packages/webapp/src/containers/documentSlice.js
FN:7,(anonymous_0)
FN:24,(anonymous_1)
FN:30,(anonymous_2)
FN:36,(anonymous_3)
FN:41,(anonymous_4)
FN:46,(anonymous_5)
FN:60,(anonymous_6)
FN:66,(anonymous_7)
FN:69,(anonymous_8)
FN:91,(anonymous_9)
FN:94,(anonymous_10)
FN:101,(anonymous_11)
FN:102,(anonymous_12)
FN:107,(anonymous_13)
FN:107,(anonymous_14)
FN:112,(anonymous_15)
FN:117,(anonymous_16)
FN:126,(anonymous_17)
FN:127,(anonymous_18)
FN:133,(anonymous_19)
FN:134,(anonymous_20)
FNF:21
FNH:0
FNDA:0,(anonymous_0)
FNDA:0,(anonymous_1)
FNDA:0,(anonymous_2)
FNDA:0,(anonymous_3)
FNDA:0,(anonymous_4)
FNDA:0,(anonymous_5)
FNDA:0,(anonymous_6)
FNDA:0,(anonymous_7)
FNDA:0,(anonymous_8)
FNDA:0,(anonymous_9)
FNDA:0,(anonymous_10)
FNDA:0,(anonymous_11)
FNDA:0,(anonymous_12)
FNDA:0,(anonymous_13)
FNDA:0,(anonymous_14)
FNDA:0,(anonymous_15)
FNDA:0,(anonymous_16)
FNDA:0,(anonymous_17)
FNDA:0,(anonymous_18)
FNDA:0,(anonymous_19)
FNDA:0,(anonymous_20)
DA:7,1
DA:8,0
DA:24,1
DA:25,0
DA:26,0
DA:27,0
DA:30,1
DA:31,0
DA:32,0
DA:33,0
DA:36,1
DA:37,0
DA:38,0
DA:39,0
DA:41,0
DA:45,1
DA:46,0
DA:49,1
DA:61,0
DA:62,0
DA:67,0
DA:70,0
DA:88,1
DA:91,1
DA:93,1
DA:94,0
DA:97,1
DA:99,1
DA:102,0
DA:103,0
DA:107,1
DA:108,0
DA:110,1
DA:113,0
DA:117,1
DA:118,0
DA:124,1
DA:127,0
DA:131,1
DA:134,0
LF:40
LH:16
BRDA:119,0,0,0
BRDA:119,0,1,0
BRDA:119,0,2,0
BRDA:119,0,3,0
BRF:4
BRH:0
end_of_record
TN:
SF:../../../../../../../Users/litefarmresearchassistant/Workspace/LiteFarm/packages/webapp/src/containers/farmSiteBoundarySlice.js
FN:8,(anonymous_0)
FN:18,(anonymous_1)
FN:28,(anonymous_2)
FN:31,(anonymous_3)
FN:34,(anonymous_4)
FN:38,(anonymous_5)
FN:46,(anonymous_6)
FN:76,(anonymous_7)
FN:80,(anonymous_8)
FN:86,(anonymous_9)
FN:88,(anonymous_10)
FN:93,(anonymous_11)
FN:94,(anonymous_12)
FN:98,(anonymous_13)
FNF:14
FNH:0
FNDA:0,(anonymous_0)
FNDA:0,(anonymous_1)
FNDA:0,(anonymous_2)
FNDA:0,(anonymous_3)
FNDA:0,(anonymous_4)
FNDA:0,(anonymous_5)
FNDA:0,(anonymous_6)
FNDA:0,(anonymous_7)
FNDA:0,(anonymous_8)
FNDA:0,(anonymous_9)
FNDA:0,(anonymous_10)
FNDA:0,(anonymous_11)
FNDA:0,(anonymous_12)
FNDA:0,(anonymous_13)
DA:7,1
DA:8,1
DA:9,0
DA:18,1
DA:19,0
DA:28,1
DA:29,0
DA:31,1
DA:32,0
DA:34,0
DA:36,0
DA:38,1
DA:39,0
DA:40,0
DA:41,0
DA:42,0
DA:45,1
DA:46,0
DA:49,1
DA:73,1
DA:76,1
DA:77,0
DA:79,1
DA:80,0
DA:83,1
DA:84,1
DA:87,0
DA:88,0
DA:93,1
DA:94,0
DA:96,1
DA:99,0
LF:32
LH:15
BRDA:88,0,0,0
BRDA:88,0,1,0
BRF:2
BRH:0
end_of_record
TN:
SF:../../../../../../../Users/litefarmresearchassistant/Workspace/LiteFarm/packages/webapp/src/containers/fenceSlice.js
FN:8,(anonymous_0)
FN:18,(anonymous_1)
FN:27,(anonymous_2)
FN:30,(anonymous_3)
FN:33,(anonymous_4)
FN:37,(anonymous_5)
FN:45,(anonymous_6)
FN:75,(anonymous_7)
FN:77,(anonymous_8)
FN:82,(anonymous_9)
FN:83,(anonymous_10)
FN:87,(anonymous_11)
FN:88,(anonymous_12)
FN:92,(anonymous_13)
FNF:14
FNH:0
FNDA:0,(anonymous_0)
FNDA:0,(anonymous_1)
FNDA:0,(anonymous_2)
FNDA:0,(anonymous_3)
FNDA:0,(anonymous_4)
FNDA:0,(anonymous_5)
FNDA:0,(anonymous_6)
FNDA:0,(anonymous_7)
FNDA:0,(anonymous_8)
FNDA:0,(anonymous_9)
FNDA:0,(anonymous_10)
FNDA:0,(anonymous_11)
FNDA:0,(anonymous_12)
FNDA:0,(anonymous_13)
DA:7,1
DA:8,1
DA:9,0
DA:18,1
DA:19,0
DA:27,1
DA:28,0
DA:30,1
DA:31,0
DA:33,0
DA:35,0
DA:37,1
DA:38,0
DA:39,0
DA:40,0
DA:41,0
DA:44,1
DA:45,0
DA:48,1
DA:72,1
DA:75,1
DA:77,1
DA:79,1
DA:80,1
DA:83,0
DA:87,1
DA:88,0
DA:90,1
DA:93,0
LF:29
LH:15
BRDA:83,0,0,0
BRDA:83,0,1,0
BRF:2
BRH:0
end_of_record
TN:
SF:../../../../../../../Users/litefarmresearchassistant/Workspace/LiteFarm/packages/webapp/src/containers/fieldSlice.js
FN:9,(anonymous_0)
FN:22,(anonymous_1)
FN:31,(anonymous_2)
FN:34,(anonymous_3)
FN:37,(anonymous_4)
FN:41,(anonymous_5)
FN:49,(anonymous_6)
FN:79,(anonymous_7)
FN:81,(anonymous_8)
FN:86,(anonymous_9)
FN:87,(anonymous_10)
FN:91,(anonymous_11)
FN:92,(anonymous_12)
FN:96,(anonymous_13)
FNF:14
FNH:0
FNDA:0,(anonymous_0)
FNDA:0,(anonymous_1)
FNDA:0,(anonymous_2)
FNDA:0,(anonymous_3)
FNDA:0,(anonymous_4)
FNDA:0,(anonymous_5)
FNDA:0,(anonymous_6)
FNDA:0,(anonymous_7)
FNDA:0,(anonymous_8)
FNDA:0,(anonymous_9)
FNDA:0,(anonymous_10)
FNDA:0,(anonymous_11)
FNDA:0,(anonymous_12)
FNDA:0,(anonymous_13)
DA:8,1
DA:9,1
DA:10,0
DA:22,1
DA:23,0
DA:31,1
DA:32,0
DA:34,1
DA:35,0
DA:37,0
DA:39,0
DA:41,1
DA:42,0
DA:43,0
DA:44,0
DA:45,0
DA:48,1
DA:49,0
DA:52,1
DA:76,1
DA:79,1
DA:81,1
DA:83,1
DA:84,1
DA:87,0
DA:91,1
DA:92,0
DA:94,1
DA:97,0
LF:29
LH:15
BRDA:87,0,0,0
BRDA:87,0,1,0
BRF:2
BRH:0
end_of_record
TN:
SF:../../../../../../../Users/litefarmresearchassistant/Workspace/LiteFarm/packages/webapp/src/containers/filterSlice.js
FN:52,(anonymous_0)
FN:53,(anonymous_1)
FN:56,(anonymous_2)
FN:59,(anonymous_3)
FN:62,(anonymous_4)
FN:65,(anonymous_5)
FN:68,(anonymous_6)
FN:71,(anonymous_7)
FN:74,(anonymous_8)
FN:77,(anonymous_9)
FN:80,(anonymous_10)
FN:83,(anonymous_11)
FN:86,(anonymous_12)
FN:100,(anonymous_13)
FN:103,(anonymous_14)
FN:108,(anonymous_15)
FN:123,(anonymous_16)
FN:131,(anonymous_17)
FN:145,(anonymous_18)
FN:150,(anonymous_19)
FN:160,(anonymous_20)
FN:170,(anonymous_21)
FN:204,(anonymous_22)
FN:210,(anonymous_23)
FN:212,(anonymous_24)
FN:213,(anonymous_25)
FN:217,(anonymous_26)
FN:219,(anonymous_27)
FN:224,(anonymous_28)
FN:227,(anonymous_29)
FN:228,(anonymous_30)
FN:237,(anonymous_31)
FNF:32
FNH:0
FNDA:0,(anonymous_0)
FNDA:0,(anonymous_1)
FNDA:0,(anonymous_2)
FNDA:0,(anonymous_3)
FNDA:0,(anonymous_4)
FNDA:0,(anonymous_5)
FNDA:0,(anonymous_6)
FNDA:0,(anonymous_7)
FNDA:0,(anonymous_8)
FNDA:0,(anonymous_9)
FNDA:0,(anonymous_10)
FNDA:0,(anonymous_11)
FNDA:0,(anonymous_12)
FNDA:0,(anonymous_13)
FNDA:0,(anonymous_14)
FNDA:0,(anonymous_15)
FNDA:0,(anonymous_16)
FNDA:0,(anonymous_17)
FNDA:0,(anonymous_18)
FNDA:0,(anonymous_19)
FNDA:0,(anonymous_20)
FNDA:0,(anonymous_21)
FNDA:0,(anonymous_22)
FNDA:0,(anonymous_23)
FNDA:0,(anonymous_24)
FNDA:0,(anonymous_25)
FNDA:0,(anonymous_26)
FNDA:0,(anonymous_27)
FNDA:0,(anonymous_28)
FNDA:0,(anonymous_29)
FNDA:0,(anonymous_30)
FNDA:0,(anonymous_31)
DA:21,1
DA:27,1
DA:31,1
DA:42,1
DA:48,1
DA:52,0
DA:54,0
DA:57,0
DA:60,0
DA:63,0
DA:66,0
DA:69,0
DA:72,0
DA:75,0
DA:78,0
DA:81,0
DA:84,0
DA:87,0
DA:91,0
DA:94,0
DA:95,0
DA:101,0
DA:104,0
DA:105,0
DA:106,0
DA:109,0
DA:113,0
DA:118,0
DA:127,0
DA:128,0
DA:129,0
DA:132,0
DA:135,0
DA:140,0
DA:146,0
DA:151,0
DA:155,0
DA:161,0
DA:165,0
DA:171,0
DA:175,0
DA:201,1
DA:204,1
DA:205,0
DA:208,1
DA:210,0
DA:212,1
DA:213,0
DA:215,1
DA:217,0
DA:219,1
DA:220,0
DA:222,1
DA:224,0
DA:227,1
DA:228,0
DA:229,0
DA:230,0
DA:232,0
DA:233,0
DA:234,0
DA:236,0
DA:237,0
DA:238,0
DA:241,0
DA:245,0
LF:66
LH:13
BRDA:103,0,0,0
BRDA:125,1,0,0
BRDA:224,2,0,0
BRDA:224,2,1,0
BRDA:236,3,0,0
BRDA:236,3,1,0
BRDA:238,4,0,0
BRDA:238,4,1,0
BRDA:241,5,0,0
BRDA:241,5,1,0
BRF:10
BRH:0
end_of_record
TN:
SF:../../../../../../../Users/litefarmresearchassistant/Workspace/LiteFarm/packages/webapp/src/containers/gardenSlice.js
FN:9,(anonymous_0)
FN:22,(anonymous_1)
FN:31,(anonymous_2)
FN:34,(anonymous_3)
FN:37,(anonymous_4)
FN:41,(anonymous_5)
FN:49,(anonymous_6)
FN:79,(anonymous_7)
FN:82,(anonymous_8)
FN:88,(anonymous_9)
FN:89,(anonymous_10)
FN:93,(anonymous_11)
FN:94,(anonymous_12)
FN:98,(anonymous_13)
FNF:14
FNH:0
FNDA:0,(anonymous_0)
FNDA:0,(anonymous_1)
FNDA:0,(anonymous_2)
FNDA:0,(anonymous_3)
FNDA:0,(anonymous_4)
FNDA:0,(anonymous_5)
FNDA:0,(anonymous_6)
FNDA:0,(anonymous_7)
FNDA:0,(anonymous_8)
FNDA:0,(anonymous_9)
FNDA:0,(anonymous_10)
FNDA:0,(anonymous_11)
FNDA:0,(anonymous_12)
FNDA:0,(anonymous_13)
DA:8,1
DA:9,1
DA:10,0
DA:22,1
DA:23,0
DA:31,1
DA:32,0
DA:34,1
DA:35,0
DA:37,0
DA:39,0
DA:41,1
DA:42,0
DA:43,0
DA:44,0
DA:45,0
DA:48,1
DA:49,0
DA:52,1
DA:76,1
DA:79,1
DA:81,1
DA:82,0
DA:85,1
DA:86,1
DA:89,0
DA:93,1
DA:94,0
DA:96,1
DA:99,0
LF:30
LH:15
BRDA:89,0,0,0
BRDA:89,0,1,0
BRF:2
BRH:0
end_of_record
TN:
SF:../../../../../../../Users/litefarmresearchassistant/Workspace/LiteFarm/packages/webapp/src/containers/gateSlice.js
FN:8,(anonymous_0)
FN:18,(anonymous_1)
FN:27,(anonymous_2)
FN:30,(anonymous_3)
FN:33,(anonymous_4)
FN:37,(anonymous_5)
FN:45,(anonymous_6)
FN:75,(anonymous_7)
FN:77,(anonymous_8)
FN:82,(anonymous_9)
FN:83,(anonymous_10)
FN:87,(anonymous_11)
FN:88,(anonymous_12)
FN:92,(anonymous_13)
FNF:14
FNH:0
FNDA:0,(anonymous_0)
FNDA:0,(anonymous_1)
FNDA:0,(anonymous_2)
FNDA:0,(anonymous_3)
FNDA:0,(anonymous_4)
FNDA:0,(anonymous_5)
FNDA:0,(anonymous_6)
FNDA:0,(anonymous_7)
FNDA:0,(anonymous_8)
FNDA:0,(anonymous_9)
FNDA:0,(anonymous_10)
FNDA:0,(anonymous_11)
FNDA:0,(anonymous_12)
FNDA:0,(anonymous_13)
DA:7,1
DA:8,1
DA:9,0
DA:18,1
DA:19,0
DA:27,1
DA:28,0
DA:30,1
DA:31,0
DA:33,0
DA:35,0
DA:37,1
DA:38,0
DA:39,0
DA:40,0
DA:41,0
DA:44,1
DA:45,0
DA:48,1
DA:72,1
DA:75,1
DA:77,1
DA:79,1
DA:80,1
DA:83,0
DA:87,1
DA:88,0
DA:90,1
DA:93,0
LF:29
LH:15
BRDA:83,0,0,0
BRDA:83,0,1,0
BRF:2
BRH:0
end_of_record
TN:
SF:../../../../../../../Users/litefarmresearchassistant/Workspace/LiteFarm/packages/webapp/src/containers/greenhouseSlice.js
FN:16,(anonymous_0)
FN:29,(anonymous_1)
FN:38,(anonymous_2)
FN:41,(anonymous_3)
FN:44,(anonymous_4)
FN:48,(anonymous_5)
FN:56,(anonymous_6)
FN:86,(anonymous_7)
FN:89,(anonymous_8)
FN:95,(anonymous_9)
FN:97,(anonymous_10)
FN:102,(anonymous_11)
FN:103,(anonymous_12)
FN:107,(anonymous_13)
FNF:14
FNH:0
FNDA:0,(anonymous_0)
FNDA:0,(anonymous_1)
FNDA:0,(anonymous_2)
FNDA:0,(anonymous_3)
FNDA:0,(anonymous_4)
FNDA:0,(anonymous_5)
FNDA:0,(anonymous_6)
FNDA:0,(anonymous_7)
FNDA:0,(anonymous_8)
FNDA:0,(anonymous_9)
FNDA:0,(anonymous_10)
FNDA:0,(anonymous_11)
FNDA:0,(anonymous_12)
FNDA:0,(anonymous_13)
DA:8,1
DA:16,1
DA:17,0
DA:29,1
DA:30,0
DA:38,1
DA:39,0
DA:41,1
DA:42,0
DA:44,0
DA:46,0
DA:48,1
DA:49,0
DA:50,0
DA:51,0
DA:52,0
DA:55,1
DA:56,0
DA:59,1
DA:83,1
DA:86,1
DA:88,1
DA:89,0
DA:92,1
DA:93,1
DA:96,0
DA:97,0
DA:102,1
DA:103,0
DA:105,1
DA:108,0
LF:31
LH:15
BRDA:97,0,0,0
BRDA:97,0,1,0
BRF:2
BRH:0
end_of_record
TN:
SF:../../../../../../../Users/litefarmresearchassistant/Workspace/LiteFarm/packages/webapp/src/containers/harvestUseTypeSlice.js
FN:6,(anonymous_0)
FN:15,(anonymous_1)
FN:21,(anonymous_2)
FN:26,(anonymous_3)
FN:51,(anonymous_4)
FN:55,(anonymous_5)
FN:62,(anonymous_6)
FN:62,(anonymous_7)
FN:67,(anonymous_8)
FN:67,(anonymous_9)
FN:72,(anonymous_10)
FN:74,(anonymous_11)
FN:79,(anonymous_12)
FN:79,(anonymous_13)
FNF:14
FNH:0
FNDA:0,(anonymous_0)
FNDA:0,(anonymous_1)
FNDA:0,(anonymous_2)
FNDA:0,(anonymous_3)
FNDA:0,(anonymous_4)
FNDA:0,(anonymous_5)
FNDA:0,(anonymous_6)
FNDA:0,(anonymous_7)
FNDA:0,(anonymous_8)
FNDA:0,(anonymous_9)
FNDA:0,(anonymous_10)
FNDA:0,(anonymous_11)
FNDA:0,(anonymous_12)
FNDA:0,(anonymous_13)
DA:6,1
DA:7,0
DA:15,1
DA:16,0
DA:17,0
DA:18,0
DA:19,0
DA:21,0
DA:25,1
DA:26,0
DA:29,1
DA:48,1
DA:51,1
DA:52,0
DA:54,1
DA:55,0
DA:58,1
DA:60,1
DA:62,0
DA:65,1
DA:67,0
DA:70,1
DA:73,0
DA:74,0
DA:79,1
DA:80,0
LF:26
LH:12
BRDA:74,0,0,0
BRDA:74,0,1,0
BRF:2
BRH:0
end_of_record
TN:
SF:../../../../../../../Users/litefarmresearchassistant/Workspace/LiteFarm/packages/webapp/src/containers/locationSlice.js
FN:67,(anonymous_0)
FN:89,(anonymous_1)
FN:105,(anonymous_2)
FN:141,(anonymous_3)
FN:185,(anonymous_4)
FN:195,(anonymous_5)
FN:206,(anonymous_6)
FN:216,(anonymous_7)
FN:244,(anonymous_8)
FN:249,(anonymous_9)
FN:250,(anonymous_10)
FN:254,(anonymous_11)
FN:272,(anonymous_12)
FN:279,(anonymous_13)
FN:282,(anonymous_14)
FN:288,(anonymous_15)
FN:289,(anonymous_16)
FN:290,(anonymous_17)
FN:311,(anonymous_18)
FN:313,(anonymous_19)
FNF:20
FNH:0
FNDA:0,(anonymous_0)
FNDA:0,(anonymous_1)
FNDA:0,(anonymous_2)
FNDA:0,(anonymous_3)
FNDA:0,(anonymous_4)
FNDA:0,(anonymous_5)
FNDA:0,(anonymous_6)
FNDA:0,(anonymous_7)
FNDA:0,(anonymous_8)
FNDA:0,(anonymous_9)
FNDA:0,(anonymous_10)
FNDA:0,(anonymous_11)
FNDA:0,(anonymous_12)
FNDA:0,(anonymous_13)
FNDA:0,(anonymous_14)
FNDA:0,(anonymous_15)
FNDA:0,(anonymous_16)
FNDA:0,(anonymous_17)
FNDA:0,(anonymous_18)
FNDA:0,(anonymous_19)
DA:55,1
DA:78,0
DA:89,0
DA:93,1
DA:116,0
DA:117,0
DA:118,0
DA:119,0
DA:120,0
DA:121,0
DA:122,0
DA:123,0
DA:124,0
DA:125,0
DA:126,0
DA:130,1
DA:151,0
DA:183,1
DA:186,0
DA:187,0
DA:188,0
DA:189,0
DA:190,0
DA:193,1
DA:196,0
DA:204,1
DA:207,0
DA:208,0
DA:209,0
DA:210,0
DA:211,0
DA:214,1
DA:217,0
DA:237,1
DA:245,0
DA:249,1
DA:250,0
DA:252,1
DA:254,0
DA:270,1
DA:273,0
DA:277,1
DA:280,0
DA:281,0
DA:282,0
DA:288,1
DA:289,0
DA:290,0
DA:293,1
DA:312,0
DA:313,0
LF:51
LH:14
BRDA:153,0,0,0
BRDA:153,0,1,0
BRDA:153,0,2,0
BRDA:153,0,3,0
BRDA:153,0,4,0
BRDA:153,0,5,0
BRDA:153,0,6,0
BRDA:153,0,7,0
BRDA:162,1,0,0
BRDA:162,1,1,0
BRDA:162,1,2,0
BRDA:162,1,3,0
BRDA:162,1,4,0
BRDA:162,1,5,0
BRDA:162,1,6,0
BRDA:162,1,7,0
BRDA:171,2,0,0
BRDA:171,2,1,0
BRDA:171,2,2,0
BRDA:171,2,3,0
BRDA:171,2,4,0
BRDA:171,2,5,0
BRDA:171,2,6,0
BRDA:171,2,7,0
BRDA:197,3,0,0
BRDA:197,3,1,0
BRDA:197,3,2,0
BRDA:198,4,0,0
BRDA:198,4,1,0
BRDA:198,4,2,0
BRDA:199,5,0,0
BRDA:199,5,1,0
BRDA:199,5,2,0
BRDA:218,6,0,0
BRDA:218,6,1,0
BRDA:218,6,2,0
BRDA:219,7,0,0
BRDA:219,7,1,0
BRDA:219,7,2,0
BRDA:220,8,0,0
BRDA:220,8,1,0
BRDA:220,8,2,0
BRDA:256,9,0,0
BRDA:256,9,1,0
BRDA:256,9,2,0
BRDA:256,9,3,0
BRDA:261,10,0,0
BRDA:261,10,1,0
BRDA:261,10,2,0
BRDA:261,10,3,0
BRDA:266,11,0,0
BRDA:266,11,1,0
BRDA:266,11,2,0
BRDA:266,11,3,0
BRF:54
BRH:0
end_of_record
TN:
SF:../../../../../../../Users/litefarmresearchassistant/Workspace/LiteFarm/packages/webapp/src/containers/managementPlanSlice.js
FN:10,(anonymous_0)
FN:28,(anonymous_1)
FN:34,(anonymous_2)
FN:40,(anonymous_3)
FN:46,(anonymous_4)
FN:51,(anonymous_5)
FN:80,(anonymous_6)
FN:84,(anonymous_7)
FN:112,(anonymous_8)
FN:131,(anonymous_9)
FN:134,(anonymous_10)
FN:139,(anonymous_11)
FN:141,(anonymous_12)
FN:147,(anonymous_13)
FN:154,(anonymous_14)
FN:161,(anonymous_15)
FN:166,(anonymous_16)
FN:170,(anonymous_17)
FN:171,(anonymous_18)
FN:180,(anonymous_19)
FN:188,(anonymous_20)
FN:193,(anonymous_21)
FN:194,(anonymous_22)
FN:196,(anonymous_23)
FN:200,(anonymous_24)
FN:201,(anonymous_25)
FN:206,(anonymous_26)
FN:211,(anonymous_27)
FN:219,(anonymous_28)
FN:220,(anonymous_29)
FN:225,(anonymous_30)
FN:230,(anonymous_31)
FN:236,(anonymous_32)
FN:237,(anonymous_33)
FN:242,(anonymous_34)
FN:249,(anonymous_35)
FN:255,(anonymous_36)
FN:263,(anonymous_37)
FN:268,(anonymous_38)
FN:272,(anonymous_39)
FN:274,(anonymous_40)
FN:275,(anonymous_41)
FN:276,(anonymous_42)
FN:281,(anonymous_43)
FN:286,(anonymous_44)
FN:287,(anonymous_45)
FN:288,(anonymous_46)
FN:291,(anonymous_47)
FN:294,(anonymous_48)
FN:298,(anonymous_49)
FN:301,(anonymous_50)
FN:305,(anonymous_51)
FN:308,(anonymous_52)
FN:312,(anonymous_53)
FN:315,(anonymous_54)
FN:318,(anonymous_55)
FN:321,(anonymous_56)
FN:324,(anonymous_57)
FN:325,(anonymous_58)
FN:326,(anonymous_59)
FN:329,(anonymous_60)
FN:337,(anonymous_61)
FN:338,(anonymous_62)
FN:342,(anonymous_63)
FN:343,(anonymous_64)
FN:347,(anonymous_65)
FN:348,(anonymous_66)
FN:352,(anonymous_67)
FN:353,(anonymous_68)
FN:356,(anonymous_69)
FN:357,(anonymous_70)
FN:361,(anonymous_71)
FN:362,(anonymous_72)
FN:364,(anonymous_73)
FN:368,(anonymous_74)
FN:371,(anonymous_75)
FN:375,(anonymous_76)
FN:378,(anonymous_77)
FN:382,(anonymous_78)
FN:385,(anonymous_79)
FN:389,(anonymous_80)
FN:392,(anonymous_81)
FN:396,(anonymous_82)
FN:399,(anonymous_83)
FNF:84
FNH:0
FNDA:0,(anonymous_0)
FNDA:0,(anonymous_1)
FNDA:0,(anonymous_2)
FNDA:0,(anonymous_3)
FNDA:0,(anonymous_4)
FNDA:0,(anonymous_5)
FNDA:0,(anonymous_6)
FNDA:0,(anonymous_7)
FNDA:0,(anonymous_8)
FNDA:0,(anonymous_9)
FNDA:0,(anonymous_10)
FNDA:0,(anonymous_11)
FNDA:0,(anonymous_12)
FNDA:0,(anonymous_13)
FNDA:0,(anonymous_14)
FNDA:0,(anonymous_15)
FNDA:0,(anonymous_16)
FNDA:0,(anonymous_17)
FNDA:0,(anonymous_18)
FNDA:0,(anonymous_19)
FNDA:0,(anonymous_20)
FNDA:0,(anonymous_21)
FNDA:0,(anonymous_22)
FNDA:0,(anonymous_23)
FNDA:0,(anonymous_24)
FNDA:0,(anonymous_25)
FNDA:0,(anonymous_26)
FNDA:0,(anonymous_27)
FNDA:0,(anonymous_28)
FNDA:0,(anonymous_29)
FNDA:0,(anonymous_30)
FNDA:0,(anonymous_31)
FNDA:0,(anonymous_32)
FNDA:0,(anonymous_33)
FNDA:0,(anonymous_34)
FNDA:0,(anonymous_35)
FNDA:0,(anonymous_36)
FNDA:0,(anonymous_37)
FNDA:0,(anonymous_38)
FNDA:0,(anonymous_39)
FNDA:0,(anonymous_40)
FNDA:0,(anonymous_41)
FNDA:0,(anonymous_42)
FNDA:0,(anonymous_43)
FNDA:0,(anonymous_44)
FNDA:0,(anonymous_45)
FNDA:0,(anonymous_46)
FNDA:0,(anonymous_47)
FNDA:0,(anonymous_48)
FNDA:0,(anonymous_49)
FNDA:0,(anonymous_50)
FNDA:0,(anonymous_51)
FNDA:0,(anonymous_52)
FNDA:0,(anonymous_53)
FNDA:0,(anonymous_54)
FNDA:0,(anonymous_55)
FNDA:0,(anonymous_56)
FNDA:0,(anonymous_57)
FNDA:0,(anonymous_58)
FNDA:0,(anonymous_59)
FNDA:0,(anonymous_60)
FNDA:0,(anonymous_61)
FNDA:0,(anonymous_62)
FNDA:0,(anonymous_63)
FNDA:0,(anonymous_64)
FNDA:0,(anonymous_65)
FNDA:0,(anonymous_66)
FNDA:0,(anonymous_67)
FNDA:0,(anonymous_68)
FNDA:0,(anonymous_69)
FNDA:0,(anonymous_70)
FNDA:0,(anonymous_71)
FNDA:0,(anonymous_72)
FNDA:0,(anonymous_73)
FNDA:0,(anonymous_74)
FNDA:0,(anonymous_75)
FNDA:0,(anonymous_76)
FNDA:0,(anonymous_77)
FNDA:0,(anonymous_78)
FNDA:0,(anonymous_79)
FNDA:0,(anonymous_80)
FNDA:0,(anonymous_81)
FNDA:0,(anonymous_82)
FNDA:0,(anonymous_83)
DA:10,1
DA:11,0
DA:28,1
DA:29,0
DA:30,0
DA:31,0
DA:34,1
DA:35,0
DA:36,0
DA:37,0
DA:40,1
DA:41,0
DA:42,0
DA:43,0
DA:44,0
DA:46,0
DA:50,1
DA:51,0
DA:54,1
DA:77,1
DA:80,1
DA:81,0
DA:83,1
DA:84,0
DA:106,1
DA:113,0
DA:114,0
DA:115,0
DA:116,0
DA:117,0
DA:119,0
DA:127,0
DA:131,1
DA:132,0
DA:134,0
DA:137,1
DA:140,0
DA:141,0
DA:145,1
DA:148,0
DA:152,1
DA:155,0
DA:159,1
DA:162,0
DA:166,1
DA:167,0
DA:170,1
DA:171,0
DA:180,1
DA:182,0
DA:184,0
DA:185,0
DA:188,1
DA:189,0
DA:190,0
DA:193,1
DA:194,0
DA:196,1
DA:197,0
DA:200,1
DA:201,0
DA:204,1
DA:207,0
DA:211,1
DA:212,0
DA:219,1
DA:220,0
DA:223,1
DA:226,0
DA:230,1
DA:231,0
DA:236,1
DA:237,0
DA:240,1
DA:243,0
DA:247,1
DA:250,0
DA:251,0
DA:252,0
DA:254,0
DA:255,0
DA:261,1
DA:264,0
DA:265,0
DA:266,0
DA:268,0
DA:272,1
DA:273,0
DA:274,0
DA:276,0
DA:279,1
DA:282,0
DA:286,1
DA:287,0
DA:288,0
DA:291,1
DA:292,0
DA:295,0
DA:298,1
DA:299,0
DA:302,0
DA:305,1
DA:306,0
DA:309,0
DA:312,1
DA:313,0
DA:316,0
DA:318,1
DA:319,0
DA:322,0
DA:324,1
DA:325,0
DA:326,0
DA:329,1
DA:330,0
DA:331,0
DA:332,0
DA:334,0
DA:337,1
DA:338,0
DA:339,0
DA:342,1
DA:343,0
DA:344,0
DA:347,1
DA:348,0
DA:349,0
DA:352,1
DA:353,0
DA:354,0
DA:356,1
DA:357,0
DA:358,0
DA:361,1
DA:362,0
DA:363,0
DA:364,0
DA:368,1
DA:369,0
DA:372,0
DA:375,1
DA:376,0
DA:379,0
DA:382,1
DA:383,0
DA:386,0
DA:389,1
DA:390,0
DA:393,0
DA:396,1
DA:397,0
DA:400,0
LF:152
LH:52
BRDA:12,0,0,0
BRDA:12,0,1,0
BRDA:12,1,0,0
BRDA:12,1,1,0
BRDA:167,2,0,0
BRDA:167,2,1,0
BRDA:182,3,0,0
BRDA:182,3,1,0
BRDA:182,3,2,0
BRDA:183,4,0,0
BRDA:183,4,1,0
BRDA:190,5,0,0
BRDA:190,5,1,0
BRDA:213,6,0,0
BRDA:213,6,1,0
BRDA:213,6,2,0
BRDA:232,7,0,0
BRDA:232,7,1,0
BRF:18
BRH:0
end_of_record
TN:
SF:../../../../../../../Users/litefarmresearchassistant/Workspace/LiteFarm/packages/webapp/src/containers/mapSlice.js
FN:16,(anonymous_0)
FN:19,(anonymous_1)
FN:22,(anonymous_2)
FN:25,(anonymous_3)
FN:28,(anonymous_4)
FN:31,(anonymous_5)
FN:34,(anonymous_6)
FN:50,(anonymous_7)
FN:51,(anonymous_8)
FN:53,(anonymous_9)
FN:55,(anonymous_10)
FN:57,(anonymous_11)
FN:59,(anonymous_12)
FN:61,(anonymous_13)
FN:63,(anonymous_14)
FN:65,(anonymous_15)
FNF:16
FNH:0
FNDA:0,(anonymous_0)
FNDA:0,(anonymous_1)
FNDA:0,(anonymous_2)
FNDA:0,(anonymous_3)
FNDA:0,(anonymous_4)
FNDA:0,(anonymous_5)
FNDA:0,(anonymous_6)
FNDA:0,(anonymous_7)
FNDA:0,(anonymous_8)
FNDA:0,(anonymous_9)
FNDA:0,(anonymous_10)
FNDA:0,(anonymous_11)
FNDA:0,(anonymous_12)
FNDA:0,(anonymous_13)
FNDA:0,(anonymous_14)
FNDA:0,(anonymous_15)
DA:3,1
DA:12,1
DA:17,0
DA:20,0
DA:23,0
DA:26,0
DA:29,0
DA:32,0
DA:35,0
DA:48,1
DA:50,1
DA:51,1
DA:52,0
DA:53,1
DA:54,0
DA:55,1
DA:56,0
DA:57,1
DA:58,0
DA:59,1
DA:60,0
DA:61,1
DA:62,0
DA:63,1
DA:64,0
DA:65,1
DA:66,0
LF:27
LH:12
BRF:0
BRH:0
end_of_record
TN:
SF:../../../../../../../Users/litefarmresearchassistant/Workspace/LiteFarm/packages/webapp/src/containers/naturalAreaSlice.js
FN:8,(anonymous_0)
FN:18,(anonymous_1)
FN:27,(anonymous_2)
FN:30,(anonymous_3)
FN:33,(anonymous_4)
FN:37,(anonymous_5)
FN:45,(anonymous_6)
FN:75,(anonymous_7)
FN:78,(anonymous_8)
FN:84,(anonymous_9)
FN:86,(anonymous_10)
FN:91,(anonymous_11)
FN:92,(anonymous_12)
FN:96,(anonymous_13)
FNF:14
FNH:0
FNDA:0,(anonymous_0)
FNDA:0,(anonymous_1)
FNDA:0,(anonymous_2)
FNDA:0,(anonymous_3)
FNDA:0,(anonymous_4)
FNDA:0,(anonymous_5)
FNDA:0,(anonymous_6)
FNDA:0,(anonymous_7)
FNDA:0,(anonymous_8)
FNDA:0,(anonymous_9)
FNDA:0,(anonymous_10)
FNDA:0,(anonymous_11)
FNDA:0,(anonymous_12)
FNDA:0,(anonymous_13)
DA:7,1
DA:8,1
DA:9,0
DA:18,1
DA:19,0
DA:27,1
DA:28,0
DA:30,1
DA:31,0
DA:33,0
DA:35,0
DA:37,1
DA:38,0
DA:39,0
DA:40,0
DA:41,0
DA:44,1
DA:45,0
DA:48,1
DA:72,1
DA:75,1
DA:77,1
DA:78,0
DA:81,1
DA:82,1
DA:85,0
DA:86,0
DA:91,1
DA:92,0
DA:94,1
DA:97,0
LF:31
LH:15
BRDA:86,0,0,0
BRDA:86,0,1,0
BRF:2
BRH:0
end_of_record
TN:
SF:../../../../../../../Users/litefarmresearchassistant/Workspace/LiteFarm/packages/webapp/src/containers/notificationSlice.js
FN:8,(anonymous_0)
FN:13,(anonymous_1)
FN:24,(anonymous_2)
FN:27,(anonymous_3)
FN:32,(anonymous_4)
FN:45,(anonymous_5)
FN:49,(anonymous_6)
FN:62,(anonymous_7)
FN:64,(anonymous_8)
FN:73,(anonymous_9)
FN:73,(anonymous_10)
FN:77,(anonymous_11)
FN:77,(anonymous_12)
FN:81,(anonymous_13)
FNF:14
FNH:0
FNDA:0,(anonymous_0)
FNDA:0,(anonymous_1)
FNDA:0,(anonymous_2)
FNDA:0,(anonymous_3)
FNDA:0,(anonymous_4)
FNDA:0,(anonymous_5)
FNDA:0,(anonymous_6)
FNDA:0,(anonymous_7)
FNDA:0,(anonymous_8)
FNDA:0,(anonymous_9)
FNDA:0,(anonymous_10)
FNDA:0,(anonymous_11)
FNDA:0,(anonymous_12)
FNDA:0,(anonymous_13)
DA:8,1
DA:9,0
DA:12,1
DA:13,0
DA:16,1
DA:25,0
DA:28,0
DA:29,0
DA:30,0
DA:33,0
DA:34,0
DA:35,0
DA:36,0
DA:42,1
DA:45,1
DA:46,0
DA:48,1
DA:49,0
DA:52,1
DA:58,1
DA:64,0
DA:65,0
DA:73,1
DA:74,0
DA:77,1
DA:78,0
DA:79,0
DA:80,0
DA:81,0
DA:82,0
DA:85,0
LF:31
LH:10
BRDA:78,0,0,0
BRDA:80,1,0,0
BRDA:80,1,1,0
BRDA:80,2,0,0
BRDA:80,2,1,0
BRDA:82,3,0,0
BRDA:82,3,1,0
BRF:7
BRH:0
end_of_record
TN:
SF:../../../../../../../Users/litefarmresearchassistant/Workspace/LiteFarm/packages/webapp/src/containers/plantingManagementPlanSlice.js
FN:26,(anonymous_0)
FN:30,(anonymous_1)
FN:36,(anonymous_2)
FN:42,(anonymous_3)
FN:48,(anonymous_4)
FN:55,(anonymous_5)
FN:80,(anonymous_6)
FN:84,(anonymous_7)
FN:126,(anonymous_8)
FN:165,(anonymous_9)
FNF:10
FNH:0
FNDA:0,(anonymous_0)
FNDA:0,(anonymous_1)
FNDA:0,(anonymous_2)
FNDA:0,(anonymous_3)
FNDA:0,(anonymous_4)
FNDA:0,(anonymous_5)
FNDA:0,(anonymous_6)
FNDA:0,(anonymous_7)
FNDA:0,(anonymous_8)
FNDA:0,(anonymous_9)
DA:13,1
DA:26,1
DA:27,0
DA:30,1
DA:31,0
DA:32,0
DA:33,0
DA:36,1
DA:37,0
DA:38,0
DA:39,0
DA:42,1
DA:43,0
DA:44,0
DA:45,0
DA:46,0
DA:49,0
DA:54,1
DA:55,0
DA:58,1
DA:77,1
DA:80,1
DA:81,0
DA:83,1
DA:84,0
DA:117,1
DA:134,0
DA:135,0
DA:141,0
DA:146,0
DA:147,0
DA:148,0
DA:149,0
DA:152,0
DA:155,0
DA:163,1
DA:166,0
DA:167,0
DA:168,0
DA:169,0
DA:170,0
DA:171,0
DA:173,0
DA:176,0
LF:44
LH:12
BRDA:149,0,0,0
BRDA:149,0,1,0
BRDA:152,1,0,0
BRDA:152,1,1,0
BRDA:170,2,0,0
BRDA:170,2,1,0
BRF:6
BRH:0
end_of_record
TN:
SF:../../../../../../../Users/litefarmresearchassistant/Workspace/LiteFarm/packages/webapp/src/containers/productSlice.js
FN:6,(anonymous_0)
FN:18,(anonymous_1)
FN:24,(anonymous_2)
FN:29,(anonymous_3)
FN:53,(anonymous_4)
FN:56,(anonymous_5)
FN:61,(anonymous_6)
FN:62,(anonymous_7)
FN:68,(anonymous_8)
FN:68,(anonymous_9)
FNF:10
FNH:0
FNDA:0,(anonymous_0)
FNDA:0,(anonymous_1)
FNDA:0,(anonymous_2)
FNDA:0,(anonymous_3)
FNDA:0,(anonymous_4)
FNDA:0,(anonymous_5)
FNDA:0,(anonymous_6)
FNDA:0,(anonymous_7)
FNDA:0,(anonymous_8)
FNDA:0,(anonymous_9)
DA:6,1
DA:7,0
DA:18,1
DA:19,0
DA:20,0
DA:21,0
DA:22,0
DA:24,0
DA:28,1
DA:29,0
DA:32,1
DA:50,1
DA:53,1
DA:55,1
DA:56,0
DA:59,1
DA:62,0
DA:66,1
DA:68,1
DA:69,0
LF:20
LH:10
BRF:0
BRH:0
end_of_record
TN:
SF:../../../../../../../Users/litefarmresearchassistant/Workspace/LiteFarm/packages/webapp/src/containers/reducer.js
FN:18,baseReducer
FNF:1
FNH:1
FNDA:38,baseReducer
DA:16,1
DA:19,38
DA:21,38
LF:3
LH:3
BRDA:18,0,0,3
BRDA:19,1,0,38
BRF:2
BRH:2
end_of_record
TN:
SF:../../../../../../../Users/litefarmresearchassistant/Workspace/LiteFarm/packages/webapp/src/containers/residenceSlice.js
FN:8,(anonymous_0)
FN:18,(anonymous_1)
FN:27,(anonymous_2)
FN:30,(anonymous_3)
FN:33,(anonymous_4)
FN:37,(anonymous_5)
FN:45,(anonymous_6)
FN:75,(anonymous_7)
FN:78,(anonymous_8)
FN:84,(anonymous_9)
FN:85,(anonymous_10)
FN:89,(anonymous_11)
FN:90,(anonymous_12)
FN:94,(anonymous_13)
FNF:14
FNH:0
FNDA:0,(anonymous_0)
FNDA:0,(anonymous_1)
FNDA:0,(anonymous_2)
FNDA:0,(anonymous_3)
FNDA:0,(anonymous_4)
FNDA:0,(anonymous_5)
FNDA:0,(anonymous_6)
FNDA:0,(anonymous_7)
FNDA:0,(anonymous_8)
FNDA:0,(anonymous_9)
FNDA:0,(anonymous_10)
FNDA:0,(anonymous_11)
FNDA:0,(anonymous_12)
FNDA:0,(anonymous_13)
DA:7,1
DA:8,1
DA:9,0
DA:18,1
DA:19,0
DA:27,1
DA:28,0
DA:30,1
DA:31,0
DA:33,0
DA:35,0
DA:37,1
DA:38,0
DA:39,0
DA:40,0
DA:41,0
DA:44,1
DA:45,0
DA:48,1
DA:72,1
DA:75,1
DA:77,1
DA:78,0
DA:81,1
DA:82,1
DA:85,0
DA:89,1
DA:90,0
DA:92,1
DA:95,0
LF:30
LH:15
BRDA:85,0,0,0
BRDA:85,0,1,0
BRF:2
BRH:0
end_of_record
TN:
SF:../../../../../../../Users/litefarmresearchassistant/Workspace/LiteFarm/packages/webapp/src/containers/rowMethodSlice.js
FN:23,(anonymous_0)
FN:27,(anonymous_1)
FN:33,(anonymous_2)
FN:39,(anonymous_3)
FN:45,(anonymous_4)
FN:50,(anonymous_5)
FN:65,(anonymous_6)
FN:84,(anonymous_7)
FN:87,(anonymous_8)
FNF:9
FNH:0
FNDA:0,(anonymous_0)
FNDA:0,(anonymous_1)
FNDA:0,(anonymous_2)
FNDA:0,(anonymous_3)
FNDA:0,(anonymous_4)
FNDA:0,(anonymous_5)
FNDA:0,(anonymous_6)
FNDA:0,(anonymous_7)
FNDA:0,(anonymous_8)
DA:5,1
DA:23,1
DA:24,0
DA:27,1
DA:28,0
DA:29,0
DA:30,0
DA:33,1
DA:34,0
DA:35,0
DA:36,0
DA:39,1
DA:40,0
DA:41,0
DA:42,0
DA:43,0
DA:45,0
DA:49,1
DA:50,0
DA:53,1
DA:66,0
DA:81,1
DA:84,1
DA:86,1
DA:87,0
LF:25
LH:10
BRF:0
BRH:0
end_of_record
TN:
SF:../../../../../../../Users/litefarmresearchassistant/Workspace/LiteFarm/packages/webapp/src/containers/saga.js
FN:152,(anonymous_0)
FN:153,(anonymous_1)
FN:154,(anonymous_2)
FN:157,(anonymous_3)
FN:160,(anonymous_4)
FN:173,getHeader
FN:188,updateUserSaga
FN:192,(anonymous_7)
FN:215,getCropsSaga
FN:234,getCropVarietiesSaga
FN:250,getDocumentsSaga
FN:266,getFarmInfoSaga
FN:286,putFarmSaga
FN:309,onLoadingLocationStartSaga
FN:329,getLocationsSaga
FN:343,getLocationsSuccessSaga
FN:345,(anonymous_16)
FN:379,onLoadingManagementPlanAndPlantingMethodStartSaga
FN:400,getManagementPlanAndPlantingMethodSuccessSaga
FN:404,(anonymous_19)
FN:408,(anonymous_20)
FN:420,getPlantingManagementPlansSuccessSaga
FN:422,(anonymous_22)
FN:453,getManagementPlansSaga
FN:473,getManagementPlansByDateSaga
FN:495,getCropsAndManagementPlansSaga
FN:507,getManagementPlansAndTasksSaga
FN:521,logUserInfoSaga
FN:546,checkAppVersionSaga
FN:552,fetchAllSaga
FN:586,selectFarmAndFetchAllSaga
FN:598,onReqSuccessSaga
FN:600,(anonymous_32)
FN:611,(anonymous_33)
FN:623,getFarmIdSaga
FNF:35
FNH:4
FNDA:0,(anonymous_0)
FNDA:0,(anonymous_1)
FNDA:0,(anonymous_2)
FNDA:1,(anonymous_3)
FNDA:0,(anonymous_4)
FNDA:0,getHeader
FNDA:0,updateUserSaga
FNDA:0,(anonymous_7)
FNDA:0,getCropsSaga
FNDA:0,getCropVarietiesSaga
FNDA:0,getDocumentsSaga
FNDA:0,getFarmInfoSaga
FNDA:0,putFarmSaga
FNDA:0,onLoadingLocationStartSaga
FNDA:0,getLocationsSaga
FNDA:0,getLocationsSuccessSaga
FNDA:0,(anonymous_16)
FNDA:0,onLoadingManagementPlanAndPlantingMethodStartSaga
FNDA:0,getManagementPlanAndPlantingMethodSuccessSaga
FNDA:0,(anonymous_19)
FNDA:0,(anonymous_20)
FNDA:0,getPlantingManagementPlansSuccessSaga
FNDA:0,(anonymous_22)
FNDA:0,getManagementPlansSaga
FNDA:0,getManagementPlansByDateSaga
FNDA:0,getCropsAndManagementPlansSaga
FNDA:0,getManagementPlansAndTasksSaga
FNDA:34,logUserInfoSaga
FNDA:34,checkAppVersionSaga
FNDA:0,fetchAllSaga
FNDA:0,selectFarmAndFetchAllSaga
FNDA:0,onReqSuccessSaga
FNDA:0,(anonymous_32)
FNDA:0,(anonymous_33)
FNDA:1,getFarmIdSaga
DA:152,1
DA:153,1
DA:154,1
DA:156,1
DA:158,1
DA:161,0
DA:162,0
DA:163,0
DA:165,0
DA:166,0
DA:168,0
DA:171,1
DA:174,0
DA:186,1
DA:189,0
DA:190,0
DA:191,0
DA:192,0
DA:193,0
DA:194,0
DA:196,0
DA:197,0
DA:201,0
DA:202,0
DA:203,0
DA:204,0
DA:205,0
DA:206,0
DA:208,0
DA:209,0
DA:213,1
DA:216,0
DA:217,0
DA:218,0
DA:220,0
DA:221,0
DA:222,0
DA:223,0
DA:224,0
DA:225,0
DA:227,0
DA:228,0
DA:232,1
DA:235,0
DA:236,0
DA:238,0
DA:239,0
DA:240,0
DA:241,0
DA:243,0
DA:244,0
DA:248,1
DA:251,0
DA:252,0
DA:253,0
DA:254,0
DA:255,0
DA:256,0
DA:258,0
DA:259,0
DA:260,0
DA:264,1
DA:267,0
DA:268,0
DA:271,0
DA:272,0
DA:273,0
DA:275,0
DA:276,0
DA:277,0
DA:279,0
DA:280,0
DA:284,1
DA:287,0
DA:288,0
DA:289,0
DA:292,0
DA:293,0
DA:294,0
DA:296,0
DA:297,0
DA:298,0
DA:299,0
DA:300,0
DA:302,0
DA:303,0
DA:307,1
DA:310,0
DA:311,0
DA:312,0
DA:313,0
DA:314,0
DA:315,0
DA:316,0
DA:317,0
DA:318,0
DA:319,0
DA:320,0
DA:321,0
DA:322,0
DA:323,0
DA:324,0
DA:327,1
DA:330,0
DA:331,0
DA:332,0
DA:333,0
DA:334,0
DA:335,0
DA:337,0
DA:341,1
DA:344,0
DA:345,0
DA:348,0
DA:349,0
DA:351,0
DA:352,0
DA:353,0
DA:355,0
DA:356,0
DA:361,1
DA:380,0
DA:381,0
DA:382,0
DA:383,0
DA:384,0
DA:385,0
DA:386,0
DA:389,1
DA:396,1
DA:401,0
DA:402,0
DA:404,0
DA:407,0
DA:409,0
DA:411,0
DA:413,0
DA:417,0
DA:421,0
DA:423,0
DA:427,0
DA:436,0
DA:437,0
DA:438,0
DA:439,0
DA:440,0
DA:445,0
DA:446,0
DA:451,1
DA:454,0
DA:455,0
DA:456,0
DA:458,0
DA:459,0
DA:460,0
DA:461,0
DA:463,0
DA:464,0
DA:465,0
DA:466,0
DA:467,0
DA:471,1
DA:474,0
DA:475,0
DA:476,0
DA:477,0
DA:479,0
DA:480,0
DA:481,0
DA:486,0
DA:488,0
DA:489,0
DA:493,1
DA:496,0
DA:497,0
DA:498,0
DA:499,0
DA:501,0
DA:505,1
DA:508,0
DA:509,0
DA:515,0
DA:517,0
DA:522,34
DA:523,34
DA:524,0
DA:525,0
DA:526,0
DA:527,0
DA:528,0
DA:529,0
DA:534,0
DA:535,0
DA:536,0
DA:537,0
DA:538,0
DA:539,0
DA:542,0
DA:547,34
DA:548,34
DA:549,34
DA:553,0
DA:554,0
DA:556,0
DA:557,0
DA:564,0
DA:570,0
DA:574,0
DA:575,0
DA:576,0
DA:577,0
DA:578,0
DA:580,0
DA:581,0
DA:584,1
DA:587,0
DA:588,0
DA:589,0
DA:590,0
DA:591,0
DA:592,0
DA:594,0
DA:599,0
DA:600,0
DA:601,0
DA:602,0
DA:604,0
DA:605,0
DA:606,0
DA:607,0
DA:611,1
DA:612,0
DA:613,0
DA:614,0
DA:615,0
DA:617,0
DA:618,0
DA:620,0
DA:624,1
DA:625,1
DA:626,1
DA:627,1
DA:628,1
DA:629,1
DA:630,1
DA:631,1
DA:632,1
DA:633,1
DA:634,1
DA:635,1
DA:636,1
DA:637,1
DA:638,1
DA:642,1
DA:643,1
DA:644,1
LF:256
LH:47
BRDA:161,0,0,0
BRDA:161,0,1,0
BRDA:162,1,0,0
BRDA:165,2,0,0
BRDA:165,3,0,0
BRDA:165,3,1,0
BRDA:173,4,0,0
BRDA:193,5,0,0
BRDA:196,6,0,0
BRDA:223,7,0,0
BRDA:223,7,1,0
BRDA:271,8,0,0
BRDA:293,9,0,0
BRDA:409,10,0,0
BRDA:409,10,1,0
BRDA:423,11,0,0
BRDA:423,11,1,0
BRDA:439,12,0,0
BRDA:523,13,0,34
BRDA:534,14,0,0
BRDA:534,14,1,0
BRDA:534,15,0,0
BRDA:534,15,1,0
BRDA:537,16,0,0
BRDA:548,17,0,34
BRDA:548,17,1,0
BRDA:549,18,0,0
BRDA:554,19,0,0
BRDA:570,20,0,0
BRDA:570,20,1,0
BRDA:577,21,0,0
BRDA:590,22,0,0
BRDA:606,23,0,0
BRDA:617,24,0,0
BRDA:618,25,0,0
BRF:35
BRH:2
end_of_record
TN:
SF:../../../../../../../Users/litefarmresearchassistant/Workspace/LiteFarm/packages/webapp/src/containers/sensorReadingTypesSlice.js
FN:19,(anonymous_0)
FN:24,(anonymous_1)
FN:35,(anonymous_2)
FN:38,(anonymous_3)
FN:43,(anonymous_4)
FN:59,(anonymous_5)
FN:63,(anonymous_6)
FN:68,(anonymous_7)
FN:73,(anonymous_8)
FN:76,(anonymous_9)
FNF:10
FNH:0
FNDA:0,(anonymous_0)
FNDA:0,(anonymous_1)
FNDA:0,(anonymous_2)
FNDA:0,(anonymous_3)
FNDA:0,(anonymous_4)
FNDA:0,(anonymous_5)
FNDA:0,(anonymous_6)
FNDA:0,(anonymous_7)
FNDA:0,(anonymous_8)
FNDA:0,(anonymous_9)
DA:19,1
DA:20,0
DA:23,1
DA:24,0
DA:27,1
DA:36,0
DA:39,0
DA:40,0
DA:41,0
DA:44,0
DA:45,0
DA:46,0
DA:47,0
DA:56,1
DA:59,1
DA:60,0
DA:62,1
DA:63,0
DA:66,1
DA:69,0
DA:73,1
DA:74,0
DA:77,0
LF:23
LH:8
BRF:0
BRH:0
end_of_record
TN:
SF:../../../../../../../Users/litefarmresearchassistant/Workspace/LiteFarm/packages/webapp/src/containers/sensorSlice.js
FN:18,(anonymous_0)
FN:30,(anonymous_1)
FN:33,(anonymous_2)
FN:36,(anonymous_3)
FN:40,(anonymous_4)
FN:47,(anonymous_5)
FN:51,(anonymous_6)
FN:56,(anonymous_7)
FN:92,(anonymous_8)
FN:95,(anonymous_9)
FN:101,(anonymous_10)
FN:102,(anonymous_11)
FN:106,(anonymous_12)
FN:107,(anonymous_13)
FN:111,(anonymous_14)
FNF:15
FNH:0
FNDA:0,(anonymous_0)
FNDA:0,(anonymous_1)
FNDA:0,(anonymous_2)
FNDA:0,(anonymous_3)
FNDA:0,(anonymous_4)
FNDA:0,(anonymous_5)
FNDA:0,(anonymous_6)
FNDA:0,(anonymous_7)
FNDA:0,(anonymous_8)
FNDA:0,(anonymous_9)
FNDA:0,(anonymous_10)
FNDA:0,(anonymous_11)
FNDA:0,(anonymous_12)
FNDA:0,(anonymous_13)
FNDA:0,(anonymous_14)
DA:7,1
DA:18,1
DA:19,0
DA:27,0
DA:30,1
DA:31,0
DA:33,1
DA:34,0
DA:36,0
DA:38,0
DA:40,1
DA:41,0
DA:42,0
DA:43,0
DA:44,0
DA:47,1
DA:48,0
DA:51,1
DA:52,0
DA:55,1
DA:56,0
DA:59,1
DA:89,1
DA:92,1
DA:94,1
DA:95,0
DA:98,1
DA:99,1
DA:102,0
DA:106,1
DA:107,0
DA:109,1
DA:112,0
LF:33
LH:16
BRDA:102,0,0,0
BRDA:102,0,1,0
BRF:2
BRH:0
end_of_record
TN:
SF:../../../../../../../Users/litefarmresearchassistant/Workspace/LiteFarm/packages/webapp/src/containers/showedSpotlightSlice.js
FN:27,(anonymous_0)
FN:30,(anonymous_1)
FN:37,(anonymous_2)
FN:41,(anonymous_3)
FN:45,(anonymous_4)
FN:58,(anonymous_5)
FNF:6
FNH:1
FNDA:0,(anonymous_0)
FNDA:0,(anonymous_1)
FNDA:0,(anonymous_2)
FNDA:0,(anonymous_3)
FNDA:0,(anonymous_4)
FNDA:1,(anonymous_5)
DA:3,1
DA:23,1
DA:28,0
DA:31,0
DA:32,0
DA:33,0
DA:34,0
DA:38,0
DA:39,0
DA:42,0
DA:43,0
DA:46,0
DA:56,1
DA:58,1
LF:14
LH:4
BRDA:31,0,0,0
BRF:1
BRH:0
end_of_record
TN:
SF:../../../../../../../Users/litefarmresearchassistant/Workspace/LiteFarm/packages/webapp/src/containers/surfaceWaterSlice.js
FN:8,(anonymous_0)
FN:18,(anonymous_1)
FN:27,(anonymous_2)
FN:30,(anonymous_3)
FN:33,(anonymous_4)
FN:37,(anonymous_5)
FN:45,(anonymous_6)
FN:75,(anonymous_7)
FN:78,(anonymous_8)
FN:84,(anonymous_9)
FN:86,(anonymous_10)
FN:91,(anonymous_11)
FN:92,(anonymous_12)
FN:96,(anonymous_13)
FNF:14
FNH:0
FNDA:0,(anonymous_0)
FNDA:0,(anonymous_1)
FNDA:0,(anonymous_2)
FNDA:0,(anonymous_3)
FNDA:0,(anonymous_4)
FNDA:0,(anonymous_5)
FNDA:0,(anonymous_6)
FNDA:0,(anonymous_7)
FNDA:0,(anonymous_8)
FNDA:0,(anonymous_9)
FNDA:0,(anonymous_10)
FNDA:0,(anonymous_11)
FNDA:0,(anonymous_12)
FNDA:0,(anonymous_13)
DA:7,1
DA:8,1
DA:9,0
DA:18,1
DA:19,0
DA:27,1
DA:28,0
DA:30,1
DA:31,0
DA:33,0
DA:35,0
DA:37,1
DA:38,0
DA:39,0
DA:40,0
DA:41,0
DA:44,1
DA:45,0
DA:48,1
DA:72,1
DA:75,1
DA:77,1
DA:78,0
DA:81,1
DA:82,1
DA:85,0
DA:86,0
DA:91,1
DA:92,0
DA:94,1
DA:97,0
LF:31
LH:15
BRDA:86,0,0,0
BRDA:86,0,1,0
BRF:2
BRH:0
end_of_record
TN:
SF:../../../../../../../Users/litefarmresearchassistant/Workspace/LiteFarm/packages/webapp/src/containers/taskSlice.js
FN:24,(anonymous_0)
FN:53,(anonymous_1)
FN:59,(anonymous_2)
FN:63,(anonymous_3)
FN:70,(anonymous_4)
FN:78,(anonymous_5)
FN:91,(anonymous_6)
FN:93,(anonymous_7)
FN:95,(anonymous_8)
FN:97,(anonymous_9)
FN:120,(anonymous_10)
FN:122,(anonymous_11)
FN:143,(anonymous_12)
FN:169,(anonymous_13)
FN:176,(anonymous_14)
FN:184,(anonymous_15)
FN:190,(anonymous_16)
FN:214,(anonymous_17)
FN:215,(anonymous_18)
FN:234,(anonymous_19)
FN:235,(anonymous_20)
FN:238,(anonymous_21)
FN:254,(anonymous_22)
FN:257,(anonymous_23)
FN:260,(anonymous_24)
FN:260,(anonymous_25)
FN:262,(anonymous_26)
FN:263,(anonymous_27)
FN:272,(anonymous_28)
FN:275,(anonymous_29)
FN:278,(anonymous_30)
FN:279,(anonymous_31)
FN:283,(anonymous_32)
FN:283,(anonymous_33)
FN:287,(anonymous_34)
FN:288,(anonymous_35)
FN:293,(anonymous_36)
FNF:37
FNH:0
FNDA:0,(anonymous_0)
FNDA:0,(anonymous_1)
FNDA:0,(anonymous_2)
FNDA:0,(anonymous_3)
FNDA:0,(anonymous_4)
FNDA:0,(anonymous_5)
FNDA:0,(anonymous_6)
FNDA:0,(anonymous_7)
FNDA:0,(anonymous_8)
FNDA:0,(anonymous_9)
FNDA:0,(anonymous_10)
FNDA:0,(anonymous_11)
FNDA:0,(anonymous_12)
FNDA:0,(anonymous_13)
FNDA:0,(anonymous_14)
FNDA:0,(anonymous_15)
FNDA:0,(anonymous_16)
FNDA:0,(anonymous_17)
FNDA:0,(anonymous_18)
FNDA:0,(anonymous_19)
FNDA:0,(anonymous_20)
FNDA:0,(anonymous_21)
FNDA:0,(anonymous_22)
FNDA:0,(anonymous_23)
FNDA:0,(anonymous_24)
FNDA:0,(anonymous_25)
FNDA:0,(anonymous_26)
FNDA:0,(anonymous_27)
FNDA:0,(anonymous_28)
FNDA:0,(anonymous_29)
FNDA:0,(anonymous_30)
FNDA:0,(anonymous_31)
FNDA:0,(anonymous_32)
FNDA:0,(anonymous_33)
FNDA:0,(anonymous_34)
FNDA:0,(anonymous_35)
FNDA:0,(anonymous_36)
DA:24,1
DA:25,0
DA:49,0
DA:50,0
DA:53,1
DA:54,0
DA:55,0
DA:56,0
DA:57,0
DA:59,0
DA:63,1
DA:64,0
DA:65,0
DA:66,0
DA:67,0
DA:70,1
DA:71,0
DA:72,0
DA:73,0
DA:74,0
DA:77,1
DA:78,0
DA:81,1
DA:92,0
DA:93,0
DA:95,0
DA:97,0
DA:117,1
DA:120,1
DA:121,1
DA:122,0
DA:126,1
DA:159,0
DA:169,0
DA:175,0
DA:176,0
DA:177,0
DA:179,0
DA:184,0
DA:185,0
DA:186,0
DA:189,0
DA:190,0
DA:192,0
DA:193,0
DA:194,0
DA:195,0
DA:196,0
DA:197,0
DA:198,0
DA:201,0
DA:205,0
DA:212,1
DA:215,0
DA:216,0
DA:217,0
DA:218,0
DA:221,0
DA:222,0
DA:223,0
DA:226,0
DA:227,0
DA:229,0
DA:234,1
DA:235,0
DA:236,0
DA:237,0
DA:238,0
DA:239,0
DA:240,0
DA:242,0
DA:245,0
DA:249,1
DA:254,1
DA:255,0
DA:257,0
DA:260,1
DA:262,1
DA:263,0
DA:265,1
DA:267,1
DA:272,1
DA:273,0
DA:275,0
DA:278,1
DA:279,0
DA:281,1
DA:283,1
DA:285,1
DA:287,1
DA:288,0
DA:289,0
DA:290,0
DA:291,0
DA:292,0
DA:293,0
DA:295,0
DA:303,0
LF:98
LH:24
BRDA:49,0,0,0
BRDA:95,1,0,0
BRDA:95,1,1,0
BRDA:97,2,0,0
BRDA:97,2,1,0
BRDA:179,3,0,0
BRDA:179,3,1,0
BRDA:187,4,0,0
BRDA:187,4,1,0
BRDA:190,5,0,0
BRDA:190,5,1,0
BRDA:196,6,0,0
BRDA:196,6,1,0
BRDA:197,7,0,0
BRDA:197,8,0,0
BRDA:197,8,1,0
BRDA:198,9,0,0
BRDA:198,9,1,0
BRDA:217,10,0,0
BRDA:222,11,0,0
BRDA:226,12,0,0
BRDA:239,13,0,0
BRDA:239,13,1,0
BRDA:257,14,0,0
BRDA:257,14,1,0
BRDA:263,15,0,0
BRDA:263,15,1,0
BRDA:275,16,0,0
BRDA:275,16,1,0
BRDA:279,17,0,0
BRDA:279,17,1,0
BRDA:291,18,0,0
BRF:32
BRH:0
end_of_record
TN:
SF:../../../../../../../Users/litefarmresearchassistant/Workspace/LiteFarm/packages/webapp/src/containers/taskTypeSlice.js
FN:6,(anonymous_0)
FN:12,(anonymous_1)
FN:18,(anonymous_2)
FN:22,(anonymous_3)
FN:30,(anonymous_4)
FN:55,(anonymous_5)
FN:58,(anonymous_6)
FN:63,(anonymous_7)
FN:64,(anonymous_8)
FN:69,(anonymous_9)
FN:70,(anonymous_10)
FN:75,(anonymous_11)
FN:76,(anonymous_12)
FN:80,(anonymous_13)
FN:80,(anonymous_14)
FN:83,(anonymous_15)
FN:85,(anonymous_16)
FN:86,(anonymous_17)
FNF:18
FNH:0
FNDA:0,(anonymous_0)
FNDA:0,(anonymous_1)
FNDA:0,(anonymous_2)
FNDA:0,(anonymous_3)
FNDA:0,(anonymous_4)
FNDA:0,(anonymous_5)
FNDA:0,(anonymous_6)
FNDA:0,(anonymous_7)
FNDA:0,(anonymous_8)
FNDA:0,(anonymous_9)
FNDA:0,(anonymous_10)
FNDA:0,(anonymous_11)
FNDA:0,(anonymous_12)
FNDA:0,(anonymous_13)
FNDA:0,(anonymous_14)
FNDA:0,(anonymous_15)
FNDA:0,(anonymous_16)
FNDA:0,(anonymous_17)
DA:6,1
DA:7,0
DA:10,1
DA:12,1
DA:13,0
DA:14,0
DA:15,0
DA:16,0
DA:18,0
DA:22,1
DA:23,0
DA:24,0
DA:25,0
DA:26,0
DA:29,1
DA:30,0
DA:33,1
DA:52,1
DA:55,1
DA:57,1
DA:58,0
DA:61,1
DA:63,1
DA:64,0
DA:67,1
DA:70,0
DA:73,1
DA:76,0
DA:80,1
DA:81,0
DA:83,1
DA:84,0
DA:85,0
DA:86,0
LF:34
LH:15
BRDA:64,0,0,0
BRDA:64,0,1,0
BRDA:70,1,0,0
BRDA:70,1,1,0
BRDA:76,2,0,0
BRDA:76,2,1,0
BRF:6
BRH:0
end_of_record
[...]
BRH:2
end_of_record
TN:
SF:src/containers/WeatherBoard/utils/icons.js
FNF:0
FNH:0
DA:1,24
LF:1
LH:1
BRF:0
BRH:0
end_of_record
TN:
SF:src/containers/WeatherBoard/utils/index.jsx
FN:4,(anonymous_0)
FN:14,(anonymous_1)
FN:28,(anonymous_2)
FNF:3
FNH:3
FNDA:6,(anonymous_0)
FNDA:12,(anonymous_1)
FNDA:12,(anonymous_2)
DA:3,24
DA:5,6
DA:6,0
DA:8,6
DA:9,6
DA:10,6
DA:12,0
DA:15,12
DA:16,0
DA:18,12
DA:21,0
DA:26,12
DA:29,12
LF:13
LH:9
BRDA:5,0,0,0
BRDA:9,1,0,6
BRDA:15,2,0,0
BRDA:15,2,1,12
BRDA:18,3,0,0
BRF:5
BRH:2
end_of_record
TN:
SF:src/containers/WelcomeScreen/index.jsx
FN:8,WelcomeScreen
FN:14,(anonymous_2)
FN:23,(anonymous_3)
FN:26,(anonymous_4)
FN:8,(anonymous_5)
FNF:5
FNH:5
FNDA:6,WelcomeScreen
FNDA:6,(anonymous_2)
FNDA:6,(anonymous_3)
FNDA:6,(anonymous_4)
FNDA:6,(anonymous_5)
DA:8,6
DA:9,6
DA:10,6
DA:11,6
DA:12,6
DA:14,6
DA:15,6
DA:16,6
DA:17,6
DA:23,6
DA:24,6
DA:26,6
DA:27,6
DA:29,6
LF:14
LH:14
BRDA:17,0,0,6
BRDA:17,0,1,6
BRDA:17,0,2,6
BRDA:17,0,3,0
BRDA:24,1,0,6
BRDA:24,1,1,6
BRDA:24,1,2,0
BRF:7
BRH:5
end_of_record
TN:
SF:src/containers/hooks/useComponentWidthHeight.js
FN:3,useComponentWidth
FN:6,(anonymous_1)
FN:11,(anonymous_2)
FN:13,(anonymous_3)
FN:15,(anonymous_4)
FNF:5
FNH:5
FNDA:125,useComponentWidth
FNDA:78,(anonymous_1)
FNDA:125,(anonymous_2)
FNDA:125,(anonymous_3)
FNDA:78,(anonymous_4)
DA:3,125
DA:4,125
DA:5,125
DA:6,125
DA:7,78
DA:8,42
DA:11,125
DA:12,125
DA:13,125
DA:15,125
DA:16,78
DA:18,125
LF:12
LH:12
BRDA:7,0,0,42
BRDA:7,1,0,78
BRDA:7,1,1,78
BRDA:7,1,2,78
BRF:4
BRH:4
end_of_record
TN:
SF:src/containers/hooks/useScrollToTop.js
FN:4,useScrollToTop
FN:5,(anonymous_1)
FNF:2
FNH:2
FNDA:852,useScrollToTop
FNDA:630,(anonymous_1)
DA:5,852
DA:6,630
LF:2
LH:2
BRDA:6,0,0,630
BRDA:6,0,1,128
BRF:2
BRH:2
end_of_record
TN:
SF:src/containers/hooks/useWindowInnerHeight.js
FN:3,useWindowInnerHeight
FN:5,(anonymous_1)
FN:6,(anonymous_2)
FN:12,(anonymous_3)
FNF:4
FNH:3
FNDA:91,useWindowInnerHeight
FNDA:91,(anonymous_1)
FNDA:0,(anonymous_2)
FNDA:91,(anonymous_3)
DA:4,91
DA:5,91
DA:6,91
DA:7,0
DA:8,0
DA:11,91
DA:12,91
DA:14,91
LF:8
LH:6
BRDA:7,0,0,0
BRF:1
BRH:0
end_of_record
TN:
SF:src/containers/hooks/useHookFormPersist/HookFormPersistProvider.jsx
FN:7,HookFormPersistProvider
FN:10,(anonymous_2)
FN:7,(anonymous_3)
FNF:3
FNH:3
FNDA:726,HookFormPersistProvider
FNDA:258,(anonymous_2)
FNDA:12,(anonymous_3)
DA:7,726
DA:8,726
DA:9,726
DA:10,726
DA:11,258
DA:13,726
LF:6
LH:6
BRDA:13,0,0,468
BRDA:13,0,1,258
BRF:2
BRH:2
end_of_record
TN:
SF:src/containers/hooks/useHookFormPersist/hookFormPersistSlice.js
FN:12,(anonymous_0)
FN:14,(anonymous_1)
FN:28,(anonymous_2)
FN:34,(anonymous_3)
FN:36,(anonymous_4)
FN:44,(anonymous_5)
FN:47,(anonymous_6)
FN:50,(anonymous_7)
FN:53,(anonymous_8)
FN:56,(anonymous_9)
FN:58,(anonymous_10)
FN:63,(anonymous_11)
FN:66,(anonymous_12)
FN:70,(anonymous_13)
FN:73,(anonymous_14)
FN:76,(anonymous_15)
FN:79,(anonymous_16)
FN:82,(anonymous_17)
FN:106,(anonymous_18)
FN:108,(anonymous_19)
FN:112,(anonymous_20)
FN:114,(anonymous_21)
FNF:22
FNH:13
FNDA:216,(anonymous_0)
FNDA:1488,(anonymous_1)
FNDA:0,(anonymous_2)
FNDA:0,(anonymous_3)
FNDA:0,(anonymous_4)
FNDA:0,(anonymous_5)
FNDA:216,(anonymous_6)
FNDA:6,(anonymous_7)
FNDA:54,(anonymous_8)
FNDA:228,(anonymous_9)
FNDA:0,(anonymous_10)
FNDA:0,(anonymous_11)
FNDA:6,(anonymous_12)
FNDA:6,(anonymous_13)
FNDA:0,(anonymous_14)
FNDA:276,(anonymous_15)
FNDA:0,(anonymous_16)
FNDA:0,(anonymous_17)
FNDA:2050,(anonymous_18)
FNDA:7770,(anonymous_19)
FNDA:348,(anonymous_20)
FNDA:2533,(anonymous_21)
DA:5,24
DA:12,24
DA:13,216
DA:14,216
DA:15,1488
DA:16,6834
DA:17,1272
DA:18,5562
DA:20,2088
DA:23,1488
DA:25,216
DA:28,24
DA:29,0
DA:34,24
DA:35,0
DA:36,0
DA:40,24
DA:45,0
DA:48,216
DA:51,6
DA:54,54
DA:56,228
DA:59,0
DA:64,0
DA:67,6
DA:68,6
DA:71,6
DA:74,0
DA:77,276
DA:80,0
DA:83,0
DA:104,24
DA:106,24
DA:107,2050
DA:108,24
DA:109,7770
DA:110,24
DA:112,348
DA:114,24
DA:115,2533
LF:40
LH:31
BRDA:16,0,0,1272
BRDA:16,0,1,5562
BRDA:16,1,0,6834
BRDA:16,1,1,4860
BRDA:18,2,0,2088
BRDA:18,3,0,5562
BRDA:18,3,1,2508
BRDA:18,3,2,2478
BRDA:29,4,0,0
BRDA:29,4,1,0
BRF:10
BRH:8
end_of_record
TN:
SF:src/containers/hooks/useHookFormPersist/index.jsx
FN:15,useHookFormPersist
FN:15,(anonymous_1)
FN:19,(anonymous_2)
FN:25,(anonymous_3)
FN:31,(anonymous_4)
FN:32,(anonymous_5)
FN:56,(anonymous_6)
FN:15,(anonymous_7)
FN:74,(anonymous_8)
FNF:9
FNH:5
FNDA:1746,useHookFormPersist
FNDA:0,(anonymous_1)
FNDA:270,(anonymous_2)
FNDA:0,(anonymous_3)
FNDA:270,(anonymous_4)
FNDA:270,(anonymous_5)
FNDA:18,(anonymous_6)
FNDA:0,(anonymous_7)
FNDA:0,(anonymous_8)
DA:15,1746
DA:16,1746
DA:18,1746
DA:19,1746
DA:20,270
DA:21,60
DA:25,1746
DA:26,0
DA:29,1746
DA:30,1746
DA:31,1746
DA:32,270
DA:33,270
DA:34,270
DA:39,216
DA:40,216
DA:42,216
DA:43,216
DA:45,0
DA:46,0
DA:48,0
DA:49,0
DA:51,0
DA:54,54
DA:55,18
DA:56,18
DA:57,18
DA:58,18
DA:59,18
DA:60,18
DA:63,18
DA:65,36
DA:71,1746
DA:74,12
LF:34
LH:28
BRDA:15,0,0,0
BRDA:15,1,0,1644
BRDA:20,2,0,60
BRDA:33,3,0,0
BRDA:33,3,1,270
BRDA:34,4,0,216
BRDA:34,4,1,54
BRDA:36,5,0,270
BRDA:36,5,1,78
BRDA:40,6,0,216
BRDA:40,6,1,0
BRDA:40,6,2,0
BRDA:40,6,3,0
BRDA:54,7,0,18
BRDA:54,7,1,36
BRDA:57,8,0,18
BRDA:63,9,0,18
BRDA:63,9,1,12
BRDA:74,10,0,0
BRDA:74,10,1,0
BRDA:74,10,2,0
BRF:21
BRH:13
end_of_record
TN:
SF:src/containers/hooks/useHookFormPersist/utils.js
FN:3,(anonymous_0)
FN:4,(anonymous_1)
FN:11,(anonymous_2)
FN:22,(anonymous_3)
FNF:4
FNH:3
FNDA:6,(anonymous_0)
FNDA:6,(anonymous_1)
FNDA:258,(anonymous_2)
FNDA:0,(anonymous_3)
DA:3,6
DA:4,6
DA:5,6
DA:6,24
DA:11,6
DA:12,258
DA:13,258
DA:14,54
DA:15,204
DA:16,60
DA:17,234
DA:22,6
DA:23,0
DA:24,0
DA:25,0
DA:26,0
DA:27,0
DA:30,0
LF:18
LH:12
BRDA:13,0,0,54
BRDA:13,0,1,204
BRDA:13,1,0,258
BRDA:13,1,1,54
BRDA:15,2,0,60
BRDA:24,3,0,0
BRDA:24,3,1,0
BRDA:26,4,0,0
BRF:8
BRH:5
end_of_record
TN:
SF:src/containers/slice/taskSlice/cleaningTaskSlice.js
FN:19,(anonymous_0)
FN:23,(anonymous_1)
FN:26,(anonymous_2)
FN:29,(anonymous_3)
FN:35,(anonymous_4)
FN:65,(anonymous_5)
FN:68,(anonymous_6)
FN:75,(anonymous_7)
FNF:8
FNH:5
FNDA:90,(anonymous_0)
FNDA:0,(anonymous_1)
FNDA:126,(anonymous_2)
FNDA:90,(anonymous_3)
FNDA:180,(anonymous_4)
FNDA:0,(anonymous_5)
FNDA:5063,(anonymous_6)
FNDA:0,(anonymous_7)
DA:6,24
DA:19,24
DA:20,90
DA:23,24
DA:24,0
DA:26,24
DA:27,126
DA:29,90
DA:31,126
DA:34,24
DA:35,180
DA:38,24
DA:62,24
DA:65,24
DA:67,24
DA:68,5063
DA:71,24
DA:73,24
DA:76,0
LF:19
LH:17
BRF:0
BRH:0
end_of_record
TN:
SF:src/containers/slice/taskSlice/fieldWorkTaskSlice.js
FN:8,(anonymous_0)
FN:12,(anonymous_1)
FN:15,(anonymous_2)
FN:18,(anonymous_3)
FN:24,(anonymous_4)
FN:54,(anonymous_5)
FN:58,(anonymous_6)
FN:65,(anonymous_7)
FNF:8
FNH:5
FNDA:84,(anonymous_0)
FNDA:0,(anonymous_1)
FNDA:126,(anonymous_2)
FNDA:84,(anonymous_3)
FNDA:168,(anonymous_4)
FNDA:0,(anonymous_5)
FNDA:5063,(anonymous_6)
FNDA:0,(anonymous_7)
DA:6,24
DA:8,24
DA:9,84
DA:12,24
DA:13,0
DA:15,24
DA:16,126
DA:18,84
DA:20,126
DA:23,24
DA:24,168
DA:27,24
DA:51,24
DA:54,24
DA:55,0
DA:57,24
DA:58,5063
DA:61,24
DA:63,24
DA:66,0
LF:20
LH:17
BRF:0
BRH:0
end_of_record
TN:
SF:src/containers/slice/taskSlice/harvestTaskSlice.js
FN:16,(anonymous_0)
FN:20,(anonymous_1)
FN:23,(anonymous_2)
FN:26,(anonymous_3)
FN:32,(anonymous_4)
FN:62,(anonymous_5)
FN:65,(anonymous_6)
FN:72,(anonymous_7)
FNF:8
FNH:5
FNDA:66,(anonymous_0)
FNDA:0,(anonymous_1)
FNDA:126,(anonymous_2)
FNDA:66,(anonymous_3)
FNDA:132,(anonymous_4)
FNDA:0,(anonymous_5)
FNDA:5063,(anonymous_6)
FNDA:0,(anonymous_7)
DA:6,24
DA:16,24
DA:17,66
DA:20,24
DA:21,0
DA:23,24
DA:24,126
DA:26,66
DA:28,126
DA:31,24
DA:32,132
DA:35,24
DA:59,24
DA:62,24
DA:64,24
DA:65,5063
DA:68,24
DA:70,24
DA:73,0
LF:19
LH:17
BRF:0
BRH:0
end_of_record
TN:
SF:src/containers/slice/taskSlice/pestControlTaskSlice.js
FN:16,(anonymous_0)
FN:20,(anonymous_1)
FN:23,(anonymous_2)
FN:26,(anonymous_3)
FN:32,(anonymous_4)
FN:62,(anonymous_5)
FN:66,(anonymous_6)
FN:73,(anonymous_7)
FNF:8
FNH:5
FNDA:54,(anonymous_0)
FNDA:0,(anonymous_1)
FNDA:126,(anonymous_2)
FNDA:54,(anonymous_3)
FNDA:108,(anonymous_4)
FNDA:0,(anonymous_5)
FNDA:5063,(anonymous_6)
FNDA:0,(anonymous_7)
DA:6,24
DA:16,24
DA:17,54
DA:20,24
DA:21,0
DA:23,24
DA:24,126
DA:26,54
DA:28,126
DA:31,24
DA:32,108
DA:35,24
DA:59,24
DA:62,24
DA:63,0
DA:65,24
DA:66,5063
DA:69,24
DA:71,24
DA:74,0
LF:20
LH:17
BRF:0
BRH:0
end_of_record
TN:
SF:src/containers/slice/taskSlice/plantTaskSlice.js
FN:10,(anonymous_0)
FN:14,(anonymous_1)
FN:17,(anonymous_2)
FN:20,(anonymous_3)
FN:26,(anonymous_4)
FN:56,(anonymous_5)
FN:59,(anonymous_6)
FN:64,(anonymous_7)
FN:65,(anonymous_8)
FN:77,(anonymous_9)
FN:79,(anonymous_10)
FN:91,(anonymous_11)
FNF:12
FNH:9
FNDA:66,(anonymous_0)
FNDA:0,(anonymous_1)
FNDA:126,(anonymous_2)
FNDA:66,(anonymous_3)
FNDA:132,(anonymous_4)
FNDA:0,(anonymous_5)
FNDA:5063,(anonymous_6)
FNDA:254,(anonymous_7)
FNDA:254,(anonymous_8)
FNDA:35,(anonymous_9)
FNDA:29,(anonymous_10)
FNDA:0,(anonymous_11)
DA:8,24
DA:10,24
DA:11,66
DA:14,24
DA:15,0
DA:17,24
DA:18,126
DA:20,66
DA:22,126
DA:25,24
DA:26,132
DA:29,24
DA:53,24
DA:56,24
DA:58,24
DA:59,5063
DA:62,24
DA:65,254
DA:66,254
DA:67,211
DA:68,211
DA:75,24
DA:78,35
DA:80,29
DA:81,29
DA:82,29
DA:89,24
DA:92,0
LF:28
LH:26
BRF:0
BRH:0
end_of_record
TN:
SF:src/containers/slice/taskSlice/soilAmendmentTaskSlice.js
FN:15,(anonymous_0)
FN:19,(anonymous_1)
FN:22,(anonymous_2)
FN:25,(anonymous_3)
FN:31,(anonymous_4)
FN:61,(anonymous_5)
FN:65,(anonymous_6)
FN:72,(anonymous_7)
FNF:8
FNH:5
FNDA:42,(anonymous_0)
FNDA:0,(anonymous_1)
FNDA:126,(anonymous_2)
FNDA:42,(anonymous_3)
FNDA:84,(anonymous_4)
FNDA:0,(anonymous_5)
FNDA:5063,(anonymous_6)
FNDA:0,(anonymous_7)
DA:6,24
DA:15,24
DA:16,42
DA:19,24
DA:20,0
DA:22,24
DA:23,126
DA:25,42
DA:27,126
DA:30,24
DA:31,84
DA:34,24
DA:58,24
DA:61,24
DA:62,0
DA:64,24
DA:65,5063
DA:68,24
DA:70,24
DA:73,0
LF:20
LH:17
BRF:0
BRH:0
end_of_record
TN:
SF:src/containers/slice/taskSlice/transplantTaskSlice.js
FN:14,(anonymous_0)
FN:18,(anonymous_1)
FN:21,(anonymous_2)
FN:24,(anonymous_3)
FN:30,(anonymous_4)
FN:60,(anonymous_5)
FN:64,(anonymous_6)
FN:69,(anonymous_7)
FN:70,(anonymous_8)
FN:88,(anonymous_9)
FN:90,(anonymous_10)
FN:105,(anonymous_11)
FNF:12
FNH:9
FNDA:66,(anonymous_0)
FNDA:0,(anonymous_1)
FNDA:126,(anonymous_2)
FNDA:66,(anonymous_3)
FNDA:132,(anonymous_4)
FNDA:0,(anonymous_5)
FNDA:5063,(anonymous_6)
FNDA:254,(anonymous_7)
FNDA:254,(anonymous_8)
FNDA:35,(anonymous_9)
FNDA:29,(anonymous_10)
FNDA:0,(anonymous_11)
DA:8,24
DA:14,24
DA:15,66
DA:18,24
DA:19,0
DA:21,24
DA:22,126
DA:24,66
DA:26,126
DA:29,24
DA:30,132
DA:33,24
DA:57,24
DA:60,24
DA:61,0
DA:63,24
DA:64,5063
DA:67,24
DA:70,254
DA:71,254
DA:75,211
DA:76,211
DA:78,211
DA:86,24
DA:89,35
DA:91,29
DA:92,29
DA:93,29
DA:95,29
DA:96,29
DA:103,24
DA:106,0
LF:32
LH:29
BRDA:78,0,0,211
BRDA:78,0,1,211
BRDA:92,1,0,29
BRF:3
BRH:3
end_of_record
TN:
SF:src/locales/i18n.js
FNF:0
FNH:0
DA:7,24
LF:1
LH:1
BRF:0
BRH:0
end_of_record
TN:
SF:src/routes/Onboarding.jsx
FN:24,(anonymous_1)
FN:25,(anonymous_2)
FN:26,(anonymous_3)
FN:27,(anonymous_4)
FN:28,(anonymous_5)
FN:29,(anonymous_6)
FN:30,(anonymous_7)
FN:33,(anonymous_8)
FN:39,(anonymous_9)
FN:45,(anonymous_10)
FN:51,(anonymous_11)
FN:55,(anonymous_12)
FN:57,OnboardingFlow
FN:68,(anonymous_14)
FN:76,(anonymous_15)
FN:86,(anonymous_16)
FN:57,(anonymous_17)
FNF:17
FNH:14
FNDA:6,(anonymous_1)
FNDA:6,(anonymous_2)
FNDA:12,(anonymous_3)
FNDA:6,(anonymous_4)
FNDA:6,(anonymous_5)
FNDA:12,(anonymous_6)
FNDA:6,(anonymous_7)
FNDA:6,(anonymous_8)
FNDA:6,(anonymous_9)
FNDA:6,(anonymous_10)
FNDA:0,(anonymous_11)
FNDA:0,(anonymous_12)
FNDA:108,OnboardingFlow
FNDA:320,(anonymous_14)
FNDA:18,(anonymous_15)
FNDA:0,(anonymous_16)
FNDA:18,(anonymous_17)
DA:24,24
DA:25,24
DA:26,24
DA:27,24
DA:28,24
DA:29,24
DA:30,24
DA:31,6
DA:33,24
DA:34,6
DA:39,24
DA:40,6
DA:45,24
DA:46,6
DA:51,24
DA:52,0
DA:55,24
DA:57,24
DA:65,108
DA:66,108
DA:68,320
DA:71,108
DA:72,108
DA:76,18
DA:86,0
LF:25
LH:23
BRDA:80,0,0,108
BRDA:80,0,1,78
BRDA:81,1,0,108
BRDA:81,1,1,66
BRDA:81,1,2,66
BRDA:82,2,0,108
BRDA:82,2,1,0
BRDA:82,2,2,0
BRDA:89,3,0,108
BRDA:89,3,1,48
BRDA:92,4,0,108
BRDA:92,4,1,96
BRDA:92,4,2,36
BRDA:95,5,0,108
BRDA:95,5,1,96
BRDA:95,5,2,36
BRDA:102,6,0,108
BRDA:102,6,1,96
BRDA:102,6,2,36
BRDA:105,7,0,108
BRDA:105,7,1,96
BRDA:105,7,2,36
BRDA:108,8,0,108
BRDA:108,8,1,12
BRDA:112,9,0,108
BRDA:112,9,1,30
BRDA:113,10,0,108
BRDA:113,10,1,12
BRDA:113,10,2,0
BRDA:114,11,0,108
BRDA:114,11,1,30
BRDA:114,11,2,6
BRDA:115,12,0,108
BRDA:115,12,1,78
BRDA:115,12,2,30
BRDA:115,12,3,24
BRDA:116,13,0,108
BRDA:116,13,1,78
BRDA:116,13,2,12
BRDA:117,14,0,108
BRDA:117,14,1,66
BRDA:117,14,2,18
BRDA:118,15,0,108
BRDA:118,15,1,78
BRDA:118,15,2,48
BRDA:118,15,3,36
BRDA:121,16,0,108
BRDA:121,16,1,78
BRDA:121,16,2,12
BRDA:121,16,3,12
BRF:50
BRH:47
end_of_record
TN:
SF:src/store/actionTypes.js
FNF:0
FNH:0
DA:16,24
LF:1
LH:1
BRF:0
BRH:0
end_of_record
TN:
SF:src/store/getFromReduxStore.js
FN:3,(anonymous_0)
FN:7,(anonymous_1)
FN:14,(anonymous_2)
FNF:3
FNH:2
FNDA:48,(anonymous_0)
FNDA:0,(anonymous_1)
FNDA:48,(anonymous_2)
DA:3,24
DA:4,48
DA:7,24
DA:8,0
DA:9,0
DA:10,0
DA:11,0
DA:14,24
DA:15,48
DA:16,48
DA:17,48
DA:18,48
LF:12
LH:8
BRDA:7,0,0,0
BRDA:11,1,0,0
BRDA:11,1,1,0
BRDA:14,2,0,48
BRDA:18,3,0,48
BRDA:18,3,1,0
BRF:6
BRH:2
end_of_record
TN:
SF:src/store/reducer.js
FN:252,(anonymous_0)
FNF:1
FNH:1
FNDA:11621,(anonymous_0)
DA:88,24
DA:98,24
DA:106,24
DA:115,24
DA:126,24
DA:137,24
DA:148,24
DA:155,24
DA:206,24
DA:210,24
DA:220,24
DA:230,24
DA:252,24
DA:253,11621
DA:255,0
DA:256,0
DA:258,11621
DA:260,0
DA:263,11621
LF:19
LH:16
BRDA:253,0,0,0
BRDA:253,1,0,11621
BRDA:253,1,1,11597
BRDA:258,2,0,0
BRF:4
BRH:2
end_of_record
TN:
SF:src/store/sagaMiddleware.js
FNF:0
FNH:0
DA:3,24
LF:1
LH:1
BRF:0
BRH:0
end_of_record
TN:
SF:src/store/store.js
FN:17,(anonymous_0)
FN:28,(anonymous_1)
FNF:2
FNH:1
FNDA:24,(anonymous_0)
FNDA:0,(anonymous_1)
DA:8,24
DA:13,24
DA:14,24
DA:15,24
DA:17,24
DA:28,24
DA:29,0
DA:31,24
LF:8
LH:7
BRF:0
BRH:0
end_of_record
TN:
SF:src/util/constants.js
FNF:0
FNH:0
DA:1,24
DA:2,24
DA:5,24
DA:8,24
LF:4
LH:4
BRF:0
BRH:0
end_of_record
TN:
SF:src/util/device.js
FN:3,(anonymous_0)
FNF:1
FNH:0
FNDA:0,(anonymous_0)
DA:1,6
DA:3,6
DA:4,0
LF:3
LH:2
BRF:0
BRH:0
end_of_record
TN:
SF:src/util/getArrayWithUniqueValues.js
FN:1,getArrayWithUniqueValues
FN:2,(anonymous_1)
FNF:2
FNH:0
FNDA:0,getArrayWithUniqueValues
FNDA:0,(anonymous_1)
DA:2,0
LF:1
LH:0
BRF:0
BRH:0
end_of_record
TN:
SF:src/util/getLanguageFromLocalStorage.js
FN:1,(anonymous_0)
FNF:1
FNH:1
FNDA:4945,(anonymous_0)
DA:1,24
DA:2,4945
DA:3,4945
LF:3
LH:3
BRDA:3,0,0,0
BRDA:3,0,1,4945
BRF:2
BRH:1
end_of_record
TN:
SF:src/util/grabCurrencySymbol.js
FN:4,grabCurrencySymbol
FNF:1
FNH:1
FNDA:48,grabCurrencySymbol
DA:5,48
DA:6,48
DA:8,0
LF:3
LH:2
BRDA:4,0,0,0
BRDA:5,1,0,48
BRDA:5,1,1,0
BRDA:5,2,0,48
BRDA:5,2,1,48
BRF:5
BRH:3
end_of_record
TN:
SF:src/util/index.js
FN:23,(anonymous_0)
FN:28,(anonymous_1)
FN:33,(anonymous_2)
FN:42,(anonymous_3)
FN:50,(anonymous_4)
FN:54,(anonymous_5)
FN:58,(anonymous_6)
FN:72,(anonymous_7)
FN:77,(anonymous_8)
FN:81,(anonymous_9)
FN:85,(anonymous_10)
FN:89,(anonymous_11)
FN:92,(anonymous_12)
FN:102,(anonymous_13)
FN:119,(anonymous_14)
FN:121,(anonymous_15)
FN:122,(anonymous_16)
FNF:17
FNH:6
FNDA:0,(anonymous_0)
FNDA:0,(anonymous_1)
FNDA:0,(anonymous_2)
FNDA:0,(anonymous_3)
FNDA:0,(anonymous_4)
FNDA:0,(anonymous_5)
FNDA:0,(anonymous_6)
FNDA:12,(anonymous_7)
FNDA:0,(anonymous_8)
FNDA:0,(anonymous_9)
FNDA:0,(anonymous_10)
FNDA:0,(anonymous_11)
FNDA:12,(anonymous_12)
FNDA:1032,(anonymous_13)
FNDA:1830,(anonymous_14)
FNDA:54,(anonymous_15)
FNDA:270,(anonymous_16)
DA:19,24
DA:23,24
DA:24,0
DA:25,0
DA:28,24
DA:29,0
DA:33,24
DA:34,0
DA:35,0
DA:36,0
DA:38,0
DA:42,24
DA:43,0
DA:44,0
DA:45,0
DA:47,0
DA:50,24
DA:51,0
DA:54,24
DA:55,0
DA:58,24
DA:66,0
DA:72,24
DA:73,12
DA:74,12
DA:77,24
DA:78,0
DA:81,24
DA:82,0
DA:85,24
DA:86,0
DA:89,24
DA:90,0
DA:92,24
DA:93,12
DA:94,0
DA:96,12
DA:97,12
DA:98,12
DA:99,12
DA:102,24
DA:103,1032
DA:104,1032
DA:105,1032
DA:106,1032
DA:107,1032
DA:108,1032
DA:110,1032
DA:116,1032
DA:119,1830
DA:121,24
DA:122,54
DA:123,270
DA:124,54
DA:125,0
DA:127,54
DA:128,216
DA:129,30
DA:131,186
LF:59
LH:39
BRDA:29,0,0,0
BRDA:29,0,1,0
BRDA:29,1,0,0
BRDA:29,1,1,0
BRDA:29,1,2,0
BRDA:34,2,0,0
BRDA:43,3,0,0
BRDA:66,4,0,0
BRDA:66,4,1,0
BRDA:67,5,0,0
BRDA:67,5,1,0
BRDA:68,6,0,0
BRDA:68,6,1,0
BRDA:74,7,0,12
BRDA:74,7,1,0
BRDA:77,8,0,0
BRDA:81,9,0,0
BRDA:85,10,0,0
BRDA:86,11,0,0
BRDA:86,11,1,0
BRDA:89,12,0,0
BRDA:90,13,0,0
BRDA:90,13,1,0
BRDA:93,14,0,0
BRDA:98,15,0,0
BRDA:98,15,1,12
BRDA:98,16,0,12
BRDA:98,16,1,0
BRDA:110,17,0,1032
BRDA:110,17,1,1032
BRDA:110,17,2,1032
BRDA:110,17,3,1032
BRDA:110,17,4,1032
BRDA:110,17,5,0
BRDA:123,18,0,54
BRDA:123,18,1,216
BRDA:123,19,0,270
BRDA:123,19,1,120
BRDA:124,20,0,0
BRDA:124,21,0,54
BRDA:124,21,1,0
BRDA:128,22,0,30
BRDA:128,23,0,216
BRDA:128,23,1,66
BRF:44
BRH:16
end_of_record
TN:
SF:src/util/jwt.js
FN:4,(anonymous_0)
FN:7,(anonymous_1)
FN:10,(anonymous_2)
FN:11,(anonymous_3)
FNF:4
FNH:2
FNDA:1265,(anonymous_0)
FNDA:0,(anonymous_1)
FNDA:1265,(anonymous_2)
FNDA:0,(anonymous_3)
DA:4,24
DA:5,1265
DA:7,24
DA:8,0
DA:10,1265
DA:11,24
DA:12,0
DA:13,0
DA:14,0
LF:9
LH:5
BRF:0
BRH:0
end_of_record
TN:
SF:src/util/moment.js
FN:9,(anonymous_0)
FN:16,(anonymous_1)
FN:24,(anonymous_2)
FN:32,(anonymous_3)
FN:43,(anonymous_4)
FN:53,(anonymous_5)
FN:61,(anonymous_6)
FN:64,(anonymous_7)
FN:67,(anonymous_8)
FN:70,(anonymous_9)
FN:73,(anonymous_10)
FNF:11
FNH:6
FNDA:935,(anonymous_0)
FNDA:0,(anonymous_1)
FNDA:0,(anonymous_2)
FNDA:0,(anonymous_3)
FNDA:36,(anonymous_4)
FNDA:222,(anonymous_5)
FNDA:12,(anonymous_6)
FNDA:696,(anonymous_7)
FNDA:3612,(anonymous_8)
FNDA:0,(anonymous_9)
FNDA:0,(anonymous_10)
DA:9,935
DA:16,24
DA:24,24
DA:32,24
DA:33,0
DA:43,24
DA:44,36
DA:53,24
DA:54,222
DA:61,24
DA:62,12
DA:64,24
DA:65,696
DA:67,24
DA:68,3612
DA:70,24
DA:71,0
DA:73,24
LF:18
LH:16
BRDA:43,0,0,36
BRDA:43,1,0,36
BRDA:44,2,0,36
BRDA:44,2,1,0
BRDA:53,3,0,222
BRF:5
BRH:4
end_of_record
TN:
SF:src/util/pick.ts
FN:1,(anonymous_0)
FNF:1
FNH:1
FNDA:51464,(anonymous_0)
DA:1,24
DA:2,51464
DA:3,51464
DA:4,2902530
DA:5,1159676
DA:8,51464
LF:6
LH:6
BRDA:1,0,0,0
BRDA:1,1,0,0
BRDA:4,2,0,1159676
BRF:3
BRH:1
end_of_record
TN:
SF:src/util/sensor.js
FN:24,(anonymous_0)
FN:25,(anonymous_1)
FN:41,(anonymous_2)
FN:45,(anonymous_3)
FN:64,(anonymous_4)
FNF:5
FNH:0
FNDA:0,(anonymous_0)
FNDA:0,(anonymous_1)
FNDA:0,(anonymous_2)
FNDA:0,(anonymous_3)
FNDA:0,(anonymous_4)
DA:24,6
DA:25,0
DA:26,0
DA:32,0
DA:41,6
DA:42,0
DA:43,0
DA:44,0
DA:45,0
DA:46,0
DA:47,0
DA:48,0
DA:50,0
DA:52,0
DA:53,0
DA:54,0
DA:64,6
DA:65,0
DA:67,0
DA:69,0
DA:70,0
DA:72,0
DA:73,0
DA:75,0
DA:76,0
DA:78,0
DA:80,0
DA:83,0
DA:84,0
DA:85,0
DA:86,0
DA:89,6
LF:32
LH:4
BRDA:27,0,0,0
BRDA:27,0,1,0
BRDA:28,1,0,0
BRDA:28,1,1,0
BRDA:29,2,0,0
BRDA:29,2,1,0
BRDA:30,3,0,0
BRDA:30,3,1,0
BRDA:43,4,0,0
BRDA:46,5,0,0
BRDA:46,5,1,0
BRDA:64,6,0,0
BRDA:67,7,0,0
BRDA:67,7,1,0
BRDA:67,7,2,0
BRDA:67,7,3,0
BRF:16
BRH:0
end_of_record
TN:
SF:src/util/convert-units/convert.ts
FN:3,(anonymous_0)
FNF:1
FNH:1
FNDA:3350,(anonymous_0)
DA:3,3350
LF:1
LH:1
BRDA:3,0,0,3350
BRDA:3,0,1,456
BRF:2
BRH:2
end_of_record
TN:
SF:src/util/convert-units/unit.js
FN:300,(anonymous_0)
FN:330,(anonymous_1)
FN:332,(anonymous_2)
FNF:3
FNH:2
FNDA:162,(anonymous_0)
FNDA:264,(anonymous_1)
FNDA:0,(anonymous_2)
DA:4,12
DA:5,12
DA:9,12
DA:18,12
DA:32,12
DA:46,12
DA:60,12
DA:74,12
DA:88,12
DA:102,12
DA:116,12
DA:130,12
DA:144,12
DA:158,12
DA:172,12
DA:186,12
DA:200,12
DA:214,12
DA:228,12
DA:244,12
DA:258,12
DA:272,12
DA:286,12
DA:300,12
DA:301,162
DA:304,36
DA:305,36
DA:307,36
DA:308,36
DA:309,36
DA:310,36
DA:311,18
DA:312,18
DA:316,18
DA:319,18
DA:320,18
DA:324,18
DA:326,126
DA:330,264
DA:332,12
DA:333,0
DA:334,0
DA:335,0
DA:336,0
LF:44
LH:40
BRDA:300,0,0,0
BRDA:301,1,0,36
BRDA:301,1,1,126
BRDA:305,2,0,36
BRDA:305,2,1,0
BRDA:307,3,0,18
BRDA:307,3,1,18
BRDA:310,4,0,18
BRDA:313,5,0,0
BRDA:313,5,1,18
BRDA:321,6,0,0
BRDA:321,6,1,18
BRDA:333,7,0,0
BRDA:333,8,0,0
BRDA:333,8,1,0
BRDA:334,9,0,0
BRDA:334,10,0,0
BRDA:334,10,1,0
BRDA:335,11,0,0
BRDA:335,12,0,0
BRDA:335,12,1,0
BRF:21
BRH:8
end_of_record
